{"devicePlatform":"","logFolder":"C:\\Users\\Andrew_Dpp\\git\\234project-katalon\\Reports\\Test Suite for Login Test Case 3\\20180430_215209","runData":{"hostName":"Andrew_Dpp - Andrew_Dpp-PC","os":"Windows 7 64bit","katalonVersion":"5.3.1.1","browser":"Chrome 65.0.3325.181","hostAddress":"192.168.1.9","sessionId":"58585b3cf2310ee2de90dbe14cfbcbff","seleniumVersion":"3.7.1","proxyInformation":"ProxyInformation{proxyOption\u003dNO_PROXY, proxyServerType\u003dHTTP, password\u003d, proxyServerAddress\u003d, proxyServerPort\u003d0}","platform":"Windows 7"},"type":"TEST_SUITE","name":"Test Suite for Login Test Case 3","id":"Test Suites/Test Suite for Login Test Case 3","source":"","message":"Test Cases/Login Test Case 3 FAILED because (of) Verify element text of test object \u0027Object Repository/Login/Login Fail 2/usernameNotification\u0027 FAILED. (Root cause: com.kms.katalon.core.webui.exception.WebElementNotFoundException: Web element with id: \u0027Object Repository/Login/Login Fail 2/usernameNotification\u0027 located by \u0027By.xpath: /html/body/app-root/app-login/div/form/div[1]/label[2]\u0027 not found)","description":"","startTime":1525099931816,"endTime":1525100159270,"childRecords":[{"isOptional":false,"type":"TEST_CASE","name":"Test Cases/Login Test Case 3","id":"Test Cases/Login Test Case 3","source":"C:\\\\Users\\\\Andrew_Dpp\\\\git\\\\234project-katalon\\\\Test Cases\\\\Login Test Case 3.tc","message":"Test Cases/Login Test Case 3 FAILED because (of) Verify element text of test object \u0027Object Repository/Login/Login Fail 2/usernameNotification\u0027 FAILED. (Root cause: com.kms.katalon.core.webui.exception.WebElementNotFoundException: Web element with id: \u0027Object Repository/Login/Login Fail 2/usernameNotification\u0027 located by \u0027By.xpath: /html/body/app-root/app-login/div/form/div[1]/label[2]\u0027 not found)","description":"","startTime":1525099932530,"endTime":1525100009487,"childRecords":[{"testStatus":{"stackTrace":"","statusValue":"INFO"},"type":"MESSAGE","name":"","message":"Evaluating variables for test case","startTime":1525099932640,"endTime":0,"childRecords":[],"interuppted":false},{"testStatus":{"stackTrace":"","statusValue":"INFO"},"type":"MESSAGE","name":"","message":"Variable \u0027username\u0027 is set to a","startTime":1525099932672,"endTime":0,"childRecords":[],"interuppted":false},{"index":1,"isIgnoredIfFailed":false,"type":"TEST_STEP","name":"openBrowser","message":"Browser is opened with url: \u0027\u0027","description":"","startTime":1525099933442,"endTime":1525099937766,"childRecords":[{"testStatus":{"stackTrace":"","statusValue":"PASSED"},"type":"MESSAGE","name":"","message":"Browser is opened with url: \u0027\u0027","startTime":1525099937764,"endTime":0,"childRecords":[],"interuppted":false}],"interuppted":false},{"index":2,"isIgnoredIfFailed":false,"type":"TEST_STEP","name":"navigateToUrl","message":"Navigate to \u0027http://18.188.55.188:8085/\u0027 successfully","description":"","startTime":1525099937767,"endTime":1525099946124,"childRecords":[{"testStatus":{"stackTrace":"","statusValue":"PASSED"},"type":"MESSAGE","name":"","message":"Navigate to \u0027http://18.188.55.188:8085/\u0027 successfully","startTime":1525099946123,"endTime":0,"childRecords":[],"interuppted":false}],"interuppted":false},{"index":3,"isIgnoredIfFailed":false,"type":"TEST_STEP","name":"setText","message":"Text \u0027u\u0027 is set on object \u0027Object Repository/Login/Login Fail 2/input_username\u0027","description":"","startTime":1525099946126,"endTime":1525099946567,"childRecords":[{"testStatus":{"stackTrace":"","statusValue":"PASSED"},"type":"MESSAGE","name":"","message":"Text \u0027u\u0027 is set on object \u0027Object Repository/Login/Login Fail 2/input_username\u0027","startTime":1525099946556,"endTime":0,"childRecords":[],"interuppted":false}],"interuppted":false},{"index":4,"isIgnoredIfFailed":false,"type":"TEST_STEP","name":"Statement - driver \u003d com.kms.katalon.core.webui.driver.DriverFactory.getWebDriver()","description":"","startTime":1525099946568,"endTime":1525099946597,"childRecords":[],"interuppted":false},{"index":5,"isIgnoredIfFailed":false,"type":"TEST_STEP","name":"sendKeys","message":"Keys \u0027BACK_SPACE + \u0027 sent to object: \u0027Object Repository/Login/Login Fail 2/input_username\u0027","description":"","startTime":1525099946598,"endTime":1525099946794,"childRecords":[{"testStatus":{"stackTrace":"","statusValue":"PASSED"},"type":"MESSAGE","name":"","message":"Keys \u0027BACK_SPACE + \u0027 sent to object: \u0027Object Repository/Login/Login Fail 2/input_username\u0027","startTime":1525099946792,"endTime":0,"childRecords":[],"interuppted":false}],"interuppted":false},{"index":6,"isIgnoredIfFailed":false,"type":"TEST_STEP","name":"waitForElementPresent","message":"Object \u0027Object Repository/Login/Login Fail 2/usernameNotification\u0027 is not present after 0 second(s)","description":"","startTime":1525099946796,"endTime":1525099977803,"childRecords":[{"testStatus":{"stackTrace":"","statusValue":"WARNING"},"type":"MESSAGE","name":"","message":"Timeout \u00270\u0027 is invalid. Using default page load timeout: \u002730\u0027","startTime":1525099946873,"endTime":0,"childRecords":[],"interuppted":false},{"testStatus":{"stackTrace":"","statusValue":"WARNING"},"type":"MESSAGE","name":"","message":"Object \u0027Object Repository/Login/Login Fail 2/usernameNotification\u0027 is not present after 0 second(s)","startTime":1525099977801,"endTime":0,"childRecords":[],"interuppted":false}],"interuppted":false},{"attachment":"1525100009191.png","index":7,"isIgnoredIfFailed":false,"type":"TEST_STEP","name":"verifyElementText","message":"Verify element text of test object \u0027Object Repository/Login/Login Fail 2/usernameNotification\u0027 FAILED. (Root cause: com.kms.katalon.core.webui.exception.WebElementNotFoundException: Web element with id: \u0027Object Repository/Login/Login Fail 2/usernameNotification\u0027 located by \u0027By.xpath: /html/body/app-root/app-login/div/form/div[1]/label[2]\u0027 not found)","description":"","startTime":1525099977804,"endTime":1525100009476,"childRecords":[{"testStatus":{"stackTrace":"","statusValue":"FAILED"},"attachment":"1525100008841.png","type":"MESSAGE","name":"","message":"com.kms.katalon.core.webui.exception.WebElementNotFoundException: Web element with id: \u0027Object Repository/Login/Login Fail 2/usernameNotification\u0027 located by \u0027By.xpath: /html/body/app-root/app-login/div/form/div[1]/label[2]\u0027 not found","startTime":1525100009190,"endTime":0,"childRecords":[],"interuppted":false},{"testStatus":{"stackTrace":"","statusValue":"FAILED"},"attachment":"1525100009191.png","type":"MESSAGE","name":"","message":"Verify element text of test object \u0027Object Repository/Login/Login Fail 2/usernameNotification\u0027 FAILED. (Root cause: com.kms.katalon.core.webui.exception.WebElementNotFoundException: Web element with id: \u0027Object Repository/Login/Login Fail 2/usernameNotification\u0027 located by \u0027By.xpath: /html/body/app-root/app-login/div/form/div[1]/label[2]\u0027 not found)","startTime":1525100009475,"endTime":0,"childRecords":[],"interuppted":false}],"interuppted":false},{"testStatus":{"stackTrace":"","statusValue":"FAILED"},"type":"MESSAGE","name":"","message":"Test Cases/Login Test Case 3 FAILED because (of) Verify element text of test object \u0027Object Repository/Login/Login Fail 2/usernameNotification\u0027 FAILED. (Root cause: com.kms.katalon.core.webui.exception.WebElementNotFoundException: Web element with id: \u0027Object Repository/Login/Login Fail 2/usernameNotification\u0027 located by \u0027By.xpath: /html/body/app-root/app-login/div/form/div[1]/label[2]\u0027 not found)","startTime":1525100009483,"endTime":0,"childRecords":[],"interuppted":false}],"interuppted":false},{"isOptional":false,"type":"TEST_CASE","name":"Test Cases/Login Test Case 3","id":"Test Cases/Login Test Case 3","source":"C:\\\\Users\\\\Andrew_Dpp\\\\git\\\\234project-katalon\\\\Test Cases\\\\Login Test Case 3.tc","message":"Test Cases/Login Test Case 3 FAILED because (of) Verify element text of test object \u0027Object Repository/Login/Login Fail 2/usernameNotification\u0027 FAILED. (Root cause: com.kms.katalon.core.webui.exception.WebElementNotFoundException: Web element with id: \u0027Object Repository/Login/Login Fail 2/usernameNotification\u0027 located by \u0027By.xpath: /html/body/app-root/app-login/div/form/div[1]/label[2]\u0027 not found)","description":"","startTime":1525100009495,"endTime":1525100084945,"childRecords":[{"testStatus":{"stackTrace":"","statusValue":"INFO"},"type":"MESSAGE","name":"","message":"Evaluating variables for test case","startTime":1525100009579,"endTime":0,"childRecords":[],"interuppted":false},{"testStatus":{"stackTrace":"","statusValue":"INFO"},"type":"MESSAGE","name":"","message":"Variable \u0027username\u0027 is set to h","startTime":1525100009580,"endTime":0,"childRecords":[],"interuppted":false},{"index":1,"isIgnoredIfFailed":false,"type":"TEST_STEP","name":"openBrowser","message":"Browser is opened with url: \u0027\u0027","description":"","startTime":1525100009583,"endTime":1525100012568,"childRecords":[{"testStatus":{"stackTrace":"","statusValue":"WARNING"},"type":"MESSAGE","name":"","message":"A browser is already opened. Closing browser and opening a new one","startTime":1525100009585,"endTime":0,"childRecords":[],"interuppted":false},{"testStatus":{"stackTrace":"","statusValue":"PASSED"},"type":"MESSAGE","name":"","message":"Browser is opened with url: \u0027\u0027","startTime":1525100012567,"endTime":0,"childRecords":[],"interuppted":false}],"interuppted":false},{"index":2,"isIgnoredIfFailed":false,"type":"TEST_STEP","name":"navigateToUrl","message":"Navigate to \u0027http://18.188.55.188:8085/\u0027 successfully","description":"","startTime":1525100012568,"endTime":1525100022062,"childRecords":[{"testStatus":{"stackTrace":"","statusValue":"PASSED"},"type":"MESSAGE","name":"","message":"Navigate to \u0027http://18.188.55.188:8085/\u0027 successfully","startTime":1525100022056,"endTime":0,"childRecords":[],"interuppted":false}],"interuppted":false},{"index":3,"isIgnoredIfFailed":false,"type":"TEST_STEP","name":"setText","message":"Text \u0027u\u0027 is set on object \u0027Object Repository/Login/Login Fail 2/input_username\u0027","description":"","startTime":1525100022065,"endTime":1525100022318,"childRecords":[{"testStatus":{"stackTrace":"","statusValue":"PASSED"},"type":"MESSAGE","name":"","message":"Text \u0027u\u0027 is set on object \u0027Object Repository/Login/Login Fail 2/input_username\u0027","startTime":1525100022317,"endTime":0,"childRecords":[],"interuppted":false}],"interuppted":false},{"index":4,"isIgnoredIfFailed":false,"type":"TEST_STEP","name":"Statement - driver \u003d com.kms.katalon.core.webui.driver.DriverFactory.getWebDriver()","description":"","startTime":1525100022319,"endTime":1525100022320,"childRecords":[],"interuppted":false},{"index":5,"isIgnoredIfFailed":false,"type":"TEST_STEP","name":"sendKeys","message":"Keys \u0027BACK_SPACE + \u0027 sent to object: \u0027Object Repository/Login/Login Fail 2/input_username\u0027","description":"","startTime":1525100022321,"endTime":1525100022413,"childRecords":[{"testStatus":{"stackTrace":"","statusValue":"PASSED"},"type":"MESSAGE","name":"","message":"Keys \u0027BACK_SPACE + \u0027 sent to object: \u0027Object Repository/Login/Login Fail 2/input_username\u0027","startTime":1525100022412,"endTime":0,"childRecords":[],"interuppted":false}],"interuppted":false},{"index":6,"isIgnoredIfFailed":false,"type":"TEST_STEP","name":"waitForElementPresent","message":"Object \u0027Object Repository/Login/Login Fail 2/usernameNotification\u0027 is not present after 0 second(s)","description":"","startTime":1525100022413,"endTime":1525100053269,"childRecords":[{"testStatus":{"stackTrace":"","statusValue":"WARNING"},"type":"MESSAGE","name":"","message":"Timeout \u00270\u0027 is invalid. Using default page load timeout: \u002730\u0027","startTime":1525100022422,"endTime":0,"childRecords":[],"interuppted":false},{"testStatus":{"stackTrace":"","statusValue":"WARNING"},"type":"MESSAGE","name":"","message":"Object \u0027Object Repository/Login/Login Fail 2/usernameNotification\u0027 is not present after 0 second(s)","startTime":1525100053269,"endTime":0,"childRecords":[],"interuppted":false}],"interuppted":false},{"attachment":"1525100084656.png","index":7,"isIgnoredIfFailed":false,"type":"TEST_STEP","name":"verifyElementText","message":"Verify element text of test object \u0027Object Repository/Login/Login Fail 2/usernameNotification\u0027 FAILED. (Root cause: com.kms.katalon.core.webui.exception.WebElementNotFoundException: Web element with id: \u0027Object Repository/Login/Login Fail 2/usernameNotification\u0027 located by \u0027By.xpath: /html/body/app-root/app-login/div/form/div[1]/label[2]\u0027 not found)","description":"","startTime":1525100053270,"endTime":1525100084941,"childRecords":[{"testStatus":{"stackTrace":"","statusValue":"FAILED"},"attachment":"1525100084311.png","type":"MESSAGE","name":"","message":"com.kms.katalon.core.webui.exception.WebElementNotFoundException: Web element with id: \u0027Object Repository/Login/Login Fail 2/usernameNotification\u0027 located by \u0027By.xpath: /html/body/app-root/app-login/div/form/div[1]/label[2]\u0027 not found","startTime":1525100084655,"endTime":0,"childRecords":[],"interuppted":false},{"testStatus":{"stackTrace":"","statusValue":"FAILED"},"attachment":"1525100084656.png","type":"MESSAGE","name":"","message":"Verify element text of test object \u0027Object Repository/Login/Login Fail 2/usernameNotification\u0027 FAILED. (Root cause: com.kms.katalon.core.webui.exception.WebElementNotFoundException: Web element with id: \u0027Object Repository/Login/Login Fail 2/usernameNotification\u0027 located by \u0027By.xpath: /html/body/app-root/app-login/div/form/div[1]/label[2]\u0027 not found)","startTime":1525100084937,"endTime":0,"childRecords":[],"interuppted":false}],"interuppted":false},{"testStatus":{"stackTrace":"","statusValue":"FAILED"},"type":"MESSAGE","name":"","message":"Test Cases/Login Test Case 3 FAILED because (of) Verify element text of test object \u0027Object Repository/Login/Login Fail 2/usernameNotification\u0027 FAILED. (Root cause: com.kms.katalon.core.webui.exception.WebElementNotFoundException: Web element with id: \u0027Object Repository/Login/Login Fail 2/usernameNotification\u0027 located by \u0027By.xpath: /html/body/app-root/app-login/div/form/div[1]/label[2]\u0027 not found)","startTime":1525100084943,"endTime":0,"childRecords":[],"interuppted":false}],"interuppted":false},{"isOptional":false,"type":"TEST_CASE","name":"Test Cases/Login Test Case 3","id":"Test Cases/Login Test Case 3","source":"C:\\\\Users\\\\Andrew_Dpp\\\\git\\\\234project-katalon\\\\Test Cases\\\\Login Test Case 3.tc","message":"Test Cases/Login Test Case 3 FAILED because (of) Verify element text of test object \u0027Object Repository/Login/Login Fail 2/usernameNotification\u0027 FAILED. (Root cause: com.kms.katalon.core.webui.exception.WebElementNotFoundException: Web element with id: \u0027Object Repository/Login/Login Fail 2/usernameNotification\u0027 located by \u0027By.xpath: /html/body/app-root/app-login/div/form/div[1]/label[2]\u0027 not found)","description":"","startTime":1525100084955,"endTime":1525100158560,"childRecords":[{"testStatus":{"stackTrace":"","statusValue":"INFO"},"type":"MESSAGE","name":"","message":"Evaluating variables for test case","startTime":1525100084978,"endTime":0,"childRecords":[],"interuppted":false},{"testStatus":{"stackTrace":"","statusValue":"INFO"},"type":"MESSAGE","name":"","message":"Variable \u0027username\u0027 is set to u","startTime":1525100084979,"endTime":0,"childRecords":[],"interuppted":false},{"index":1,"isIgnoredIfFailed":false,"type":"TEST_STEP","name":"openBrowser","message":"Browser is opened with url: \u0027\u0027","description":"","startTime":1525100084982,"endTime":1525100088013,"childRecords":[{"testStatus":{"stackTrace":"","statusValue":"WARNING"},"type":"MESSAGE","name":"","message":"A browser is already opened. Closing browser and opening a new one","startTime":1525100084983,"endTime":0,"childRecords":[],"interuppted":false},{"testStatus":{"stackTrace":"","statusValue":"PASSED"},"type":"MESSAGE","name":"","message":"Browser is opened with url: \u0027\u0027","startTime":1525100088012,"endTime":0,"childRecords":[],"interuppted":false}],"interuppted":false},{"index":2,"isIgnoredIfFailed":false,"type":"TEST_STEP","name":"navigateToUrl","message":"Navigate to \u0027http://18.188.55.188:8085/\u0027 successfully","description":"","startTime":1525100088013,"endTime":1525100095813,"childRecords":[{"testStatus":{"stackTrace":"","statusValue":"PASSED"},"type":"MESSAGE","name":"","message":"Navigate to \u0027http://18.188.55.188:8085/\u0027 successfully","startTime":1525100095812,"endTime":0,"childRecords":[],"interuppted":false}],"interuppted":false},{"index":3,"isIgnoredIfFailed":false,"type":"TEST_STEP","name":"setText","message":"Text \u0027u\u0027 is set on object \u0027Object Repository/Login/Login Fail 2/input_username\u0027","description":"","startTime":1525100095813,"endTime":1525100096047,"childRecords":[{"testStatus":{"stackTrace":"","statusValue":"PASSED"},"type":"MESSAGE","name":"","message":"Text \u0027u\u0027 is set on object \u0027Object Repository/Login/Login Fail 2/input_username\u0027","startTime":1525100096046,"endTime":0,"childRecords":[],"interuppted":false}],"interuppted":false},{"index":4,"isIgnoredIfFailed":false,"type":"TEST_STEP","name":"Statement - driver \u003d com.kms.katalon.core.webui.driver.DriverFactory.getWebDriver()","description":"","startTime":1525100096047,"endTime":1525100096048,"childRecords":[],"interuppted":false},{"index":5,"isIgnoredIfFailed":false,"type":"TEST_STEP","name":"sendKeys","message":"Keys \u0027BACK_SPACE + \u0027 sent to object: \u0027Object Repository/Login/Login Fail 2/input_username\u0027","description":"","startTime":1525100096048,"endTime":1525100096143,"childRecords":[{"testStatus":{"stackTrace":"","statusValue":"PASSED"},"type":"MESSAGE","name":"","message":"Keys \u0027BACK_SPACE + \u0027 sent to object: \u0027Object Repository/Login/Login Fail 2/input_username\u0027","startTime":1525100096143,"endTime":0,"childRecords":[],"interuppted":false}],"interuppted":false},{"index":6,"isIgnoredIfFailed":false,"type":"TEST_STEP","name":"waitForElementPresent","message":"Object \u0027Object Repository/Login/Login Fail 2/usernameNotification\u0027 is not present after 0 second(s)","description":"","startTime":1525100096144,"endTime":1525100127024,"childRecords":[{"testStatus":{"stackTrace":"","statusValue":"WARNING"},"type":"MESSAGE","name":"","message":"Timeout \u00270\u0027 is invalid. Using default page load timeout: \u002730\u0027","startTime":1525100096151,"endTime":0,"childRecords":[],"interuppted":false},{"testStatus":{"stackTrace":"","statusValue":"WARNING"},"type":"MESSAGE","name":"","message":"Object \u0027Object Repository/Login/Login Fail 2/usernameNotification\u0027 is not present after 0 second(s)","startTime":1525100127023,"endTime":0,"childRecords":[],"interuppted":false}],"interuppted":false},{"attachment":"1525100158264.png","index":7,"isIgnoredIfFailed":false,"type":"TEST_STEP","name":"verifyElementText","message":"Verify element text of test object \u0027Object Repository/Login/Login Fail 2/usernameNotification\u0027 FAILED. (Root cause: com.kms.katalon.core.webui.exception.WebElementNotFoundException: Web element with id: \u0027Object Repository/Login/Login Fail 2/usernameNotification\u0027 located by \u0027By.xpath: /html/body/app-root/app-login/div/form/div[1]/label[2]\u0027 not found)","description":"","startTime":1525100127025,"endTime":1525100158557,"childRecords":[{"testStatus":{"stackTrace":"","statusValue":"FAILED"},"attachment":"1525100157924.png","type":"MESSAGE","name":"","message":"com.kms.katalon.core.webui.exception.WebElementNotFoundException: Web element with id: \u0027Object Repository/Login/Login Fail 2/usernameNotification\u0027 located by \u0027By.xpath: /html/body/app-root/app-login/div/form/div[1]/label[2]\u0027 not found","startTime":1525100158263,"endTime":0,"childRecords":[],"interuppted":false},{"testStatus":{"stackTrace":"","statusValue":"FAILED"},"attachment":"1525100158264.png","type":"MESSAGE","name":"","message":"Verify element text of test object \u0027Object Repository/Login/Login Fail 2/usernameNotification\u0027 FAILED. (Root cause: com.kms.katalon.core.webui.exception.WebElementNotFoundException: Web element with id: \u0027Object Repository/Login/Login Fail 2/usernameNotification\u0027 located by \u0027By.xpath: /html/body/app-root/app-login/div/form/div[1]/label[2]\u0027 not found)","startTime":1525100158556,"endTime":0,"childRecords":[],"interuppted":false}],"interuppted":false},{"testStatus":{"stackTrace":"","statusValue":"FAILED"},"type":"MESSAGE","name":"","message":"Test Cases/Login Test Case 3 FAILED because (of) Verify element text of test object \u0027Object Repository/Login/Login Fail 2/usernameNotification\u0027 FAILED. (Root cause: com.kms.katalon.core.webui.exception.WebElementNotFoundException: Web element with id: \u0027Object Repository/Login/Login Fail 2/usernameNotification\u0027 located by \u0027By.xpath: /html/body/app-root/app-login/div/form/div[1]/label[2]\u0027 not found)","startTime":1525100158558,"endTime":0,"childRecords":[],"interuppted":false}],"interuppted":false}],"interuppted":false}