<?xml version="1.0" encoding="UTF-8"?>
<testsuites name="Test Suite for Login Test Case 3" time="227" tests="0" failures="3" errors="0">
   <testsuite name="Test Suite for Login Test Case 3" tests="0" failures="3" errors="0" time="227" timestamp="2018-04-30 21:52:11" hostname="Andrew_Dpp - Andrew_Dpp-PC" id="Test Suites/Test Suite for Login Test Case 3">
      <properties>
         <property name="deviceName" value=""/>
         <property name="devicePlatform" value=""/>
         <property name="logFolder" value="C:\\Users\\Andrew_Dpp\\git\\234project-katalon\\Reports\\Test Suite for Login Test Case 3\\20180430_215209"/>
         <property name="logFiles" value="C:\\Users\\Andrew_Dpp\\git\\234project-katalon\\Reports\\Test Suite for Login Test Case 3\\20180430_215209\\execution0.log"/>
         <property name="attachments" value="C:\\Users\\Andrew_Dpp\\git\\234project-katalon\\Reports\\Test Suite for Login Test Case 3\\20180430_215209\\1525100008841.png, C:\\Users\\Andrew_Dpp\\git\\234project-katalon\\Reports\\Test Suite for Login Test Case 3\\20180430_215209\\1525100009191.png, C:\\Users\\Andrew_Dpp\\git\\234project-katalon\\Reports\\Test Suite for Login Test Case 3\\20180430_215209\\1525100084311.png, C:\\Users\\Andrew_Dpp\\git\\234project-katalon\\Reports\\Test Suite for Login Test Case 3\\20180430_215209\\1525100084656.png, C:\\Users\\Andrew_Dpp\\git\\234project-katalon\\Reports\\Test Suite for Login Test Case 3\\20180430_215209\\1525100157924.png, C:\\Users\\Andrew_Dpp\\git\\234project-katalon\\Reports\\Test Suite for Login Test Case 3\\20180430_215209\\1525100158264.png"/>
         <property name="hostName" value="Andrew_Dpp - Andrew_Dpp-PC"/>
         <property name="os" value="Windows 7 64bit"/>
         <property name="katalonVersion" value="5.3.1.1"/>
         <property name="browser" value="Chrome 65.0.3325.181"/>
         <property name="hostAddress" value="192.168.1.9"/>
         <property name="sessionId" value="58585b3cf2310ee2de90dbe14cfbcbff"/>
         <property name="seleniumVersion" value="3.7.1"/>
         <property name="proxyInformation" value="ProxyInformation{proxyOption=NO_PROXY, proxyServerType=HTTP, password=, proxyServerAddress=, proxyServerPort=0}"/>
         <property name="platform" value="Windows 7"/>
      </properties>
      <testcase name="Test Cases/Login Test Case 3" classname="Test Cases/Login Test Case 3" status="FAILED">
         <failure type="FAILED" message="Verify element text of test object 'Object Repository/Login/Login Fail 2/usernameNotification' FAILED. (Root cause: com.kms.katalon.core.webui.exception.WebElementNotFoundException: Web element with id: 'Object Repository/Login/Login Fail 2/usernameNotification' located by 'By.xpath: /html/body/app-root/app-login/div/form/div[1]/label[2]' not found)"/>
         <system-out><![CDATA[2018-04-30 21:52:12 - [TEST_CASE][FAILED] - Test Cases/Login Test Case 3: Test Cases/Login Test Case 3 FAILED because (of) Verify element text of test object 'Object Repository/Login/Login Fail 2/usernameNotification' FAILED. (Root cause: com.kms.katalon.core.webui.exception.WebElementNotFoundException: Web element with id: 'Object Repository/Login/Login Fail 2/usernameNotification' located by 'By.xpath: /html/body/app-root/app-login/div/form/div[1]/label[2]' not found)

2018-04-30 21:52:13 - [TEST_STEP][PASSED] - openBrowser: Browser is opened with url: ''

2018-04-30 21:52:17 - [MESSAGE][PASSED] - Browser is opened with url: ''

2018-04-30 21:52:17 - [TEST_STEP][PASSED] - navigateToUrl: Navigate to 'http://18.188.55.188:8085/' successfully

2018-04-30 21:52:26 - [MESSAGE][PASSED] - Navigate to 'http://18.188.55.188:8085/' successfully

2018-04-30 21:52:26 - [TEST_STEP][PASSED] - setText: Text 'u' is set on object 'Object Repository/Login/Login Fail 2/input_username'

2018-04-30 21:52:26 - [MESSAGE][PASSED] - Text 'u' is set on object 'Object Repository/Login/Login Fail 2/input_username'

2018-04-30 21:52:26 - [TEST_STEP][PASSED] - Statement - driver = com.kms.katalon.core.webui.driver.DriverFactory.getWebDriver(): null

2018-04-30 21:52:26 - [TEST_STEP][PASSED] - sendKeys: Keys 'BACK_SPACE + ' sent to object: 'Object Repository/Login/Login Fail 2/input_username'

2018-04-30 21:52:26 - [MESSAGE][PASSED] - Keys 'BACK_SPACE + ' sent to object: 'Object Repository/Login/Login Fail 2/input_username'

2018-04-30 21:52:26 - [TEST_STEP][PASSED] - waitForElementPresent: Object 'Object Repository/Login/Login Fail 2/usernameNotification' is not present after 0 second(s)

2018-04-30 21:52:26 - [MESSAGE][WARNING] - Timeout '0' is invalid. Using default page load timeout: '30'

2018-04-30 21:52:57 - [MESSAGE][WARNING] - Object 'Object Repository/Login/Login Fail 2/usernameNotification' is not present after 0 second(s)

2018-04-30 21:52:57 - [TEST_STEP][FAILED] - verifyElementText: Verify element text of test object 'Object Repository/Login/Login Fail 2/usernameNotification' FAILED. (Root cause: com.kms.katalon.core.webui.exception.WebElementNotFoundException: Web element with id: 'Object Repository/Login/Login Fail 2/usernameNotification' located by 'By.xpath: /html/body/app-root/app-login/div/form/div[1]/label[2]' not found)

2018-04-30 21:53:29 - [MESSAGE][FAILED] - com.kms.katalon.core.webui.exception.WebElementNotFoundException: Web element with id: 'Object Repository/Login/Login Fail 2/usernameNotification' located by 'By.xpath: /html/body/app-root/app-login/div/form/div[1]/label[2]' not found
[[ATTACHMENT|C:\\Users\\Andrew_Dpp\\git\\234project-katalon\\Reports\\Test Suite for Login Test Case 3\\20180430_215209\\1525100008841.png]]

2018-04-30 21:53:29 - [MESSAGE][FAILED] - Verify element text of test object 'Object Repository/Login/Login Fail 2/usernameNotification' FAILED. (Root cause: com.kms.katalon.core.webui.exception.WebElementNotFoundException: Web element with id: 'Object Repository/Login/Login Fail 2/usernameNotification' located by 'By.xpath: /html/body/app-root/app-login/div/form/div[1]/label[2]' not found)
[[ATTACHMENT|C:\\Users\\Andrew_Dpp\\git\\234project-katalon\\Reports\\Test Suite for Login Test Case 3\\20180430_215209\\1525100009191.png]]]]></system-out>
         <system-err><![CDATA[2018-04-30 21:52:12 - [TEST_CASE][FAILED] - Test Cases/Login Test Case 3: Test Cases/Login Test Case 3 FAILED because (of) Verify element text of test object 'Object Repository/Login/Login Fail 2/usernameNotification' FAILED. (Root cause: com.kms.katalon.core.webui.exception.WebElementNotFoundException: Web element with id: 'Object Repository/Login/Login Fail 2/usernameNotification' located by 'By.xpath: /html/body/app-root/app-login/div/form/div[1]/label[2]' not found)]]></system-err>
      </testcase>
      <testcase name="Test Cases/Login Test Case 3" classname="Test Cases/Login Test Case 3" status="FAILED">
         <failure type="FAILED" message="Verify element text of test object 'Object Repository/Login/Login Fail 2/usernameNotification' FAILED. (Root cause: com.kms.katalon.core.webui.exception.WebElementNotFoundException: Web element with id: 'Object Repository/Login/Login Fail 2/usernameNotification' located by 'By.xpath: /html/body/app-root/app-login/div/form/div[1]/label[2]' not found)"/>
         <system-out><![CDATA[2018-04-30 21:53:29 - [TEST_CASE][FAILED] - Test Cases/Login Test Case 3: Test Cases/Login Test Case 3 FAILED because (of) Verify element text of test object 'Object Repository/Login/Login Fail 2/usernameNotification' FAILED. (Root cause: com.kms.katalon.core.webui.exception.WebElementNotFoundException: Web element with id: 'Object Repository/Login/Login Fail 2/usernameNotification' located by 'By.xpath: /html/body/app-root/app-login/div/form/div[1]/label[2]' not found)

2018-04-30 21:53:29 - [TEST_STEP][PASSED] - openBrowser: Browser is opened with url: ''

2018-04-30 21:53:29 - [MESSAGE][WARNING] - A browser is already opened. Closing browser and opening a new one

2018-04-30 21:53:32 - [MESSAGE][PASSED] - Browser is opened with url: ''

2018-04-30 21:53:32 - [TEST_STEP][PASSED] - navigateToUrl: Navigate to 'http://18.188.55.188:8085/' successfully

2018-04-30 21:53:42 - [MESSAGE][PASSED] - Navigate to 'http://18.188.55.188:8085/' successfully

2018-04-30 21:53:42 - [TEST_STEP][PASSED] - setText: Text 'u' is set on object 'Object Repository/Login/Login Fail 2/input_username'

2018-04-30 21:53:42 - [MESSAGE][PASSED] - Text 'u' is set on object 'Object Repository/Login/Login Fail 2/input_username'

2018-04-30 21:53:42 - [TEST_STEP][PASSED] - Statement - driver = com.kms.katalon.core.webui.driver.DriverFactory.getWebDriver(): null

2018-04-30 21:53:42 - [TEST_STEP][PASSED] - sendKeys: Keys 'BACK_SPACE + ' sent to object: 'Object Repository/Login/Login Fail 2/input_username'

2018-04-30 21:53:42 - [MESSAGE][PASSED] - Keys 'BACK_SPACE + ' sent to object: 'Object Repository/Login/Login Fail 2/input_username'

2018-04-30 21:53:42 - [TEST_STEP][PASSED] - waitForElementPresent: Object 'Object Repository/Login/Login Fail 2/usernameNotification' is not present after 0 second(s)

2018-04-30 21:53:42 - [MESSAGE][WARNING] - Timeout '0' is invalid. Using default page load timeout: '30'

2018-04-30 21:54:13 - [MESSAGE][WARNING] - Object 'Object Repository/Login/Login Fail 2/usernameNotification' is not present after 0 second(s)

2018-04-30 21:54:13 - [TEST_STEP][FAILED] - verifyElementText: Verify element text of test object 'Object Repository/Login/Login Fail 2/usernameNotification' FAILED. (Root cause: com.kms.katalon.core.webui.exception.WebElementNotFoundException: Web element with id: 'Object Repository/Login/Login Fail 2/usernameNotification' located by 'By.xpath: /html/body/app-root/app-login/div/form/div[1]/label[2]' not found)

2018-04-30 21:54:44 - [MESSAGE][FAILED] - com.kms.katalon.core.webui.exception.WebElementNotFoundException: Web element with id: 'Object Repository/Login/Login Fail 2/usernameNotification' located by 'By.xpath: /html/body/app-root/app-login/div/form/div[1]/label[2]' not found
[[ATTACHMENT|C:\\Users\\Andrew_Dpp\\git\\234project-katalon\\Reports\\Test Suite for Login Test Case 3\\20180430_215209\\1525100084311.png]]

2018-04-30 21:54:44 - [MESSAGE][FAILED] - Verify element text of test object 'Object Repository/Login/Login Fail 2/usernameNotification' FAILED. (Root cause: com.kms.katalon.core.webui.exception.WebElementNotFoundException: Web element with id: 'Object Repository/Login/Login Fail 2/usernameNotification' located by 'By.xpath: /html/body/app-root/app-login/div/form/div[1]/label[2]' not found)
[[ATTACHMENT|C:\\Users\\Andrew_Dpp\\git\\234project-katalon\\Reports\\Test Suite for Login Test Case 3\\20180430_215209\\1525100084656.png]]]]></system-out>
         <system-err><![CDATA[2018-04-30 21:53:29 - [TEST_CASE][FAILED] - Test Cases/Login Test Case 3: Test Cases/Login Test Case 3 FAILED because (of) Verify element text of test object 'Object Repository/Login/Login Fail 2/usernameNotification' FAILED. (Root cause: com.kms.katalon.core.webui.exception.WebElementNotFoundException: Web element with id: 'Object Repository/Login/Login Fail 2/usernameNotification' located by 'By.xpath: /html/body/app-root/app-login/div/form/div[1]/label[2]' not found)]]></system-err>
      </testcase>
      <testcase name="Test Cases/Login Test Case 3" classname="Test Cases/Login Test Case 3" status="FAILED">
         <failure type="FAILED" message="Verify element text of test object 'Object Repository/Login/Login Fail 2/usernameNotification' FAILED. (Root cause: com.kms.katalon.core.webui.exception.WebElementNotFoundException: Web element with id: 'Object Repository/Login/Login Fail 2/usernameNotification' located by 'By.xpath: /html/body/app-root/app-login/div/form/div[1]/label[2]' not found)"/>
         <system-out><![CDATA[2018-04-30 21:54:44 - [TEST_CASE][FAILED] - Test Cases/Login Test Case 3: Test Cases/Login Test Case 3 FAILED because (of) Verify element text of test object 'Object Repository/Login/Login Fail 2/usernameNotification' FAILED. (Root cause: com.kms.katalon.core.webui.exception.WebElementNotFoundException: Web element with id: 'Object Repository/Login/Login Fail 2/usernameNotification' located by 'By.xpath: /html/body/app-root/app-login/div/form/div[1]/label[2]' not found)

2018-04-30 21:54:44 - [TEST_STEP][PASSED] - openBrowser: Browser is opened with url: ''

2018-04-30 21:54:44 - [MESSAGE][WARNING] - A browser is already opened. Closing browser and opening a new one

2018-04-30 21:54:48 - [MESSAGE][PASSED] - Browser is opened with url: ''

2018-04-30 21:54:48 - [TEST_STEP][PASSED] - navigateToUrl: Navigate to 'http://18.188.55.188:8085/' successfully

2018-04-30 21:54:55 - [MESSAGE][PASSED] - Navigate to 'http://18.188.55.188:8085/' successfully

2018-04-30 21:54:55 - [TEST_STEP][PASSED] - setText: Text 'u' is set on object 'Object Repository/Login/Login Fail 2/input_username'

2018-04-30 21:54:56 - [MESSAGE][PASSED] - Text 'u' is set on object 'Object Repository/Login/Login Fail 2/input_username'

2018-04-30 21:54:56 - [TEST_STEP][PASSED] - Statement - driver = com.kms.katalon.core.webui.driver.DriverFactory.getWebDriver(): null

2018-04-30 21:54:56 - [TEST_STEP][PASSED] - sendKeys: Keys 'BACK_SPACE + ' sent to object: 'Object Repository/Login/Login Fail 2/input_username'

2018-04-30 21:54:56 - [MESSAGE][PASSED] - Keys 'BACK_SPACE + ' sent to object: 'Object Repository/Login/Login Fail 2/input_username'

2018-04-30 21:54:56 - [TEST_STEP][PASSED] - waitForElementPresent: Object 'Object Repository/Login/Login Fail 2/usernameNotification' is not present after 0 second(s)

2018-04-30 21:54:56 - [MESSAGE][WARNING] - Timeout '0' is invalid. Using default page load timeout: '30'

2018-04-30 21:55:27 - [MESSAGE][WARNING] - Object 'Object Repository/Login/Login Fail 2/usernameNotification' is not present after 0 second(s)

2018-04-30 21:55:27 - [TEST_STEP][FAILED] - verifyElementText: Verify element text of test object 'Object Repository/Login/Login Fail 2/usernameNotification' FAILED. (Root cause: com.kms.katalon.core.webui.exception.WebElementNotFoundException: Web element with id: 'Object Repository/Login/Login Fail 2/usernameNotification' located by 'By.xpath: /html/body/app-root/app-login/div/form/div[1]/label[2]' not found)

2018-04-30 21:55:58 - [MESSAGE][FAILED] - com.kms.katalon.core.webui.exception.WebElementNotFoundException: Web element with id: 'Object Repository/Login/Login Fail 2/usernameNotification' located by 'By.xpath: /html/body/app-root/app-login/div/form/div[1]/label[2]' not found
[[ATTACHMENT|C:\\Users\\Andrew_Dpp\\git\\234project-katalon\\Reports\\Test Suite for Login Test Case 3\\20180430_215209\\1525100157924.png]]

2018-04-30 21:55:58 - [MESSAGE][FAILED] - Verify element text of test object 'Object Repository/Login/Login Fail 2/usernameNotification' FAILED. (Root cause: com.kms.katalon.core.webui.exception.WebElementNotFoundException: Web element with id: 'Object Repository/Login/Login Fail 2/usernameNotification' located by 'By.xpath: /html/body/app-root/app-login/div/form/div[1]/label[2]' not found)
[[ATTACHMENT|C:\\Users\\Andrew_Dpp\\git\\234project-katalon\\Reports\\Test Suite for Login Test Case 3\\20180430_215209\\1525100158264.png]]]]></system-out>
         <system-err><![CDATA[2018-04-30 21:54:44 - [TEST_CASE][FAILED] - Test Cases/Login Test Case 3: Test Cases/Login Test Case 3 FAILED because (of) Verify element text of test object 'Object Repository/Login/Login Fail 2/usernameNotification' FAILED. (Root cause: com.kms.katalon.core.webui.exception.WebElementNotFoundException: Web element with id: 'Object Repository/Login/Login Fail 2/usernameNotification' located by 'By.xpath: /html/body/app-root/app-login/div/form/div[1]/label[2]' not found)]]></system-err>
      </testcase>
      <system-out><![CDATA[2018-04-30 21:52:11 - [TEST_SUITE][FAILED] - Test Suite for Login Test Case 3: Test Cases/Login Test Case 3 FAILED because (of) Verify element text of test object 'Object Repository/Login/Login Fail 2/usernameNotification' FAILED. (Root cause: com.kms.katalon.core.webui.exception.WebElementNotFoundException: Web element with id: 'Object Repository/Login/Login Fail 2/usernameNotification' located by 'By.xpath: /html/body/app-root/app-login/div/form/div[1]/label[2]' not found)]]></system-out>
      <system-err><![CDATA[2018-04-30 21:52:11 - [TEST_SUITE][FAILED] - Test Suite for Login Test Case 3: Test Cases/Login Test Case 3 FAILED because (of) Verify element text of test object 'Object Repository/Login/Login Fail 2/usernameNotification' FAILED. (Root cause: com.kms.katalon.core.webui.exception.WebElementNotFoundException: Web element with id: 'Object Repository/Login/Login Fail 2/usernameNotification' located by 'By.xpath: /html/body/app-root/app-login/div/form/div[1]/label[2]' not found)]]></system-err>
   </testsuite>
</testsuites>
