<?xml version="1.0" encoding="UTF-8"?>
<testsuites name="Test Suite for User Test Case 3" time="58" tests="0" failures="1" errors="0">
   <testsuite name="Test Suite for User Test Case 3" tests="0" failures="1" errors="0" time="58" timestamp="2018-04-30 20:13:20" hostname="Andrew_Dpp - Andrew_Dpp-PC" id="Test Suites/Test Suite for User Test Case 3">
      <properties>
         <property name="deviceName" value=""/>
         <property name="devicePlatform" value=""/>
         <property name="logFolder" value="C:\\Users\\Andrew_Dpp\\git\\234project-katalon\\Reports\\Test Suite for User Test Case 3\\20180430_201316"/>
         <property name="logFiles" value="C:\\Users\\Andrew_Dpp\\git\\234project-katalon\\Reports\\Test Suite for User Test Case 3\\20180430_201316\\execution0.log"/>
         <property name="attachments" value="C:\\Users\\Andrew_Dpp\\git\\234project-katalon\\Reports\\Test Suite for User Test Case 3\\20180430_201316\\1525094057493.png"/>
         <property name="hostName" value="Andrew_Dpp - Andrew_Dpp-PC"/>
         <property name="os" value="Windows 7 64bit"/>
         <property name="katalonVersion" value="5.3.1.1"/>
         <property name="browser" value="Chrome 65.0.3325.181"/>
         <property name="hostAddress" value="192.168.1.9"/>
         <property name="sessionId" value="ec1193c8e1be87c2ef0931278a5f08b0"/>
         <property name="seleniumVersion" value="3.7.1"/>
         <property name="proxyInformation" value="ProxyInformation{proxyOption=NO_PROXY, proxyServerType=HTTP, password=, proxyServerAddress=, proxyServerPort=0}"/>
         <property name="platform" value="Windows 7"/>
      </properties>
      <testcase name="Test Cases/User Test Case 3" classname="Test Cases/User Test Case 3" status="FAILED">
         <failure type="FAILED" message="Unable to set text '1' of object 'Object Repository/User/User Cart/input_amount1' (Root cause: com.kms.katalon.core.webui.exception.WebElementNotFoundException: Web element with id: 'Object Repository/User/User Cart/input_amount1' located by 'By.xpath: //*[@id=&quot;add-row&quot;]/div/table/tbody/tr[1]/td[3]/div/input[count(. | //input[@name = 'amount' and @type = 'text']) = count(//input[@name = 'amount' and @type = 'text'])]' not found)"/>
         <system-out><![CDATA[2018-04-30 20:13:21 - [TEST_CASE][FAILED] - Test Cases/User Test Case 3: Test Cases/User Test Case 3 FAILED because (of) Unable to set text '1' of object 'Object Repository/User/User Cart/input_amount1' (Root cause: com.kms.katalon.core.webui.exception.WebElementNotFoundException: Web element with id: 'Object Repository/User/User Cart/input_amount1' located by 'By.xpath: //*[@id="add-row"]/div/table/tbody/tr[1]/td[3]/div/input[count(. | //input[@name = 'amount' and @type = 'text']) = count(//input[@name = 'amount' and @type = 'text'])]' not found)

2018-04-30 20:13:22 - [TEST_STEP][PASSED] - openBrowser: Browser is opened with url: ''

2018-04-30 20:13:27 - [MESSAGE][PASSED] - Browser is opened with url: ''

2018-04-30 20:13:27 - [TEST_STEP][PASSED] - navigateToUrl: Navigate to 'http://18.188.55.188:8085/' successfully

2018-04-30 20:13:39 - [MESSAGE][PASSED] - Navigate to 'http://18.188.55.188:8085/' successfully

2018-04-30 20:13:39 - [TEST_STEP][PASSED] - setText: Text 'hello' is set on object 'Object Repository/User/User Cart/input_username'

2018-04-30 20:13:39 - [MESSAGE][PASSED] - Text 'hello' is set on object 'Object Repository/User/User Cart/input_username'

2018-04-30 20:13:39 - [TEST_STEP][PASSED] - setText: Text 'hello' is set on object 'Object Repository/User/User Cart/input_password'

2018-04-30 20:13:40 - [MESSAGE][PASSED] - Text 'hello' is set on object 'Object Repository/User/User Cart/input_password'

2018-04-30 20:13:40 - [TEST_STEP][PASSED] - click: Object: 'Object Repository/User/User Cart/button_Login' is clicked on

2018-04-30 20:13:42 - [MESSAGE][PASSED] - Object: 'Object Repository/User/User Cart/button_Login' is clicked on

2018-04-30 20:13:42 - [TEST_STEP][PASSED] - Statement - driver = com.kms.katalon.core.webui.driver.DriverFactory.getWebDriver(): null

2018-04-30 20:13:42 - [TEST_STEP][PASSED] - waitForElementPresent: Object 'Object Repository/User/User Cart/add to cart1' is present

2018-04-30 20:13:42 - [MESSAGE][WARNING] - Timeout '0' is invalid. Using default page load timeout: '30'

2018-04-30 20:13:43 - [MESSAGE][PASSED] - Object 'Object Repository/User/User Cart/add to cart1' is present

2018-04-30 20:13:43 - [TEST_STEP][PASSED] - Statement - products = driver.findElement(org.openqa.selenium.By.xpath("/html/body/app-root/app-product-list/div/div[2]/div")): null

2018-04-30 20:13:44 - [TEST_STEP][PASSED] - Statement - productList = products.findElements(org.openqa.selenium.By.className("farmer-card")): null

2018-04-30 20:13:44 - [TEST_STEP][PASSED] - Statement - println(productList.size()): null

2018-04-30 20:13:44 - [TEST_STEP][PASSED] - Statement - variables = new java.util.ArrayList(): null

2018-04-30 20:13:44 - [TEST_STEP][PASSED] - Statement - variables.add(input_amount1): null

2018-04-30 20:13:44 - [TEST_STEP][PASSED] - Statement - variables.add(input_amount2): null

2018-04-30 20:13:44 - [TEST_STEP][PASSED] - Statement - variables.add(input_amount3): null

2018-04-30 20:13:44 - [TEST_STEP][PASSED] - Statement - variables.add(input_amount4): null

2018-04-30 20:13:44 - [TEST_STEP][PASSED] - Statement - variables.add(input_amount5): null

2018-04-30 20:13:44 - [TEST_STEP][PASSED] - Statement - prices = new java.util.ArrayList(): null

2018-04-30 20:13:44 - [TEST_STEP][PASSED] - Statement - prices.add(20000): null

2018-04-30 20:13:44 - [TEST_STEP][PASSED] - Statement - prices.add(150): null

2018-04-30 20:13:44 - [TEST_STEP][PASSED] - Statement - prices.add(280): null

2018-04-30 20:13:44 - [TEST_STEP][PASSED] - Statement - prices.add(12): null

2018-04-30 20:13:44 - [TEST_STEP][PASSED] - Statement - prices.add(20): null

2018-04-30 20:13:44 - [TEST_STEP][PASSED] - Statement - totalPrices = new java.util.ArrayList(): null

2018-04-30 20:13:44 - [TEST_STEP][FAILED] - Statement - For (def i : (1..productList.size())): Unable to set text '1' of object 'Object Repository/User/User Cart/input_amount1' (Root cause: com.kms.katalon.core.webui.exception.WebElementNotFoundException: Web element with id: 'Object Repository/User/User Cart/input_amount1' located by 'By.xpath: //*[@id="add-row"]/div/table/tbody/tr[1]/td[3]/div/input[count(. | //input[@name = 'amount' and @type = 'text']) = count(//input[@name = 'amount' and @type = 'text'])]' not found)

2018-04-30 20:13:44 - [TEST_STEP][PASSED] - Statement - totalPrice = 0: null

2018-04-30 20:13:44 - [TEST_STEP][PASSED] - Statement - For (def j : (1..i)): Object: 'Object Repository/User/User Cart/add to cart1' is clicked on

2018-04-30 20:13:44 - [TEST_STEP][PASSED] - click: Object: 'Object Repository/User/User Cart/add to cart1' is clicked on

2018-04-30 20:13:45 - [MESSAGE][PASSED] - Object: 'Object Repository/User/User Cart/add to cart1' is clicked on

2018-04-30 20:13:45 - [TEST_STEP][FAILED] - Statement - For (def k : (0..(i - 1))): Unable to set text '1' of object 'Object Repository/User/User Cart/input_amount1' (Root cause: com.kms.katalon.core.webui.exception.WebElementNotFoundException: Web element with id: 'Object Repository/User/User Cart/input_amount1' located by 'By.xpath: //*[@id="add-row"]/div/table/tbody/tr[1]/td[3]/div/input[count(. | //input[@name = 'amount' and @type = 'text']) = count(//input[@name = 'amount' and @type = 'text'])]' not found)

2018-04-30 20:13:45 - [TEST_STEP][FAILED] - setText: Unable to set text '1' of object 'Object Repository/User/User Cart/input_amount1' (Root cause: com.kms.katalon.core.webui.exception.WebElementNotFoundException: Web element with id: 'Object Repository/User/User Cart/input_amount1' located by 'By.xpath: //*[@id="add-row"]/div/table/tbody/tr[1]/td[3]/div/input[count(. | //input[@name = 'amount' and @type = 'text']) = count(//input[@name = 'amount' and @type = 'text'])]' not found)

2018-04-30 20:14:18 - [MESSAGE][FAILED] - Unable to set text '1' of object 'Object Repository/User/User Cart/input_amount1' (Root cause: com.kms.katalon.core.webui.exception.WebElementNotFoundException: Web element with id: 'Object Repository/User/User Cart/input_amount1' located by 'By.xpath: //*[@id="add-row"]/div/table/tbody/tr[1]/td[3]/div/input[count(. | //input[@name = 'amount' and @type = 'text']) = count(//input[@name = 'amount' and @type = 'text'])]' not found)
[[ATTACHMENT|C:\\Users\\Andrew_Dpp\\git\\234project-katalon\\Reports\\Test Suite for User Test Case 3\\20180430_201316\\1525094057493.png]]]]></system-out>
         <system-err><![CDATA[2018-04-30 20:13:21 - [TEST_CASE][FAILED] - Test Cases/User Test Case 3: Test Cases/User Test Case 3 FAILED because (of) Unable to set text '1' of object 'Object Repository/User/User Cart/input_amount1' (Root cause: com.kms.katalon.core.webui.exception.WebElementNotFoundException: Web element with id: 'Object Repository/User/User Cart/input_amount1' located by 'By.xpath: //*[@id="add-row"]/div/table/tbody/tr[1]/td[3]/div/input[count(. | //input[@name = 'amount' and @type = 'text']) = count(//input[@name = 'amount' and @type = 'text'])]' not found)]]></system-err>
      </testcase>
      <system-out><![CDATA[2018-04-30 20:13:20 - [TEST_SUITE][FAILED] - Test Suite for User Test Case 3: Test Cases/User Test Case 3 FAILED because (of) Unable to set text '1' of object 'Object Repository/User/User Cart/input_amount1' (Root cause: com.kms.katalon.core.webui.exception.WebElementNotFoundException: Web element with id: 'Object Repository/User/User Cart/input_amount1' located by 'By.xpath: //*[@id="add-row"]/div/table/tbody/tr[1]/td[3]/div/input[count(. | //input[@name = 'amount' and @type = 'text']) = count(//input[@name = 'amount' and @type = 'text'])]' not found)]]></system-out>
      <system-err><![CDATA[2018-04-30 20:13:20 - [TEST_SUITE][FAILED] - Test Suite for User Test Case 3: Test Cases/User Test Case 3 FAILED because (of) Unable to set text '1' of object 'Object Repository/User/User Cart/input_amount1' (Root cause: com.kms.katalon.core.webui.exception.WebElementNotFoundException: Web element with id: 'Object Repository/User/User Cart/input_amount1' located by 'By.xpath: //*[@id="add-row"]/div/table/tbody/tr[1]/td[3]/div/input[count(. | //input[@name = 'amount' and @type = 'text']) = count(//input[@name = 'amount' and @type = 'text'])]' not found)]]></system-err>
   </testsuite>
</testsuites>
