<?xml version="1.0" encoding="UTF-8"?>
<testsuites name="Test Suite for Login Test Case 1" time="55" tests="0" failures="3" errors="0">
   <testsuite name="Test Suite for Login Test Case 1" tests="0" failures="3" errors="0" time="55" timestamp="2018-04-27 21:31:20" hostname="Andrew_Dpp - Andrew_Dpp-PC" id="Test Suites/Test Suite for Login Test Case 1">
      <properties>
         <property name="deviceName" value=""/>
         <property name="devicePlatform" value=""/>
         <property name="logFolder" value="C:\\Users\\Andrew_Dpp\\git\\234project-katalon\\Reports\\Test Suite for Login Test Case 1\\20180427_213117"/>
         <property name="logFiles" value="C:\\Users\\Andrew_Dpp\\git\\234project-katalon\\Reports\\Test Suite for Login Test Case 1\\20180427_213117\\execution0.log"/>
         <property name="attachments" value="C:\\Users\\Andrew_Dpp\\git\\234project-katalon\\Reports\\Test Suite for Login Test Case 1\\20180427_213117\\1524839498735.png, C:\\Users\\Andrew_Dpp\\git\\234project-katalon\\Reports\\Test Suite for Login Test Case 1\\20180427_213117\\1524839515374.png, C:\\Users\\Andrew_Dpp\\git\\234project-katalon\\Reports\\Test Suite for Login Test Case 1\\20180427_213117\\1524839534519.png"/>
         <property name="hostName" value="Andrew_Dpp - Andrew_Dpp-PC"/>
         <property name="os" value="Windows 7 64bit"/>
         <property name="katalonVersion" value="5.3.1.1"/>
         <property name="browser" value="Chrome 65.0.3325.181"/>
         <property name="hostAddress" value="192.168.1.6"/>
         <property name="sessionId" value="b97e81e5f32c3dc5a56aa3c426d2564d"/>
         <property name="seleniumVersion" value="3.7.1"/>
         <property name="proxyInformation" value="ProxyInformation{proxyOption=NO_PROXY, proxyServerType=HTTP, password=, proxyServerAddress=, proxyServerPort=0}"/>
         <property name="platform" value="Windows 7"/>
      </properties>
      <testcase name="Test Cases/Login Test Case 1" classname="Test Cases/Login Test Case 1" status="FAILED">
         <failure type="FAILED" message="Unable to click on object (Root cause: java.lang.IllegalArgumentException: Object is null)"/>
         <system-out><![CDATA[2018-04-27 21:31:21 - [TEST_CASE][FAILED] - Test Cases/Login Test Case 1: Test Cases/Login Test Case 1 FAILED because (of) Unable to click on object (Root cause: java.lang.IllegalArgumentException: Object is null)

2018-04-27 21:31:22 - [TEST_STEP][PASSED] - openBrowser: Browser is opened with url: ''

2018-04-27 21:31:28 - [MESSAGE][PASSED] - Browser is opened with url: ''

2018-04-27 21:31:28 - [TEST_STEP][PASSED] - navigateToUrl: Navigate to 'http://18.188.55.188:8085/' successfully

2018-04-27 21:31:37 - [MESSAGE][PASSED] - Navigate to 'http://18.188.55.188:8085/' successfully

2018-04-27 21:31:37 - [TEST_STEP][PASSED] - setText: Text 'user' is set on object 'Object Repository/Login/Login Fail 1/input_username'

2018-04-27 21:31:38 - [MESSAGE][PASSED] - Text 'user' is set on object 'Object Repository/Login/Login Fail 1/input_username'

2018-04-27 21:31:38 - [TEST_STEP][PASSED] - setText: Text 'user' is set on object 'Object Repository/Login/Login Fail 1/input_password'

2018-04-27 21:31:38 - [MESSAGE][PASSED] - Text 'user' is set on object 'Object Repository/Login/Login Fail 1/input_password'

2018-04-27 21:31:38 - [TEST_STEP][FAILED] - click: Unable to click on object (Root cause: java.lang.IllegalArgumentException: Object is null)

2018-04-27 21:31:38 - [MESSAGE][WARNING] - Test object with id 'Object Repository/User/Page_ProjectBackend/button_Login' does not exist

2018-04-27 21:31:38 - [MESSAGE][WARNING] - Test object with id 'Object Repository/' does not exist

2018-04-27 21:31:39 - [MESSAGE][FAILED] - Unable to click on object (Root cause: java.lang.IllegalArgumentException: Object is null)
[[ATTACHMENT|C:\\Users\\Andrew_Dpp\\git\\234project-katalon\\Reports\\Test Suite for Login Test Case 1\\20180427_213117\\1524839498735.png]]]]></system-out>
         <system-err><![CDATA[2018-04-27 21:31:21 - [TEST_CASE][FAILED] - Test Cases/Login Test Case 1: Test Cases/Login Test Case 1 FAILED because (of) Unable to click on object (Root cause: java.lang.IllegalArgumentException: Object is null)]]></system-err>
      </testcase>
      <testcase name="Test Cases/Login Test Case 1" classname="Test Cases/Login Test Case 1" status="FAILED">
         <failure type="FAILED" message="Unable to click on object (Root cause: java.lang.IllegalArgumentException: Object is null)"/>
         <system-out><![CDATA[2018-04-27 21:31:39 - [TEST_CASE][FAILED] - Test Cases/Login Test Case 1: Test Cases/Login Test Case 1 FAILED because (of) Unable to click on object (Root cause: java.lang.IllegalArgumentException: Object is null)

2018-04-27 21:31:39 - [TEST_STEP][PASSED] - openBrowser: Browser is opened with url: ''

2018-04-27 21:31:39 - [MESSAGE][WARNING] - A browser is already opened. Closing browser and opening a new one

2018-04-27 21:31:42 - [MESSAGE][PASSED] - Browser is opened with url: ''

2018-04-27 21:31:42 - [TEST_STEP][PASSED] - navigateToUrl: Navigate to 'http://18.188.55.188:8085/' successfully

2018-04-27 21:31:54 - [MESSAGE][PASSED] - Navigate to 'http://18.188.55.188:8085/' successfully

2018-04-27 21:31:54 - [TEST_STEP][PASSED] - setText: Text 'hello' is set on object 'Object Repository/Login/Login Fail 1/input_username'

2018-04-27 21:31:54 - [MESSAGE][PASSED] - Text 'hello' is set on object 'Object Repository/Login/Login Fail 1/input_username'

2018-04-27 21:31:54 - [TEST_STEP][PASSED] - setText: Text 'hello' is set on object 'Object Repository/Login/Login Fail 1/input_password'

2018-04-27 21:31:55 - [MESSAGE][PASSED] - Text 'hello' is set on object 'Object Repository/Login/Login Fail 1/input_password'

2018-04-27 21:31:55 - [TEST_STEP][FAILED] - click: Unable to click on object (Root cause: java.lang.IllegalArgumentException: Object is null)

2018-04-27 21:31:55 - [MESSAGE][WARNING] - Test object with id 'Object Repository/User/Page_ProjectBackend/button_Login' does not exist

2018-04-27 21:31:55 - [MESSAGE][WARNING] - Test object with id 'Object Repository/' does not exist

2018-04-27 21:31:55 - [MESSAGE][FAILED] - Unable to click on object (Root cause: java.lang.IllegalArgumentException: Object is null)
[[ATTACHMENT|C:\\Users\\Andrew_Dpp\\git\\234project-katalon\\Reports\\Test Suite for Login Test Case 1\\20180427_213117\\1524839515374.png]]]]></system-out>
         <system-err><![CDATA[2018-04-27 21:31:39 - [TEST_CASE][FAILED] - Test Cases/Login Test Case 1: Test Cases/Login Test Case 1 FAILED because (of) Unable to click on object (Root cause: java.lang.IllegalArgumentException: Object is null)]]></system-err>
      </testcase>
      <testcase name="Test Cases/Login Test Case 1" classname="Test Cases/Login Test Case 1" status="FAILED">
         <failure type="FAILED" message="Unable to click on object (Root cause: java.lang.IllegalArgumentException: Object is null)"/>
         <system-out><![CDATA[2018-04-27 21:31:55 - [TEST_CASE][FAILED] - Test Cases/Login Test Case 1: Test Cases/Login Test Case 1 FAILED because (of) Unable to click on object (Root cause: java.lang.IllegalArgumentException: Object is null)

2018-04-27 21:31:55 - [TEST_STEP][PASSED] - openBrowser: Browser is opened with url: ''

2018-04-27 21:31:55 - [MESSAGE][WARNING] - A browser is already opened. Closing browser and opening a new one

2018-04-27 21:31:59 - [MESSAGE][PASSED] - Browser is opened with url: ''

2018-04-27 21:31:59 - [TEST_STEP][PASSED] - navigateToUrl: Navigate to 'http://18.188.55.188:8085/' successfully

2018-04-27 21:32:13 - [MESSAGE][PASSED] - Navigate to 'http://18.188.55.188:8085/' successfully

2018-04-27 21:32:13 - [TEST_STEP][PASSED] - setText: Text 'admin' is set on object 'Object Repository/Login/Login Fail 1/input_username'

2018-04-27 21:32:14 - [MESSAGE][PASSED] - Text 'admin' is set on object 'Object Repository/Login/Login Fail 1/input_username'

2018-04-27 21:32:14 - [TEST_STEP][PASSED] - setText: Text 'admin' is set on object 'Object Repository/Login/Login Fail 1/input_password'

2018-04-27 21:32:14 - [MESSAGE][PASSED] - Text 'admin' is set on object 'Object Repository/Login/Login Fail 1/input_password'

2018-04-27 21:32:14 - [TEST_STEP][FAILED] - click: Unable to click on object (Root cause: java.lang.IllegalArgumentException: Object is null)

2018-04-27 21:32:14 - [MESSAGE][WARNING] - Test object with id 'Object Repository/User/Page_ProjectBackend/button_Login' does not exist

2018-04-27 21:32:14 - [MESSAGE][WARNING] - Test object with id 'Object Repository/' does not exist

2018-04-27 21:32:14 - [MESSAGE][FAILED] - Unable to click on object (Root cause: java.lang.IllegalArgumentException: Object is null)
[[ATTACHMENT|C:\\Users\\Andrew_Dpp\\git\\234project-katalon\\Reports\\Test Suite for Login Test Case 1\\20180427_213117\\1524839534519.png]]]]></system-out>
         <system-err><![CDATA[2018-04-27 21:31:55 - [TEST_CASE][FAILED] - Test Cases/Login Test Case 1: Test Cases/Login Test Case 1 FAILED because (of) Unable to click on object (Root cause: java.lang.IllegalArgumentException: Object is null)]]></system-err>
      </testcase>
      <system-out><![CDATA[2018-04-27 21:31:20 - [TEST_SUITE][FAILED] - Test Suite for Login Test Case 1: Test Cases/Login Test Case 1 FAILED because (of) Unable to click on object (Root cause: java.lang.IllegalArgumentException: Object is null)]]></system-out>
      <system-err><![CDATA[2018-04-27 21:31:20 - [TEST_SUITE][FAILED] - Test Suite for Login Test Case 1: Test Cases/Login Test Case 1 FAILED because (of) Unable to click on object (Root cause: java.lang.IllegalArgumentException: Object is null)]]></system-err>
   </testsuite>
</testsuites>
