<?xml version="1.0" encoding="UTF-8"?>
<testsuites name="Test Suite for Login Test Case for Empty Password" time="159" tests="0" failures="2" errors="0">
   <testsuite name="Test Suite for Login Test Case for Empty Password" tests="0" failures="2" errors="0" time="159" timestamp="2018-05-08 11:19:56" hostname="Andrew_Dpp - 10.80.101.146" id="Test Suites/Test Suite for Login Test Case for Empty Password">
      <properties>
         <property name="deviceName" value=""/>
         <property name="devicePlatform" value=""/>
         <property name="logFolder" value="C:\\Users\\Andrew_Dpp\\git\\234project-katalon\\Reports\\Test Suite for Login Test Case for Empty Password\\20180508_111940"/>
         <property name="logFiles" value="C:\\Users\\Andrew_Dpp\\git\\234project-katalon\\Reports\\Test Suite for Login Test Case for Empty Password\\20180508_111940\\execution0.log"/>
         <property name="attachments" value=""/>
         <property name="hostName" value="Andrew_Dpp - 10.80.101.146"/>
         <property name="os" value="Windows 7 64bit"/>
         <property name="katalonVersion" value="5.3.1.1"/>
         <property name="browser" value="Chrome 66.0.3359.139"/>
         <property name="hostAddress" value="10.80.101.146"/>
         <property name="sessionId" value="f754f0c26a39b239fc03d0382bd5597f"/>
         <property name="seleniumVersion" value="3.7.1"/>
         <property name="proxyInformation" value="ProxyInformation{proxyOption=NO_PROXY, proxyServerType=HTTP, password=, proxyServerAddress=, proxyServerPort=0}"/>
         <property name="platform" value="Windows 7"/>
      </properties>
      <testcase name="Test Cases/Login Test Case for Empty Password" classname="Test Cases/Login Test Case for Empty Password" status="FAILED">
         <failure type="FAILED" message="Unable to wait for object 'Object Repository/Login/Login Fail 3/passwordNotification' to be present (Root cause: org.openqa.selenium.WebDriverException: chrome not reachable
  (Session info: chrome=66.0.3359.139)
  (Driver info: chromedriver=2.35.528161 (5b82f2d2aae0ca24b877009200ced9065a772e73),platform=Windows NT 6.1.7601 SP1 x86_64) (WARNING: The server did not provide any stacktrace information)
Command duration or timeout: 0 milliseconds
Build info: version: '3.7.1', revision: '8a0099a', time: '2017-11-06T21:07:36.161Z'
System info: host: 'ANDREW_DPP-PC', ip: '10.80.101.146', os.name: 'Windows 7', os.arch: 'amd64', os.version: '6.1', java.version: '1.8.0_102'
Driver info: com.kms.katalon.selenium.driver.CChromeDriver
Capabilities {acceptInsecureCerts: false, acceptSslCerts: false, applicationCacheEnabled: false, browserConnectionEnabled: false, browserName: chrome, chrome: {chromedriverVersion: 2.35.528161 (5b82f2d2aae0ca..., userDataDir: C:\Users\ANDREW~1\AppData\L...}, cssSelectorsEnabled: true, databaseEnabled: false, handlesAlerts: true, hasTouchScreen: false, javascriptEnabled: true, locationContextEnabled: true, mobileEmulationEnabled: false, nativeEvents: true, networkConnectionEnabled: false, pageLoadStrategy: normal, platform: XP, platformName: XP, rotatable: false, setWindowRect: true, takesHeapSnapshot: true, takesScreenshot: true, unexpectedAlertBehaviour: , unhandledPromptBehavior: , version: 66.0.3359.139, webStorageEnabled: true}
Session ID: a2098aedd43fc6e7169e08e85c0705ad
*** Element info: {Using=xpath, value=/html/body/app-root/app-login/div/form/div[2]/label[2]})"/>
         <system-out><![CDATA[2018-05-08 11:19:57 - [TEST_CASE][FAILED] - Test Cases/Login Test Case for Empty Password: Test Cases/Login Test Case for Empty Password FAILED because (of) Unable to wait for object 'Object Repository/Login/Login Fail 3/passwordNotification' to be present (Root cause: org.openqa.selenium.WebDriverException: chrome not reachable
  (Session info: chrome=66.0.3359.139)
  (Driver info: chromedriver=2.35.528161 (5b82f2d2aae0ca24b877009200ced9065a772e73),platform=Windows NT 6.1.7601 SP1 x86_64) (WARNING: The server did not provide any stacktrace information)
Command duration or timeout: 0 milliseconds
Build info: version: '3.7.1', revision: '8a0099a', time: '2017-11-06T21:07:36.161Z'
System info: host: 'ANDREW_DPP-PC', ip: '10.80.101.146', os.name: 'Windows 7', os.arch: 'amd64', os.version: '6.1', java.version: '1.8.0_102'
Driver info: com.kms.katalon.selenium.driver.CChromeDriver
Capabilities {acceptInsecureCerts: false, acceptSslCerts: false, applicationCacheEnabled: false, browserConnectionEnabled: false, browserName: chrome, chrome: {chromedriverVersion: 2.35.528161 (5b82f2d2aae0ca..., userDataDir: C:\Users\ANDREW~1\AppData\L...}, cssSelectorsEnabled: true, databaseEnabled: false, handlesAlerts: true, hasTouchScreen: false, javascriptEnabled: true, locationContextEnabled: true, mobileEmulationEnabled: false, nativeEvents: true, networkConnectionEnabled: false, pageLoadStrategy: normal, platform: XP, platformName: XP, rotatable: false, setWindowRect: true, takesHeapSnapshot: true, takesScreenshot: true, unexpectedAlertBehaviour: , unhandledPromptBehavior: , version: 66.0.3359.139, webStorageEnabled: true}
Session ID: a2098aedd43fc6e7169e08e85c0705ad
*** Element info: {Using=xpath, value=/html/body/app-root/app-login/div/form/div[2]/label[2]})

2018-05-08 11:19:58 - [TEST_STEP][PASSED] - openBrowser: Browser is opened with url: ''

2018-05-08 11:20:23 - [MESSAGE][PASSED] - Browser is opened with url: ''

2018-05-08 11:20:23 - [TEST_STEP][PASSED] - navigateToUrl: Navigate to 'http://18.188.55.188:8085/' successfully

2018-05-08 11:20:52 - [MESSAGE][PASSED] - Navigate to 'http://18.188.55.188:8085/' successfully

2018-05-08 11:20:52 - [TEST_STEP][PASSED] - setText: Text 'user' is set on object 'Object Repository/Login/Login Fail 3/input_password'

2018-05-08 11:20:52 - [MESSAGE][PASSED] - Text 'user' is set on object 'Object Repository/Login/Login Fail 3/input_password'

2018-05-08 11:20:52 - [TEST_STEP][PASSED] - Statement - driver = com.kms.katalon.core.webui.driver.DriverFactory.getWebDriver(): null

2018-05-08 11:20:52 - [TEST_STEP][PASSED] - Statement - inputLength = password.toString().length(): null

2018-05-08 11:20:52 - [TEST_STEP][PASSED] - Statement - println(inputLength): null

2018-05-08 11:20:52 - [TEST_STEP][PASSED] - Statement - While (inputLength > 0): null

2018-05-08 11:20:52 - [TEST_STEP][PASSED] - sendKeys: Keys 'BACK_SPACE + ' sent to object: 'Object Repository/Login/Login Fail 3/input_password'

2018-05-08 11:20:53 - [MESSAGE][PASSED] - Keys 'BACK_SPACE + ' sent to object: 'Object Repository/Login/Login Fail 3/input_password'

2018-05-08 11:20:53 - [TEST_STEP][PASSED] - Statement - (inputLength--): null

2018-05-08 11:20:53 - [TEST_STEP][PASSED] - sendKeys: Keys 'BACK_SPACE + ' sent to object: 'Object Repository/Login/Login Fail 3/input_password'

2018-05-08 11:20:53 - [MESSAGE][PASSED] - Keys 'BACK_SPACE + ' sent to object: 'Object Repository/Login/Login Fail 3/input_password'

2018-05-08 11:20:53 - [TEST_STEP][PASSED] - Statement - (inputLength--): null

2018-05-08 11:20:53 - [TEST_STEP][PASSED] - sendKeys: Keys 'BACK_SPACE + ' sent to object: 'Object Repository/Login/Login Fail 3/input_password'

2018-05-08 11:20:53 - [MESSAGE][PASSED] - Keys 'BACK_SPACE + ' sent to object: 'Object Repository/Login/Login Fail 3/input_password'

2018-05-08 11:20:53 - [TEST_STEP][PASSED] - Statement - (inputLength--): null

2018-05-08 11:20:53 - [TEST_STEP][PASSED] - sendKeys: Keys 'BACK_SPACE + ' sent to object: 'Object Repository/Login/Login Fail 3/input_password'

2018-05-08 11:20:53 - [MESSAGE][PASSED] - Keys 'BACK_SPACE + ' sent to object: 'Object Repository/Login/Login Fail 3/input_password'

2018-05-08 11:20:53 - [TEST_STEP][PASSED] - Statement - (inputLength--): null

2018-05-08 11:20:53 - [TEST_STEP][FAILED] - waitForElementPresent: Unable to wait for object 'Object Repository/Login/Login Fail 3/passwordNotification' to be present (Root cause: org.openqa.selenium.WebDriverException: chrome not reachable
  (Session info: chrome=66.0.3359.139)
  (Driver info: chromedriver=2.35.528161 (5b82f2d2aae0ca24b877009200ced9065a772e73),platform=Windows NT 6.1.7601 SP1 x86_64) (WARNING: The server did not provide any stacktrace information)
Command duration or timeout: 0 milliseconds
Build info: version: '3.7.1', revision: '8a0099a', time: '2017-11-06T21:07:36.161Z'
System info: host: 'ANDREW_DPP-PC', ip: '10.80.101.146', os.name: 'Windows 7', os.arch: 'amd64', os.version: '6.1', java.version: '1.8.0_102'
Driver info: com.kms.katalon.selenium.driver.CChromeDriver
Capabilities {acceptInsecureCerts: false, acceptSslCerts: false, applicationCacheEnabled: false, browserConnectionEnabled: false, browserName: chrome, chrome: {chromedriverVersion: 2.35.528161 (5b82f2d2aae0ca..., userDataDir: C:\Users\ANDREW~1\AppData\L...}, cssSelectorsEnabled: true, databaseEnabled: false, handlesAlerts: true, hasTouchScreen: false, javascriptEnabled: true, locationContextEnabled: true, mobileEmulationEnabled: false, nativeEvents: true, networkConnectionEnabled: false, pageLoadStrategy: normal, platform: XP, platformName: XP, rotatable: false, setWindowRect: true, takesHeapSnapshot: true, takesScreenshot: true, unexpectedAlertBehaviour: , unhandledPromptBehavior: , version: 66.0.3359.139, webStorageEnabled: true}
Session ID: a2098aedd43fc6e7169e08e85c0705ad
*** Element info: {Using=xpath, value=/html/body/app-root/app-login/div/form/div[2]/label[2]})

2018-05-08 11:20:53 - [MESSAGE][WARNING] - Timeout '0' is invalid. Using default page load timeout: '30'

2018-05-08 11:21:30 - [MESSAGE][WARNING] - Cannot take screenshot

2018-05-08 11:21:30 - [MESSAGE][FAILED] - Unable to wait for object 'Object Repository/Login/Login Fail 3/passwordNotification' to be present (Root cause: org.openqa.selenium.WebDriverException: chrome not reachable
  (Session info: chrome=66.0.3359.139)
  (Driver info: chromedriver=2.35.528161 (5b82f2d2aae0ca24b877009200ced9065a772e73),platform=Windows NT 6.1.7601 SP1 x86_64) (WARNING: The server did not provide any stacktrace information)
Command duration or timeout: 0 milliseconds
Build info: version: '3.7.1', revision: '8a0099a', time: '2017-11-06T21:07:36.161Z'
System info: host: 'ANDREW_DPP-PC', ip: '10.80.101.146', os.name: 'Windows 7', os.arch: 'amd64', os.version: '6.1', java.version: '1.8.0_102'
Driver info: com.kms.katalon.selenium.driver.CChromeDriver
Capabilities {acceptInsecureCerts: false, acceptSslCerts: false, applicationCacheEnabled: false, browserConnectionEnabled: false, browserName: chrome, chrome: {chromedriverVersion: 2.35.528161 (5b82f2d2aae0ca..., userDataDir: C:\Users\ANDREW~1\AppData\L...}, cssSelectorsEnabled: true, databaseEnabled: false, handlesAlerts: true, hasTouchScreen: false, javascriptEnabled: true, locationContextEnabled: true, mobileEmulationEnabled: false, nativeEvents: true, networkConnectionEnabled: false, pageLoadStrategy: normal, platform: XP, platformName: XP, rotatable: false, setWindowRect: true, takesHeapSnapshot: true, takesScreenshot: true, unexpectedAlertBehaviour: , unhandledPromptBehavior: , version: 66.0.3359.139, webStorageEnabled: true}
Session ID: a2098aedd43fc6e7169e08e85c0705ad
*** Element info: {Using=xpath, value=/html/body/app-root/app-login/div/form/div[2]/label[2]})]]></system-out>
         <system-err><![CDATA[2018-05-08 11:19:57 - [TEST_CASE][FAILED] - Test Cases/Login Test Case for Empty Password: Test Cases/Login Test Case for Empty Password FAILED because (of) Unable to wait for object 'Object Repository/Login/Login Fail 3/passwordNotification' to be present (Root cause: org.openqa.selenium.WebDriverException: chrome not reachable
  (Session info: chrome=66.0.3359.139)
  (Driver info: chromedriver=2.35.528161 (5b82f2d2aae0ca24b877009200ced9065a772e73),platform=Windows NT 6.1.7601 SP1 x86_64) (WARNING: The server did not provide any stacktrace information)
Command duration or timeout: 0 milliseconds
Build info: version: '3.7.1', revision: '8a0099a', time: '2017-11-06T21:07:36.161Z'
System info: host: 'ANDREW_DPP-PC', ip: '10.80.101.146', os.name: 'Windows 7', os.arch: 'amd64', os.version: '6.1', java.version: '1.8.0_102'
Driver info: com.kms.katalon.selenium.driver.CChromeDriver
Capabilities {acceptInsecureCerts: false, acceptSslCerts: false, applicationCacheEnabled: false, browserConnectionEnabled: false, browserName: chrome, chrome: {chromedriverVersion: 2.35.528161 (5b82f2d2aae0ca..., userDataDir: C:\Users\ANDREW~1\AppData\L...}, cssSelectorsEnabled: true, databaseEnabled: false, handlesAlerts: true, hasTouchScreen: false, javascriptEnabled: true, locationContextEnabled: true, mobileEmulationEnabled: false, nativeEvents: true, networkConnectionEnabled: false, pageLoadStrategy: normal, platform: XP, platformName: XP, rotatable: false, setWindowRect: true, takesHeapSnapshot: true, takesScreenshot: true, unexpectedAlertBehaviour: , unhandledPromptBehavior: , version: 66.0.3359.139, webStorageEnabled: true}
Session ID: a2098aedd43fc6e7169e08e85c0705ad
*** Element info: {Using=xpath, value=/html/body/app-root/app-login/div/form/div[2]/label[2]})]]></system-err>
      </testcase>
      <testcase name="Test Cases/Login Test Case for Empty Password" classname="Test Cases/Login Test Case for Empty Password" status="FAILED">
         <failure type="FAILED" message="Unable to wait for object 'Object Repository/Login/Login Fail 3/passwordNotification' to be present (Root cause: org.openqa.selenium.WebDriverException: chrome not reachable
  (Session info: chrome=66.0.3359.139)
  (Driver info: chromedriver=2.35.528161 (5b82f2d2aae0ca24b877009200ced9065a772e73),platform=Windows NT 6.1.7601 SP1 x86_64) (WARNING: The server did not provide any stacktrace information)
Command duration or timeout: 0 milliseconds
Build info: version: '3.7.1', revision: '8a0099a', time: '2017-11-06T21:07:36.161Z'
System info: host: 'ANDREW_DPP-PC', ip: '10.80.101.146', os.name: 'Windows 7', os.arch: 'amd64', os.version: '6.1', java.version: '1.8.0_102'
Driver info: com.kms.katalon.selenium.driver.CChromeDriver
Capabilities {acceptInsecureCerts: false, acceptSslCerts: false, applicationCacheEnabled: false, browserConnectionEnabled: false, browserName: chrome, chrome: {chromedriverVersion: 2.35.528161 (5b82f2d2aae0ca..., userDataDir: C:\Users\ANDREW~1\AppData\L...}, cssSelectorsEnabled: true, databaseEnabled: false, handlesAlerts: true, hasTouchScreen: false, javascriptEnabled: true, locationContextEnabled: true, mobileEmulationEnabled: false, nativeEvents: true, networkConnectionEnabled: false, pageLoadStrategy: normal, platform: XP, platformName: XP, rotatable: false, setWindowRect: true, takesHeapSnapshot: true, takesScreenshot: true, unexpectedAlertBehaviour: , unhandledPromptBehavior: , version: 66.0.3359.139, webStorageEnabled: true}
Session ID: f754f0c26a39b239fc03d0382bd5597f
*** Element info: {Using=xpath, value=/html/body/app-root/app-login/div/form/div[2]/label[2]})"/>
         <system-out><![CDATA[2018-05-08 11:21:30 - [TEST_CASE][FAILED] - Test Cases/Login Test Case for Empty Password: Test Cases/Login Test Case for Empty Password FAILED because (of) Unable to wait for object 'Object Repository/Login/Login Fail 3/passwordNotification' to be present (Root cause: org.openqa.selenium.WebDriverException: chrome not reachable
  (Session info: chrome=66.0.3359.139)
  (Driver info: chromedriver=2.35.528161 (5b82f2d2aae0ca24b877009200ced9065a772e73),platform=Windows NT 6.1.7601 SP1 x86_64) (WARNING: The server did not provide any stacktrace information)
Command duration or timeout: 0 milliseconds
Build info: version: '3.7.1', revision: '8a0099a', time: '2017-11-06T21:07:36.161Z'
System info: host: 'ANDREW_DPP-PC', ip: '10.80.101.146', os.name: 'Windows 7', os.arch: 'amd64', os.version: '6.1', java.version: '1.8.0_102'
Driver info: com.kms.katalon.selenium.driver.CChromeDriver
Capabilities {acceptInsecureCerts: false, acceptSslCerts: false, applicationCacheEnabled: false, browserConnectionEnabled: false, browserName: chrome, chrome: {chromedriverVersion: 2.35.528161 (5b82f2d2aae0ca..., userDataDir: C:\Users\ANDREW~1\AppData\L...}, cssSelectorsEnabled: true, databaseEnabled: false, handlesAlerts: true, hasTouchScreen: false, javascriptEnabled: true, locationContextEnabled: true, mobileEmulationEnabled: false, nativeEvents: true, networkConnectionEnabled: false, pageLoadStrategy: normal, platform: XP, platformName: XP, rotatable: false, setWindowRect: true, takesHeapSnapshot: true, takesScreenshot: true, unexpectedAlertBehaviour: , unhandledPromptBehavior: , version: 66.0.3359.139, webStorageEnabled: true}
Session ID: f754f0c26a39b239fc03d0382bd5597f
*** Element info: {Using=xpath, value=/html/body/app-root/app-login/div/form/div[2]/label[2]})

2018-05-08 11:21:30 - [TEST_STEP][PASSED] - openBrowser: Browser is opened with url: ''

2018-05-08 11:21:30 - [MESSAGE][WARNING] - A browser is already opened. Closing browser and opening a new one

2018-05-08 11:21:54 - [MESSAGE][PASSED] - Browser is opened with url: ''

2018-05-08 11:21:54 - [TEST_STEP][PASSED] - navigateToUrl: Navigate to 'http://18.188.55.188:8085/' successfully

2018-05-08 11:22:04 - [MESSAGE][PASSED] - Navigate to 'http://18.188.55.188:8085/' successfully

2018-05-08 11:22:04 - [TEST_STEP][PASSED] - setText: Text 'hello' is set on object 'Object Repository/Login/Login Fail 3/input_password'

2018-05-08 11:22:04 - [MESSAGE][PASSED] - Text 'hello' is set on object 'Object Repository/Login/Login Fail 3/input_password'

2018-05-08 11:22:04 - [TEST_STEP][PASSED] - Statement - driver = com.kms.katalon.core.webui.driver.DriverFactory.getWebDriver(): null

2018-05-08 11:22:04 - [TEST_STEP][PASSED] - Statement - inputLength = password.toString().length(): null

2018-05-08 11:22:04 - [TEST_STEP][PASSED] - Statement - println(inputLength): null

2018-05-08 11:22:04 - [TEST_STEP][PASSED] - Statement - While (inputLength > 0): null

2018-05-08 11:22:04 - [TEST_STEP][PASSED] - sendKeys: Keys 'BACK_SPACE + ' sent to object: 'Object Repository/Login/Login Fail 3/input_password'

2018-05-08 11:22:05 - [MESSAGE][PASSED] - Keys 'BACK_SPACE + ' sent to object: 'Object Repository/Login/Login Fail 3/input_password'

2018-05-08 11:22:05 - [TEST_STEP][PASSED] - Statement - (inputLength--): null

2018-05-08 11:22:05 - [TEST_STEP][PASSED] - sendKeys: Keys 'BACK_SPACE + ' sent to object: 'Object Repository/Login/Login Fail 3/input_password'

2018-05-08 11:22:05 - [MESSAGE][PASSED] - Keys 'BACK_SPACE + ' sent to object: 'Object Repository/Login/Login Fail 3/input_password'

2018-05-08 11:22:05 - [TEST_STEP][PASSED] - Statement - (inputLength--): null

2018-05-08 11:22:05 - [TEST_STEP][PASSED] - sendKeys: Keys 'BACK_SPACE + ' sent to object: 'Object Repository/Login/Login Fail 3/input_password'

2018-05-08 11:22:05 - [MESSAGE][PASSED] - Keys 'BACK_SPACE + ' sent to object: 'Object Repository/Login/Login Fail 3/input_password'

2018-05-08 11:22:05 - [TEST_STEP][PASSED] - Statement - (inputLength--): null

2018-05-08 11:22:05 - [TEST_STEP][PASSED] - sendKeys: Keys 'BACK_SPACE + ' sent to object: 'Object Repository/Login/Login Fail 3/input_password'

2018-05-08 11:22:05 - [MESSAGE][PASSED] - Keys 'BACK_SPACE + ' sent to object: 'Object Repository/Login/Login Fail 3/input_password'

2018-05-08 11:22:05 - [TEST_STEP][PASSED] - Statement - (inputLength--): null

2018-05-08 11:22:05 - [TEST_STEP][PASSED] - sendKeys: Keys 'BACK_SPACE + ' sent to object: 'Object Repository/Login/Login Fail 3/input_password'

2018-05-08 11:22:06 - [MESSAGE][PASSED] - Keys 'BACK_SPACE + ' sent to object: 'Object Repository/Login/Login Fail 3/input_password'

2018-05-08 11:22:06 - [TEST_STEP][PASSED] - Statement - (inputLength--): null

2018-05-08 11:22:06 - [TEST_STEP][FAILED] - waitForElementPresent: Unable to wait for object 'Object Repository/Login/Login Fail 3/passwordNotification' to be present (Root cause: org.openqa.selenium.WebDriverException: chrome not reachable
  (Session info: chrome=66.0.3359.139)
  (Driver info: chromedriver=2.35.528161 (5b82f2d2aae0ca24b877009200ced9065a772e73),platform=Windows NT 6.1.7601 SP1 x86_64) (WARNING: The server did not provide any stacktrace information)
Command duration or timeout: 0 milliseconds
Build info: version: '3.7.1', revision: '8a0099a', time: '2017-11-06T21:07:36.161Z'
System info: host: 'ANDREW_DPP-PC', ip: '10.80.101.146', os.name: 'Windows 7', os.arch: 'amd64', os.version: '6.1', java.version: '1.8.0_102'
Driver info: com.kms.katalon.selenium.driver.CChromeDriver
Capabilities {acceptInsecureCerts: false, acceptSslCerts: false, applicationCacheEnabled: false, browserConnectionEnabled: false, browserName: chrome, chrome: {chromedriverVersion: 2.35.528161 (5b82f2d2aae0ca..., userDataDir: C:\Users\ANDREW~1\AppData\L...}, cssSelectorsEnabled: true, databaseEnabled: false, handlesAlerts: true, hasTouchScreen: false, javascriptEnabled: true, locationContextEnabled: true, mobileEmulationEnabled: false, nativeEvents: true, networkConnectionEnabled: false, pageLoadStrategy: normal, platform: XP, platformName: XP, rotatable: false, setWindowRect: true, takesHeapSnapshot: true, takesScreenshot: true, unexpectedAlertBehaviour: , unhandledPromptBehavior: , version: 66.0.3359.139, webStorageEnabled: true}
Session ID: f754f0c26a39b239fc03d0382bd5597f
*** Element info: {Using=xpath, value=/html/body/app-root/app-login/div/form/div[2]/label[2]})

2018-05-08 11:22:06 - [MESSAGE][WARNING] - Timeout '0' is invalid. Using default page load timeout: '30'

2018-05-08 11:22:36 - [MESSAGE][WARNING] - Cannot take screenshot

2018-05-08 11:22:36 - [MESSAGE][FAILED] - Unable to wait for object 'Object Repository/Login/Login Fail 3/passwordNotification' to be present (Root cause: org.openqa.selenium.WebDriverException: chrome not reachable
  (Session info: chrome=66.0.3359.139)
  (Driver info: chromedriver=2.35.528161 (5b82f2d2aae0ca24b877009200ced9065a772e73),platform=Windows NT 6.1.7601 SP1 x86_64) (WARNING: The server did not provide any stacktrace information)
Command duration or timeout: 0 milliseconds
Build info: version: '3.7.1', revision: '8a0099a', time: '2017-11-06T21:07:36.161Z'
System info: host: 'ANDREW_DPP-PC', ip: '10.80.101.146', os.name: 'Windows 7', os.arch: 'amd64', os.version: '6.1', java.version: '1.8.0_102'
Driver info: com.kms.katalon.selenium.driver.CChromeDriver
Capabilities {acceptInsecureCerts: false, acceptSslCerts: false, applicationCacheEnabled: false, browserConnectionEnabled: false, browserName: chrome, chrome: {chromedriverVersion: 2.35.528161 (5b82f2d2aae0ca..., userDataDir: C:\Users\ANDREW~1\AppData\L...}, cssSelectorsEnabled: true, databaseEnabled: false, handlesAlerts: true, hasTouchScreen: false, javascriptEnabled: true, locationContextEnabled: true, mobileEmulationEnabled: false, nativeEvents: true, networkConnectionEnabled: false, pageLoadStrategy: normal, platform: XP, platformName: XP, rotatable: false, setWindowRect: true, takesHeapSnapshot: true, takesScreenshot: true, unexpectedAlertBehaviour: , unhandledPromptBehavior: , version: 66.0.3359.139, webStorageEnabled: true}
Session ID: f754f0c26a39b239fc03d0382bd5597f
*** Element info: {Using=xpath, value=/html/body/app-root/app-login/div/form/div[2]/label[2]})]]></system-out>
         <system-err><![CDATA[2018-05-08 11:21:30 - [TEST_CASE][FAILED] - Test Cases/Login Test Case for Empty Password: Test Cases/Login Test Case for Empty Password FAILED because (of) Unable to wait for object 'Object Repository/Login/Login Fail 3/passwordNotification' to be present (Root cause: org.openqa.selenium.WebDriverException: chrome not reachable
  (Session info: chrome=66.0.3359.139)
  (Driver info: chromedriver=2.35.528161 (5b82f2d2aae0ca24b877009200ced9065a772e73),platform=Windows NT 6.1.7601 SP1 x86_64) (WARNING: The server did not provide any stacktrace information)
Command duration or timeout: 0 milliseconds
Build info: version: '3.7.1', revision: '8a0099a', time: '2017-11-06T21:07:36.161Z'
System info: host: 'ANDREW_DPP-PC', ip: '10.80.101.146', os.name: 'Windows 7', os.arch: 'amd64', os.version: '6.1', java.version: '1.8.0_102'
Driver info: com.kms.katalon.selenium.driver.CChromeDriver
Capabilities {acceptInsecureCerts: false, acceptSslCerts: false, applicationCacheEnabled: false, browserConnectionEnabled: false, browserName: chrome, chrome: {chromedriverVersion: 2.35.528161 (5b82f2d2aae0ca..., userDataDir: C:\Users\ANDREW~1\AppData\L...}, cssSelectorsEnabled: true, databaseEnabled: false, handlesAlerts: true, hasTouchScreen: false, javascriptEnabled: true, locationContextEnabled: true, mobileEmulationEnabled: false, nativeEvents: true, networkConnectionEnabled: false, pageLoadStrategy: normal, platform: XP, platformName: XP, rotatable: false, setWindowRect: true, takesHeapSnapshot: true, takesScreenshot: true, unexpectedAlertBehaviour: , unhandledPromptBehavior: , version: 66.0.3359.139, webStorageEnabled: true}
Session ID: f754f0c26a39b239fc03d0382bd5597f
*** Element info: {Using=xpath, value=/html/body/app-root/app-login/div/form/div[2]/label[2]})]]></system-err>
      </testcase>
      <system-out><![CDATA[2018-05-08 11:19:56 - [TEST_SUITE][FAILED] - Test Suite for Login Test Case for Empty Password: Test Cases/Login Test Case for Empty Password FAILED because (of) Unable to wait for object 'Object Repository/Login/Login Fail 3/passwordNotification' to be present (Root cause: org.openqa.selenium.WebDriverException: chrome not reachable
  (Session info: chrome=66.0.3359.139)
  (Driver info: chromedriver=2.35.528161 (5b82f2d2aae0ca24b877009200ced9065a772e73),platform=Windows NT 6.1.7601 SP1 x86_64) (WARNING: The server did not provide any stacktrace information)
Command duration or timeout: 0 milliseconds
Build info: version: '3.7.1', revision: '8a0099a', time: '2017-11-06T21:07:36.161Z'
System info: host: 'ANDREW_DPP-PC', ip: '10.80.101.146', os.name: 'Windows 7', os.arch: 'amd64', os.version: '6.1', java.version: '1.8.0_102'
Driver info: com.kms.katalon.selenium.driver.CChromeDriver
Capabilities {acceptInsecureCerts: false, acceptSslCerts: false, applicationCacheEnabled: false, browserConnectionEnabled: false, browserName: chrome, chrome: {chromedriverVersion: 2.35.528161 (5b82f2d2aae0ca..., userDataDir: C:\Users\ANDREW~1\AppData\L...}, cssSelectorsEnabled: true, databaseEnabled: false, handlesAlerts: true, hasTouchScreen: false, javascriptEnabled: true, locationContextEnabled: true, mobileEmulationEnabled: false, nativeEvents: true, networkConnectionEnabled: false, pageLoadStrategy: normal, platform: XP, platformName: XP, rotatable: false, setWindowRect: true, takesHeapSnapshot: true, takesScreenshot: true, unexpectedAlertBehaviour: , unhandledPromptBehavior: , version: 66.0.3359.139, webStorageEnabled: true}
Session ID: a2098aedd43fc6e7169e08e85c0705ad
*** Element info: {Using=xpath, value=/html/body/app-root/app-login/div/form/div[2]/label[2]})]]></system-out>
      <system-err><![CDATA[2018-05-08 11:19:56 - [TEST_SUITE][FAILED] - Test Suite for Login Test Case for Empty Password: Test Cases/Login Test Case for Empty Password FAILED because (of) Unable to wait for object 'Object Repository/Login/Login Fail 3/passwordNotification' to be present (Root cause: org.openqa.selenium.WebDriverException: chrome not reachable
  (Session info: chrome=66.0.3359.139)
  (Driver info: chromedriver=2.35.528161 (5b82f2d2aae0ca24b877009200ced9065a772e73),platform=Windows NT 6.1.7601 SP1 x86_64) (WARNING: The server did not provide any stacktrace information)
Command duration or timeout: 0 milliseconds
Build info: version: '3.7.1', revision: '8a0099a', time: '2017-11-06T21:07:36.161Z'
System info: host: 'ANDREW_DPP-PC', ip: '10.80.101.146', os.name: 'Windows 7', os.arch: 'amd64', os.version: '6.1', java.version: '1.8.0_102'
Driver info: com.kms.katalon.selenium.driver.CChromeDriver
Capabilities {acceptInsecureCerts: false, acceptSslCerts: false, applicationCacheEnabled: false, browserConnectionEnabled: false, browserName: chrome, chrome: {chromedriverVersion: 2.35.528161 (5b82f2d2aae0ca..., userDataDir: C:\Users\ANDREW~1\AppData\L...}, cssSelectorsEnabled: true, databaseEnabled: false, handlesAlerts: true, hasTouchScreen: false, javascriptEnabled: true, locationContextEnabled: true, mobileEmulationEnabled: false, nativeEvents: true, networkConnectionEnabled: false, pageLoadStrategy: normal, platform: XP, platformName: XP, rotatable: false, setWindowRect: true, takesHeapSnapshot: true, takesScreenshot: true, unexpectedAlertBehaviour: , unhandledPromptBehavior: , version: 66.0.3359.139, webStorageEnabled: true}
Session ID: a2098aedd43fc6e7169e08e85c0705ad
*** Element info: {Using=xpath, value=/html/body/app-root/app-login/div/form/div[2]/label[2]})]]></system-err>
   </testsuite>
</testsuites>
