<?xml version="1.0" encoding="UTF-8"?>
<testsuites name="Test Suite for Login Test Case 4" time="139" tests="2" failures="1" errors="0">
   <testsuite name="Test Suite for Login Test Case 4" tests="2" failures="1" errors="0" time="139" timestamp="2018-04-30 22:16:22" hostname="Andrew_Dpp - Andrew_Dpp-PC" id="Test Suites/Test Suite for Login Test Case 4">
      <properties>
         <property name="deviceName" value=""/>
         <property name="devicePlatform" value=""/>
         <property name="logFolder" value="C:\\Users\\Andrew_Dpp\\git\\234project-katalon\\Reports\\Test Suite for Login Test Case 4\\20180430_221619"/>
         <property name="logFiles" value="C:\\Users\\Andrew_Dpp\\git\\234project-katalon\\Reports\\Test Suite for Login Test Case 4\\20180430_221619\\execution0.log"/>
         <property name="attachments" value="C:\\Users\\Andrew_Dpp\\git\\234project-katalon\\Reports\\Test Suite for Login Test Case 4\\20180430_221619\\1525101493431.png, C:\\Users\\Andrew_Dpp\\git\\234project-katalon\\Reports\\Test Suite for Login Test Case 4\\20180430_221619\\1525101493848.png"/>
         <property name="hostName" value="Andrew_Dpp - Andrew_Dpp-PC"/>
         <property name="os" value="Windows 7 64bit"/>
         <property name="katalonVersion" value="5.3.1.1"/>
         <property name="browser" value="Chrome 65.0.3325.181"/>
         <property name="hostAddress" value="192.168.1.9"/>
         <property name="sessionId" value="cd8c6677c50555126429c1a2ba5c48b6"/>
         <property name="seleniumVersion" value="3.7.1"/>
         <property name="proxyInformation" value="ProxyInformation{proxyOption=NO_PROXY, proxyServerType=HTTP, password=, proxyServerAddress=, proxyServerPort=0}"/>
         <property name="platform" value="Windows 7"/>
      </properties>
      <testcase name="Test Cases/Login Test Case 4" classname="Test Cases/Login Test Case 4" status="PASSED">
         <system-out><![CDATA[2018-04-30 22:16:23 - [TEST_CASE][PASSED] - Test Cases/Login Test Case 4: Test Cases/Login Test Case 4

2018-04-30 22:16:24 - [TEST_STEP][PASSED] - openBrowser: Browser is opened with url: ''

2018-04-30 22:16:29 - [MESSAGE][PASSED] - Browser is opened with url: ''

2018-04-30 22:16:29 - [TEST_STEP][PASSED] - navigateToUrl: Navigate to 'http://18.188.55.188:8085/' successfully

2018-04-30 22:16:40 - [MESSAGE][PASSED] - Navigate to 'http://18.188.55.188:8085/' successfully

2018-04-30 22:16:40 - [TEST_STEP][PASSED] - setText: Text 'a' is set on object 'Object Repository/Login/Login Fail 3/input_password'

2018-04-30 22:16:41 - [MESSAGE][PASSED] - Text 'a' is set on object 'Object Repository/Login/Login Fail 3/input_password'

2018-04-30 22:16:41 - [TEST_STEP][PASSED] - Statement - driver = com.kms.katalon.core.webui.driver.DriverFactory.getWebDriver(): null

2018-04-30 22:16:41 - [TEST_STEP][PASSED] - sendKeys: Keys 'BACK_SPACE + ' sent to object: 'Object Repository/Login/Login Fail 3/input_password'

2018-04-30 22:16:41 - [MESSAGE][PASSED] - Keys 'BACK_SPACE + ' sent to object: 'Object Repository/Login/Login Fail 3/input_password'

2018-04-30 22:16:41 - [TEST_STEP][PASSED] - waitForElementPresent: Object 'Object Repository/Login/Login Fail 3/passwordNotification' is present

2018-04-30 22:16:41 - [MESSAGE][WARNING] - Timeout '0' is invalid. Using default page load timeout: '30'

2018-04-30 22:16:56 - [MESSAGE][PASSED] - Object 'Object Repository/Login/Login Fail 3/passwordNotification' is present

2018-04-30 22:16:56 - [TEST_STEP][PASSED] - verifyElementText: Actual text and expected text of test object 'Object Repository/Login/Login Fail 3/passwordNotification' are matched.

2018-04-30 22:16:56 - [MESSAGE][PASSED] - Actual text and expected text of test object 'Object Repository/Login/Login Fail 3/passwordNotification' are matched.

2018-04-30 22:16:56 - [TEST_STEP][PASSED] - verifyEqual: Actual object 'http://18.188.55.188:8085/' and expected object 'http://18.188.55.188:8085/' are equal

2018-04-30 22:16:56 - [MESSAGE][PASSED] - Current window's url is: 'http://18.188.55.188:8085/'

2018-04-30 22:16:56 - [MESSAGE][PASSED] - Actual object 'http://18.188.55.188:8085/' and expected object 'http://18.188.55.188:8085/' are equal

2018-04-30 22:16:56 - [TEST_STEP][PASSED] - closeBrowser: Browser is closed

2018-04-30 22:16:57 - [MESSAGE][PASSED] - Browser is closed]]></system-out>
         <system-err><![CDATA[]]></system-err>
      </testcase>
      <testcase name="Test Cases/Login Test Case 4" classname="Test Cases/Login Test Case 4" status="FAILED">
         <failure type="FAILED" message="Verify element text of test object 'Object Repository/Login/Login Fail 3/passwordNotification' FAILED. (Root cause: com.kms.katalon.core.webui.exception.WebElementNotFoundException: Web element with id: 'Object Repository/Login/Login Fail 3/passwordNotification' located by 'By.xpath: /html/body/app-root/app-login/div/form/div[2]/label[2]' not found)"/>
         <system-out><![CDATA[2018-04-30 22:16:57 - [TEST_CASE][FAILED] - Test Cases/Login Test Case 4: Test Cases/Login Test Case 4 FAILED because (of) Verify element text of test object 'Object Repository/Login/Login Fail 3/passwordNotification' FAILED. (Root cause: com.kms.katalon.core.webui.exception.WebElementNotFoundException: Web element with id: 'Object Repository/Login/Login Fail 3/passwordNotification' located by 'By.xpath: /html/body/app-root/app-login/div/form/div[2]/label[2]' not found)

2018-04-30 22:16:57 - [TEST_STEP][PASSED] - openBrowser: Browser is opened with url: ''

2018-04-30 22:16:59 - [MESSAGE][PASSED] - Browser is opened with url: ''

2018-04-30 22:16:59 - [TEST_STEP][PASSED] - navigateToUrl: Navigate to 'http://18.188.55.188:8085/' successfully

2018-04-30 22:17:10 - [MESSAGE][PASSED] - Navigate to 'http://18.188.55.188:8085/' successfully

2018-04-30 22:17:10 - [TEST_STEP][PASSED] - setText: Text 'h' is set on object 'Object Repository/Login/Login Fail 3/input_password'

2018-04-30 22:17:11 - [MESSAGE][PASSED] - Text 'h' is set on object 'Object Repository/Login/Login Fail 3/input_password'

2018-04-30 22:17:11 - [TEST_STEP][PASSED] - Statement - driver = com.kms.katalon.core.webui.driver.DriverFactory.getWebDriver(): null

2018-04-30 22:17:11 - [TEST_STEP][PASSED] - sendKeys: Keys 'BACK_SPACE + ' sent to object: 'Object Repository/Login/Login Fail 3/input_password'

2018-04-30 22:17:11 - [MESSAGE][PASSED] - Keys 'BACK_SPACE + ' sent to object: 'Object Repository/Login/Login Fail 3/input_password'

2018-04-30 22:17:11 - [TEST_STEP][PASSED] - waitForElementPresent: Object 'Object Repository/Login/Login Fail 3/passwordNotification' is not present after 0 second(s)

2018-04-30 22:17:11 - [MESSAGE][WARNING] - Timeout '0' is invalid. Using default page load timeout: '30'

2018-04-30 22:17:42 - [MESSAGE][WARNING] - Object 'Object Repository/Login/Login Fail 3/passwordNotification' is not present after 0 second(s)

2018-04-30 22:17:42 - [TEST_STEP][FAILED] - verifyElementText: Verify element text of test object 'Object Repository/Login/Login Fail 3/passwordNotification' FAILED. (Root cause: com.kms.katalon.core.webui.exception.WebElementNotFoundException: Web element with id: 'Object Repository/Login/Login Fail 3/passwordNotification' located by 'By.xpath: /html/body/app-root/app-login/div/form/div[2]/label[2]' not found)

2018-04-30 22:18:13 - [MESSAGE][FAILED] - com.kms.katalon.core.webui.exception.WebElementNotFoundException: Web element with id: 'Object Repository/Login/Login Fail 3/passwordNotification' located by 'By.xpath: /html/body/app-root/app-login/div/form/div[2]/label[2]' not found
[[ATTACHMENT|C:\\Users\\Andrew_Dpp\\git\\234project-katalon\\Reports\\Test Suite for Login Test Case 4\\20180430_221619\\1525101493431.png]]

2018-04-30 22:18:14 - [MESSAGE][FAILED] - Verify element text of test object 'Object Repository/Login/Login Fail 3/passwordNotification' FAILED. (Root cause: com.kms.katalon.core.webui.exception.WebElementNotFoundException: Web element with id: 'Object Repository/Login/Login Fail 3/passwordNotification' located by 'By.xpath: /html/body/app-root/app-login/div/form/div[2]/label[2]' not found)
[[ATTACHMENT|C:\\Users\\Andrew_Dpp\\git\\234project-katalon\\Reports\\Test Suite for Login Test Case 4\\20180430_221619\\1525101493848.png]]]]></system-out>
         <system-err><![CDATA[2018-04-30 22:16:57 - [TEST_CASE][FAILED] - Test Cases/Login Test Case 4: Test Cases/Login Test Case 4 FAILED because (of) Verify element text of test object 'Object Repository/Login/Login Fail 3/passwordNotification' FAILED. (Root cause: com.kms.katalon.core.webui.exception.WebElementNotFoundException: Web element with id: 'Object Repository/Login/Login Fail 3/passwordNotification' located by 'By.xpath: /html/body/app-root/app-login/div/form/div[2]/label[2]' not found)]]></system-err>
      </testcase>
      <testcase name="Test Cases/Login Test Case 4" classname="Test Cases/Login Test Case 4" status="PASSED">
         <system-out><![CDATA[2018-04-30 22:18:14 - [TEST_CASE][PASSED] - Test Cases/Login Test Case 4: Test Cases/Login Test Case 4

2018-04-30 22:18:14 - [TEST_STEP][PASSED] - openBrowser: Browser is opened with url: ''

2018-04-30 22:18:14 - [MESSAGE][WARNING] - A browser is already opened. Closing browser and opening a new one

2018-04-30 22:18:18 - [MESSAGE][PASSED] - Browser is opened with url: ''

2018-04-30 22:18:18 - [TEST_STEP][PASSED] - navigateToUrl: Navigate to 'http://18.188.55.188:8085/' successfully

2018-04-30 22:18:27 - [MESSAGE][PASSED] - Navigate to 'http://18.188.55.188:8085/' successfully

2018-04-30 22:18:27 - [TEST_STEP][PASSED] - setText: Text 'u' is set on object 'Object Repository/Login/Login Fail 3/input_password'

2018-04-30 22:18:27 - [MESSAGE][PASSED] - Text 'u' is set on object 'Object Repository/Login/Login Fail 3/input_password'

2018-04-30 22:18:27 - [TEST_STEP][PASSED] - Statement - driver = com.kms.katalon.core.webui.driver.DriverFactory.getWebDriver(): null

2018-04-30 22:18:27 - [TEST_STEP][PASSED] - sendKeys: Keys 'BACK_SPACE + ' sent to object: 'Object Repository/Login/Login Fail 3/input_password'

2018-04-30 22:18:28 - [MESSAGE][PASSED] - Keys 'BACK_SPACE + ' sent to object: 'Object Repository/Login/Login Fail 3/input_password'

2018-04-30 22:18:28 - [TEST_STEP][PASSED] - waitForElementPresent: Object 'Object Repository/Login/Login Fail 3/passwordNotification' is present

2018-04-30 22:18:28 - [MESSAGE][WARNING] - Timeout '0' is invalid. Using default page load timeout: '30'

2018-04-30 22:18:41 - [MESSAGE][PASSED] - Object 'Object Repository/Login/Login Fail 3/passwordNotification' is present

2018-04-30 22:18:41 - [TEST_STEP][PASSED] - verifyElementText: Actual text and expected text of test object 'Object Repository/Login/Login Fail 3/passwordNotification' are matched.

2018-04-30 22:18:41 - [MESSAGE][PASSED] - Actual text and expected text of test object 'Object Repository/Login/Login Fail 3/passwordNotification' are matched.

2018-04-30 22:18:41 - [TEST_STEP][PASSED] - verifyEqual: Actual object 'http://18.188.55.188:8085/' and expected object 'http://18.188.55.188:8085/' are equal

2018-04-30 22:18:41 - [MESSAGE][PASSED] - Current window's url is: 'http://18.188.55.188:8085/'

2018-04-30 22:18:41 - [MESSAGE][PASSED] - Actual object 'http://18.188.55.188:8085/' and expected object 'http://18.188.55.188:8085/' are equal

2018-04-30 22:18:41 - [TEST_STEP][PASSED] - closeBrowser: Browser is closed

2018-04-30 22:18:41 - [MESSAGE][PASSED] - Browser is closed]]></system-out>
         <system-err><![CDATA[]]></system-err>
      </testcase>
      <system-out><![CDATA[2018-04-30 22:16:22 - [TEST_SUITE][FAILED] - Test Suite for Login Test Case 4: Test Cases/Login Test Case 4 FAILED because (of) Verify element text of test object 'Object Repository/Login/Login Fail 3/passwordNotification' FAILED. (Root cause: com.kms.katalon.core.webui.exception.WebElementNotFoundException: Web element with id: 'Object Repository/Login/Login Fail 3/passwordNotification' located by 'By.xpath: /html/body/app-root/app-login/div/form/div[2]/label[2]' not found)]]></system-out>
      <system-err><![CDATA[2018-04-30 22:16:22 - [TEST_SUITE][FAILED] - Test Suite for Login Test Case 4: Test Cases/Login Test Case 4 FAILED because (of) Verify element text of test object 'Object Repository/Login/Login Fail 3/passwordNotification' FAILED. (Root cause: com.kms.katalon.core.webui.exception.WebElementNotFoundException: Web element with id: 'Object Repository/Login/Login Fail 3/passwordNotification' located by 'By.xpath: /html/body/app-root/app-login/div/form/div[2]/label[2]' not found)]]></system-err>
   </testsuite>
</testsuites>
