<?xml version="1.0" encoding="UTF-8"?>
<testsuites name="Test Suite for Login Test Case 1 for User" time="40" tests="0" failures="1" errors="0">
   <testsuite name="Test Suite for Login Test Case 1 for User" tests="0" failures="1" errors="0" time="40" timestamp="2018-04-28 12:22:25" hostname="Andrew_Dpp - 10.80.100.145" id="Test Suites/Test Suite for Login Test Case 1 for User">
      <properties>
         <property name="deviceName" value=""/>
         <property name="devicePlatform" value=""/>
         <property name="logFolder" value="C:\\Users\\Andrew_Dpp\\git\\234project-katalon\\Reports\\Test Suite for Login Test Case 1 for User\\20180428_122209"/>
         <property name="logFiles" value="C:\\Users\\Andrew_Dpp\\git\\234project-katalon\\Reports\\Test Suite for Login Test Case 1 for User\\20180428_122209\\execution0.log"/>
         <property name="attachments" value="C:\\Users\\Andrew_Dpp\\git\\234project-katalon\\Reports\\Test Suite for Login Test Case 1 for User\\20180428_122209\\1524892983891.png, C:\\Users\\Andrew_Dpp\\git\\234project-katalon\\Reports\\Test Suite for Login Test Case 1 for User\\20180428_122209\\1524892984356.png"/>
         <property name="hostName" value="Andrew_Dpp - 10.80.100.145"/>
         <property name="os" value="Windows 7 64bit"/>
         <property name="katalonVersion" value="5.3.1.1"/>
         <property name="browser" value="Chrome 65.0.3325.181"/>
         <property name="hostAddress" value="10.80.100.145"/>
         <property name="sessionId" value="c13003171ab8af16524c3d984711db3d"/>
         <property name="seleniumVersion" value="3.7.1"/>
         <property name="proxyInformation" value="ProxyInformation{proxyOption=NO_PROXY, proxyServerType=HTTP, password=, proxyServerAddress=, proxyServerPort=0}"/>
         <property name="platform" value="Windows 7"/>
      </properties>
      <testcase name="Test Cases/Login Test Case 1 for Admin" classname="Test Cases/Login Test Case 1 for Admin" status="FAILED">
         <failure type="FAILED" message="Verify element text of test object 'Object Repository/Login/Login Success/menu2' FAILED. (Root cause: Actual text 'Carts' and expected text 'Total Transaction' of test object 'Object Repository/Login/Login Success/menu2' are NOT matched.)"/>
         <system-out><![CDATA[2018-04-28 12:22:26 - [TEST_CASE][FAILED] - Test Cases/Login Test Case 1 for Admin: Test Cases/Login Test Case 1 for Admin FAILED because (of) Verify element text of test object 'Object Repository/Login/Login Success/menu2' FAILED. (Root cause: Actual text 'Carts' and expected text 'Total Transaction' of test object 'Object Repository/Login/Login Success/menu2' are NOT matched.)

2018-04-28 12:22:27 - [TEST_STEP][PASSED] - openBrowser: Browser is opened with url: ''

2018-04-28 12:22:52 - [MESSAGE][PASSED] - Browser is opened with url: ''

2018-04-28 12:22:52 - [TEST_STEP][PASSED] - navigateToUrl: Navigate to 'http://18.188.55.188:8085/' successfully

2018-04-28 12:23:00 - [MESSAGE][PASSED] - Navigate to 'http://18.188.55.188:8085/' successfully

2018-04-28 12:23:00 - [TEST_STEP][PASSED] - setText: Text 'user' is set on object 'Object Repository/Login/Login Success/input_username'

2018-04-28 12:23:01 - [MESSAGE][PASSED] - Text 'user' is set on object 'Object Repository/Login/Login Success/input_username'

2018-04-28 12:23:01 - [TEST_STEP][PASSED] - setText: Text 'user' is set on object 'Object Repository/Login/Login Success/input_password'

2018-04-28 12:23:02 - [MESSAGE][PASSED] - Text 'user' is set on object 'Object Repository/Login/Login Success/input_password'

2018-04-28 12:23:02 - [TEST_STEP][PASSED] - click: Object: 'Object Repository/Login/Login Success/button_Login' is clicked on

2018-04-28 12:23:02 - [MESSAGE][PASSED] - Object: 'Object Repository/Login/Login Success/button_Login' is clicked on

2018-04-28 12:23:02 - [TEST_STEP][PASSED] - verifyElementText: Actual text and expected text of test object 'Object Repository/Login/Login Success/menu1' are matched.

2018-04-28 12:23:03 - [MESSAGE][PASSED] - Actual text and expected text of test object 'Object Repository/Login/Login Success/menu1' are matched.

2018-04-28 12:23:03 - [TEST_STEP][FAILED] - verifyElementText: Verify element text of test object 'Object Repository/Login/Login Success/menu2' FAILED. (Root cause: Actual text 'Carts' and expected text 'Total Transaction' of test object 'Object Repository/Login/Login Success/menu2' are NOT matched.)

2018-04-28 12:23:04 - [MESSAGE][FAILED] - Actual text 'Carts' and expected text 'Total Transaction' of test object 'Object Repository/Login/Login Success/menu2' are NOT matched.
[[ATTACHMENT|C:\\Users\\Andrew_Dpp\\git\\234project-katalon\\Reports\\Test Suite for Login Test Case 1 for User\\20180428_122209\\1524892983891.png]]

2018-04-28 12:23:04 - [MESSAGE][FAILED] - Verify element text of test object 'Object Repository/Login/Login Success/menu2' FAILED. (Root cause: Actual text 'Carts' and expected text 'Total Transaction' of test object 'Object Repository/Login/Login Success/menu2' are NOT matched.)
[[ATTACHMENT|C:\\Users\\Andrew_Dpp\\git\\234project-katalon\\Reports\\Test Suite for Login Test Case 1 for User\\20180428_122209\\1524892984356.png]]]]></system-out>
         <system-err><![CDATA[2018-04-28 12:22:26 - [TEST_CASE][FAILED] - Test Cases/Login Test Case 1 for Admin: Test Cases/Login Test Case 1 for Admin FAILED because (of) Verify element text of test object 'Object Repository/Login/Login Success/menu2' FAILED. (Root cause: Actual text 'Carts' and expected text 'Total Transaction' of test object 'Object Repository/Login/Login Success/menu2' are NOT matched.)]]></system-err>
      </testcase>
      <system-out><![CDATA[2018-04-28 12:22:25 - [TEST_SUITE][FAILED] - Test Suite for Login Test Case 1 for User: Test Cases/Login Test Case 1 for Admin FAILED because (of) Verify element text of test object 'Object Repository/Login/Login Success/menu2' FAILED. (Root cause: Actual text 'Carts' and expected text 'Total Transaction' of test object 'Object Repository/Login/Login Success/menu2' are NOT matched.)]]></system-out>
      <system-err><![CDATA[2018-04-28 12:22:25 - [TEST_SUITE][FAILED] - Test Suite for Login Test Case 1 for User: Test Cases/Login Test Case 1 for Admin FAILED because (of) Verify element text of test object 'Object Repository/Login/Login Success/menu2' FAILED. (Root cause: Actual text 'Carts' and expected text 'Total Transaction' of test object 'Object Repository/Login/Login Success/menu2' are NOT matched.)]]></system-err>
   </testsuite>
</testsuites>
