<?xml version="1.0" encoding="UTF-8"?>
<testsuites name="Test Suite for Login Test Case 1" time="98" tests="2" failures="1" errors="0">
   <testsuite name="Test Suite for Login Test Case 1" tests="2" failures="1" errors="0" time="98" timestamp="2018-04-27 20:58:10" hostname="Andrew_Dpp - Andrew_Dpp-PC" id="Test Suites/Test Suite for Login Test Case 1">
      <properties>
         <property name="deviceName" value=""/>
         <property name="devicePlatform" value=""/>
         <property name="logFolder" value="C:\\Users\\Andrew_Dpp\\git\\234project-katalon\\Reports\\Test Suite for Login Test Case 1\\20180427_205807"/>
         <property name="logFiles" value="C:\\Users\\Andrew_Dpp\\git\\234project-katalon\\Reports\\Test Suite for Login Test Case 1\\20180427_205807\\execution0.log"/>
         <property name="attachments" value="C:\\Users\\Andrew_Dpp\\git\\234project-katalon\\Reports\\Test Suite for Login Test Case 1\\20180427_205807\\1524837587613.png, C:\\Users\\Andrew_Dpp\\git\\234project-katalon\\Reports\\Test Suite for Login Test Case 1\\20180427_205807\\1524837588171.png"/>
         <property name="hostName" value="Andrew_Dpp - Andrew_Dpp-PC"/>
         <property name="os" value="Windows 7 64bit"/>
         <property name="katalonVersion" value="5.3.1.1"/>
         <property name="browser" value="Chrome 65.0.3325.181"/>
         <property name="hostAddress" value="192.168.1.6"/>
         <property name="sessionId" value="f75b7210040d57538317d24aeb0ca697"/>
         <property name="seleniumVersion" value="3.7.1"/>
         <property name="proxyInformation" value="ProxyInformation{proxyOption=NO_PROXY, proxyServerType=HTTP, password=, proxyServerAddress=, proxyServerPort=0}"/>
         <property name="platform" value="Windows 7"/>
      </properties>
      <testcase name="Test Cases/Login Test Case 1" classname="Test Cases/Login Test Case 1" status="PASSED">
         <system-out><![CDATA[2018-04-27 20:58:11 - [TEST_CASE][PASSED] - Test Cases/Login Test Case 1: Test Cases/Login Test Case 1

2018-04-27 20:58:12 - [TEST_STEP][PASSED] - openBrowser: Browser is opened with url: ''

2018-04-27 20:58:17 - [MESSAGE][PASSED] - Browser is opened with url: ''

2018-04-27 20:58:17 - [TEST_STEP][PASSED] - navigateToUrl: Navigate to 'http://18.188.55.188:8085/' successfully

2018-04-27 20:58:37 - [MESSAGE][PASSED] - Navigate to 'http://18.188.55.188:8085/' successfully

2018-04-27 20:58:37 - [TEST_STEP][PASSED] - setText: Text 'user' is set on object 'Object Repository/User/Page_ProjectBackend/input_username'

2018-04-27 20:58:38 - [MESSAGE][PASSED] - Text 'user' is set on object 'Object Repository/User/Page_ProjectBackend/input_username'

2018-04-27 20:58:38 - [TEST_STEP][PASSED] - setText: Text 'user' is set on object 'Object Repository/User/Page_ProjectBackend/input_password'

2018-04-27 20:58:39 - [MESSAGE][PASSED] - Text 'user' is set on object 'Object Repository/User/Page_ProjectBackend/input_password'

2018-04-27 20:58:39 - [TEST_STEP][PASSED] - click: Object: 'Object Repository/User/Page_ProjectBackend/button_Login' is clicked on

2018-04-27 20:58:39 - [MESSAGE][PASSED] - Object: 'Object Repository/User/Page_ProjectBackend/button_Login' is clicked on

2018-04-27 20:58:39 - [TEST_STEP][PASSED] - verifyElementText: Actual text and expected text of test object 'Object Repository/User/Page_ProjectBackend/a_Products' are matched.

2018-04-27 20:58:40 - [MESSAGE][PASSED] - Actual text and expected text of test object 'Object Repository/User/Page_ProjectBackend/a_Products' are matched.

2018-04-27 20:58:40 - [TEST_STEP][PASSED] - verifyElementText: Actual text and expected text of test object 'Object Repository/User/Page_ProjectBackend/a_Carts' are matched.

2018-04-27 20:58:40 - [MESSAGE][PASSED] - Actual text and expected text of test object 'Object Repository/User/Page_ProjectBackend/a_Carts' are matched.

2018-04-27 20:58:40 - [TEST_STEP][PASSED] - click: Object: 'Object Repository/User/Page_ProjectBackend/button_Logout' is clicked on

2018-04-27 20:58:41 - [MESSAGE][PASSED] - Object: 'Object Repository/User/Page_ProjectBackend/button_Logout' is clicked on

2018-04-27 20:58:41 - [TEST_STEP][PASSED] - closeBrowser: Browser is closed

2018-04-27 20:58:41 - [MESSAGE][PASSED] - Browser is closed]]></system-out>
         <system-err><![CDATA[]]></system-err>
      </testcase>
      <testcase name="Test Cases/Login Test Case 1" classname="Test Cases/Login Test Case 1" status="PASSED">
         <system-out><![CDATA[2018-04-27 20:58:41 - [TEST_CASE][PASSED] - Test Cases/Login Test Case 1: Test Cases/Login Test Case 1

2018-04-27 20:58:42 - [TEST_STEP][PASSED] - openBrowser: Browser is opened with url: ''

2018-04-27 20:58:44 - [MESSAGE][PASSED] - Browser is opened with url: ''

2018-04-27 20:58:44 - [TEST_STEP][PASSED] - navigateToUrl: Navigate to 'http://18.188.55.188:8085/' successfully

2018-04-27 20:59:12 - [MESSAGE][PASSED] - Navigate to 'http://18.188.55.188:8085/' successfully

2018-04-27 20:59:12 - [TEST_STEP][PASSED] - setText: Text 'hello' is set on object 'Object Repository/User/Page_ProjectBackend/input_username'

2018-04-27 20:59:13 - [MESSAGE][PASSED] - Text 'hello' is set on object 'Object Repository/User/Page_ProjectBackend/input_username'

2018-04-27 20:59:13 - [TEST_STEP][PASSED] - setText: Text 'hello' is set on object 'Object Repository/User/Page_ProjectBackend/input_password'

2018-04-27 20:59:13 - [MESSAGE][PASSED] - Text 'hello' is set on object 'Object Repository/User/Page_ProjectBackend/input_password'

2018-04-27 20:59:13 - [TEST_STEP][PASSED] - click: Object: 'Object Repository/User/Page_ProjectBackend/button_Login' is clicked on

2018-04-27 20:59:14 - [MESSAGE][PASSED] - Object: 'Object Repository/User/Page_ProjectBackend/button_Login' is clicked on

2018-04-27 20:59:14 - [TEST_STEP][PASSED] - verifyElementText: Actual text and expected text of test object 'Object Repository/User/Page_ProjectBackend/a_Products' are matched.

2018-04-27 20:59:15 - [MESSAGE][PASSED] - Actual text and expected text of test object 'Object Repository/User/Page_ProjectBackend/a_Products' are matched.

2018-04-27 20:59:15 - [TEST_STEP][PASSED] - verifyElementText: Actual text and expected text of test object 'Object Repository/User/Page_ProjectBackend/a_Carts' are matched.

2018-04-27 20:59:15 - [MESSAGE][PASSED] - Actual text and expected text of test object 'Object Repository/User/Page_ProjectBackend/a_Carts' are matched.

2018-04-27 20:59:15 - [TEST_STEP][PASSED] - click: Object: 'Object Repository/User/Page_ProjectBackend/button_Logout' is clicked on

2018-04-27 20:59:15 - [MESSAGE][PASSED] - Object: 'Object Repository/User/Page_ProjectBackend/button_Logout' is clicked on

2018-04-27 20:59:15 - [TEST_STEP][PASSED] - closeBrowser: Browser is closed

2018-04-27 20:59:16 - [MESSAGE][PASSED] - Browser is closed]]></system-out>
         <system-err><![CDATA[]]></system-err>
      </testcase>
      <testcase name="Test Cases/Login Test Case 1" classname="Test Cases/Login Test Case 1" status="FAILED">
         <failure type="FAILED" message="Verify element text of test object 'Object Repository/User/Page_ProjectBackend/a_Carts' FAILED. (Root cause: Actual text 'Total Transaction' and expected text 'Total Transactions' of test object 'Object Repository/User/Page_ProjectBackend/a_Carts' are NOT matched.)"/>
         <system-out><![CDATA[2018-04-27 20:59:16 - [TEST_CASE][FAILED] - Test Cases/Login Test Case 1: Test Cases/Login Test Case 1 FAILED because (of) Verify element text of test object 'Object Repository/User/Page_ProjectBackend/a_Carts' FAILED. (Root cause: Actual text 'Total Transaction' and expected text 'Total Transactions' of test object 'Object Repository/User/Page_ProjectBackend/a_Carts' are NOT matched.)

2018-04-27 20:59:16 - [TEST_STEP][PASSED] - openBrowser: Browser is opened with url: ''

2018-04-27 20:59:19 - [MESSAGE][PASSED] - Browser is opened with url: ''

2018-04-27 20:59:19 - [TEST_STEP][PASSED] - navigateToUrl: Navigate to 'http://18.188.55.188:8085/' successfully

2018-04-27 20:59:44 - [MESSAGE][PASSED] - Navigate to 'http://18.188.55.188:8085/' successfully

2018-04-27 20:59:44 - [TEST_STEP][PASSED] - setText: Text 'admin' is set on object 'Object Repository/User/Page_ProjectBackend/input_username'

2018-04-27 20:59:45 - [MESSAGE][PASSED] - Text 'admin' is set on object 'Object Repository/User/Page_ProjectBackend/input_username'

2018-04-27 20:59:45 - [TEST_STEP][PASSED] - setText: Text 'admin' is set on object 'Object Repository/User/Page_ProjectBackend/input_password'

2018-04-27 20:59:45 - [MESSAGE][PASSED] - Text 'admin' is set on object 'Object Repository/User/Page_ProjectBackend/input_password'

2018-04-27 20:59:45 - [TEST_STEP][PASSED] - click: Object: 'Object Repository/User/Page_ProjectBackend/button_Login' is clicked on

2018-04-27 20:59:46 - [MESSAGE][PASSED] - Object: 'Object Repository/User/Page_ProjectBackend/button_Login' is clicked on

2018-04-27 20:59:46 - [TEST_STEP][PASSED] - verifyElementText: Actual text and expected text of test object 'Object Repository/User/Page_ProjectBackend/a_Products' are matched.

2018-04-27 20:59:47 - [MESSAGE][PASSED] - Actual text and expected text of test object 'Object Repository/User/Page_ProjectBackend/a_Products' are matched.

2018-04-27 20:59:47 - [TEST_STEP][FAILED] - verifyElementText: Verify element text of test object 'Object Repository/User/Page_ProjectBackend/a_Carts' FAILED. (Root cause: Actual text 'Total Transaction' and expected text 'Total Transactions' of test object 'Object Repository/User/Page_ProjectBackend/a_Carts' are NOT matched.)

2018-04-27 20:59:48 - [MESSAGE][FAILED] - Actual text 'Total Transaction' and expected text 'Total Transactions' of test object 'Object Repository/User/Page_ProjectBackend/a_Carts' are NOT matched.
[[ATTACHMENT|C:\\Users\\Andrew_Dpp\\git\\234project-katalon\\Reports\\Test Suite for Login Test Case 1\\20180427_205807\\1524837587613.png]]

2018-04-27 20:59:48 - [MESSAGE][FAILED] - Verify element text of test object 'Object Repository/User/Page_ProjectBackend/a_Carts' FAILED. (Root cause: Actual text 'Total Transaction' and expected text 'Total Transactions' of test object 'Object Repository/User/Page_ProjectBackend/a_Carts' are NOT matched.)
[[ATTACHMENT|C:\\Users\\Andrew_Dpp\\git\\234project-katalon\\Reports\\Test Suite for Login Test Case 1\\20180427_205807\\1524837588171.png]]]]></system-out>
         <system-err><![CDATA[2018-04-27 20:59:16 - [TEST_CASE][FAILED] - Test Cases/Login Test Case 1: Test Cases/Login Test Case 1 FAILED because (of) Verify element text of test object 'Object Repository/User/Page_ProjectBackend/a_Carts' FAILED. (Root cause: Actual text 'Total Transaction' and expected text 'Total Transactions' of test object 'Object Repository/User/Page_ProjectBackend/a_Carts' are NOT matched.)]]></system-err>
      </testcase>
      <system-out><![CDATA[2018-04-27 20:58:10 - [TEST_SUITE][FAILED] - Test Suite for Login Test Case 1: Test Cases/Login Test Case 1 FAILED because (of) Verify element text of test object 'Object Repository/User/Page_ProjectBackend/a_Carts' FAILED. (Root cause: Actual text 'Total Transaction' and expected text 'Total Transactions' of test object 'Object Repository/User/Page_ProjectBackend/a_Carts' are NOT matched.)]]></system-out>
      <system-err><![CDATA[2018-04-27 20:58:10 - [TEST_SUITE][FAILED] - Test Suite for Login Test Case 1: Test Cases/Login Test Case 1 FAILED because (of) Verify element text of test object 'Object Repository/User/Page_ProjectBackend/a_Carts' FAILED. (Root cause: Actual text 'Total Transaction' and expected text 'Total Transactions' of test object 'Object Repository/User/Page_ProjectBackend/a_Carts' are NOT matched.)]]></system-err>
   </testsuite>
</testsuites>
