{"devicePlatform":"","logFolder":"C:\\Users\\Andrew_Dpp\\git\\234project-katalon\\Reports\\Test Suite for User Test Case 2\\20180430_183315","runData":{"hostName":"Andrew_Dpp - 10.80.101.174","os":"Windows 7 64bit","katalonVersion":"5.3.1.1","browser":"Chrome 65.0.3325.181","hostAddress":"10.80.101.174","sessionId":"90b115a432826cf4c99b7f02c9fabf4c","seleniumVersion":"3.7.1","proxyInformation":"ProxyInformation{proxyOption\u003dNO_PROXY, proxyServerType\u003dHTTP, password\u003d, proxyServerAddress\u003d, proxyServerPort\u003d0}","platform":"Windows 7"},"type":"TEST_SUITE","name":"Test Suite for User Test Case 2","id":"Test Suites/Test Suite for User Test Case 2","source":"","message":"Test Cases/User Test Case 2 FAILED because (of) groovy.lang.MissingMethodException: No signature of method: static com.kms.katalon.core.testobject.ObjectRepository.findTestObject() is applicable for argument types: (org.openqa.selenium.By$ByXPath) values: [By.xpath: /html/body/app-root/app-product-list/div/div[2]/div/div[1]/a/div[2]/div[2]/button]\nPossible solutions: findTestObject(java.lang.String), findTestObject(java.lang.String, java.util.Map)","description":"","startTime":1525088013541,"endTime":1525088169379,"childRecords":[{"isOptional":false,"type":"TEST_CASE","name":"Test Cases/User Test Case 2","id":"Test Cases/User Test Case 2","source":"C:\\\\Users\\\\Andrew_Dpp\\\\git\\\\234project-katalon\\\\Test Cases\\\\User Test Case 2.tc","message":"Test Cases/User Test Case 2 FAILED because (of) groovy.lang.MissingMethodException: No signature of method: static com.kms.katalon.core.testobject.ObjectRepository.findTestObject() is applicable for argument types: (org.openqa.selenium.By$ByXPath) values: [By.xpath: /html/body/app-root/app-product-list/div/div[2]/div/div[1]/a/div[2]/div[2]/button]\nPossible solutions: findTestObject(java.lang.String), findTestObject(java.lang.String, java.util.Map)","description":"","startTime":1525088014388,"endTime":1525088054809,"childRecords":[{"testStatus":{"stackTrace":"","statusValue":"INFO"},"type":"MESSAGE","name":"","message":"Evaluating variables for test case","startTime":1525088014497,"endTime":0,"childRecords":[],"interuppted":false},{"testStatus":{"stackTrace":"","statusValue":"INFO"},"type":"MESSAGE","name":"","message":"Variable \u0027username\u0027 is set to user","startTime":1525088014504,"endTime":0,"childRecords":[],"interuppted":false},{"testStatus":{"stackTrace":"","statusValue":"INFO"},"type":"MESSAGE","name":"","message":"Variable \u0027password\u0027 is set to user","startTime":1525088014505,"endTime":0,"childRecords":[],"interuppted":false},{"testStatus":{"stackTrace":"","statusValue":"INFO"},"type":"MESSAGE","name":"","message":"Variable \u0027input_amount1\u0027 is set to 1","startTime":1525088014507,"endTime":0,"childRecords":[],"interuppted":false},{"testStatus":{"stackTrace":"","statusValue":"INFO"},"type":"MESSAGE","name":"","message":"Variable \u0027input_amount2\u0027 is set to 1","startTime":1525088014508,"endTime":0,"childRecords":[],"interuppted":false},{"testStatus":{"stackTrace":"","statusValue":"INFO"},"type":"MESSAGE","name":"","message":"Variable \u0027input_amount3\u0027 is set to 1","startTime":1525088014511,"endTime":0,"childRecords":[],"interuppted":false},{"testStatus":{"stackTrace":"","statusValue":"INFO"},"type":"MESSAGE","name":"","message":"Variable \u0027input_amount4\u0027 is set to 1","startTime":1525088014514,"endTime":0,"childRecords":[],"interuppted":false},{"testStatus":{"stackTrace":"","statusValue":"INFO"},"type":"MESSAGE","name":"","message":"Variable \u0027input_amount5\u0027 is set to 1","startTime":1525088014517,"endTime":0,"childRecords":[],"interuppted":false},{"index":1,"isIgnoredIfFailed":false,"type":"TEST_STEP","name":"openBrowser","message":"Browser is opened with url: \u0027\u0027","description":"","startTime":1525088015540,"endTime":1525088042560,"childRecords":[{"testStatus":{"stackTrace":"","statusValue":"PASSED"},"type":"MESSAGE","name":"","message":"Browser is opened with url: \u0027\u0027","startTime":1525088042558,"endTime":0,"childRecords":[],"interuppted":false}],"interuppted":false},{"index":2,"isIgnoredIfFailed":false,"type":"TEST_STEP","name":"navigateToUrl","message":"Navigate to \u0027http://18.188.55.188:8085/\u0027 successfully","description":"","startTime":1525088042560,"endTime":1525088052135,"childRecords":[{"testStatus":{"stackTrace":"","statusValue":"PASSED"},"type":"MESSAGE","name":"","message":"Navigate to \u0027http://18.188.55.188:8085/\u0027 successfully","startTime":1525088052132,"endTime":0,"childRecords":[],"interuppted":false}],"interuppted":false},{"index":3,"isIgnoredIfFailed":false,"type":"TEST_STEP","name":"setText","message":"Text \u0027user\u0027 is set on object \u0027Object Repository/User/User Cart/input_username\u0027","description":"","startTime":1525088052135,"endTime":1525088052630,"childRecords":[{"testStatus":{"stackTrace":"","statusValue":"PASSED"},"type":"MESSAGE","name":"","message":"Text \u0027user\u0027 is set on object \u0027Object Repository/User/User Cart/input_username\u0027","startTime":1525088052629,"endTime":0,"childRecords":[],"interuppted":false}],"interuppted":false},{"index":4,"isIgnoredIfFailed":false,"type":"TEST_STEP","name":"setText","message":"Text \u0027user\u0027 is set on object \u0027Object Repository/User/User Cart/input_password\u0027","description":"","startTime":1525088052631,"endTime":1525088052969,"childRecords":[{"testStatus":{"stackTrace":"","statusValue":"PASSED"},"type":"MESSAGE","name":"","message":"Text \u0027user\u0027 is set on object \u0027Object Repository/User/User Cart/input_password\u0027","startTime":1525088052967,"endTime":0,"childRecords":[],"interuppted":false}],"interuppted":false},{"index":5,"isIgnoredIfFailed":false,"type":"TEST_STEP","name":"click","message":"Object: \u0027Object Repository/User/User Cart/button_Login\u0027 is clicked on","description":"","startTime":1525088052969,"endTime":1525088053267,"childRecords":[{"testStatus":{"stackTrace":"","statusValue":"PASSED"},"type":"MESSAGE","name":"","message":"Object: \u0027Object Repository/User/User Cart/button_Login\u0027 is clicked on","startTime":1525088053266,"endTime":0,"childRecords":[],"interuppted":false}],"interuppted":false},{"index":6,"isIgnoredIfFailed":false,"type":"TEST_STEP","name":"Statement - driver \u003d com.kms.katalon.core.webui.driver.DriverFactory.getWebDriver()","description":"","startTime":1525088053268,"endTime":1525088053286,"childRecords":[],"interuppted":false},{"index":7,"isIgnoredIfFailed":false,"type":"TEST_STEP","name":"waitForElementPresent","message":"Object \u0027Object Repository/User/User Cart/add to cart1\u0027 is present","description":"","startTime":1525088053287,"endTime":1525088054466,"childRecords":[{"testStatus":{"stackTrace":"","statusValue":"WARNING"},"type":"MESSAGE","name":"","message":"Timeout \u00270\u0027 is invalid. Using default page load timeout: \u002730\u0027","startTime":1525088053325,"endTime":0,"childRecords":[],"interuppted":false},{"testStatus":{"stackTrace":"","statusValue":"PASSED"},"type":"MESSAGE","name":"","message":"Object \u0027Object Repository/User/User Cart/add to cart1\u0027 is present","startTime":1525088054465,"endTime":0,"childRecords":[],"interuppted":false}],"interuppted":false},{"index":8,"isIgnoredIfFailed":false,"type":"TEST_STEP","name":"Statement - products \u003d driver.findElement(org.openqa.selenium.By.xpath(\"/html/body/app-root/app-product-list/div/div[2]/div\"))","description":"","startTime":1525088054467,"endTime":1525088054617,"childRecords":[],"interuppted":false},{"index":9,"isIgnoredIfFailed":false,"type":"TEST_STEP","name":"Statement - productList \u003d products.findElements(org.openqa.selenium.By.className(\"farmer-card\"))","description":"","startTime":1525088054618,"endTime":1525088054721,"childRecords":[],"interuppted":false},{"index":10,"isIgnoredIfFailed":false,"type":"TEST_STEP","name":"Statement - println(productList.size())","description":"","startTime":1525088054722,"endTime":1525088054732,"childRecords":[],"interuppted":false},{"index":11,"isIgnoredIfFailed":false,"type":"TEST_STEP","name":"Statement - variables \u003d new java.util.ArrayList()","description":"","startTime":1525088054732,"endTime":1525088054734,"childRecords":[],"interuppted":false},{"index":12,"isIgnoredIfFailed":false,"type":"TEST_STEP","name":"Statement - For (def i : (1..productList.size()))","description":"","startTime":1525088054735,"endTime":1525088054751,"childRecords":[{"index":1,"isIgnoredIfFailed":false,"type":"TEST_STEP","name":"Statement - For (def j : (1..i))","description":"","startTime":1525088054745,"endTime":1525088054750,"childRecords":[{"index":1,"isIgnoredIfFailed":false,"type":"TEST_STEP","name":"click","description":"","startTime":1525088054747,"endTime":1525088054749,"childRecords":[],"interuppted":false}],"interuppted":false}],"interuppted":false},{"testStatus":{"stackTrace":"","statusValue":"ERROR"},"type":"MESSAGE","name":"","message":"Test Cases/User Test Case 2 FAILED because (of) groovy.lang.MissingMethodException: No signature of method: static com.kms.katalon.core.testobject.ObjectRepository.findTestObject() is applicable for argument types: (org.openqa.selenium.By$ByXPath) values: [By.xpath: /html/body/app-root/app-product-list/div/div[2]/div/div[1]/a/div[2]/div[2]/button]\nPossible solutions: findTestObject(java.lang.String), findTestObject(java.lang.String, java.util.Map)","startTime":1525088054783,"endTime":0,"childRecords":[],"interuppted":false}],"interuppted":false},{"isOptional":false,"type":"TEST_CASE","name":"Test Cases/User Test Case 2","id":"Test Cases/User Test Case 2","source":"C:\\\\Users\\\\Andrew_Dpp\\\\git\\\\234project-katalon\\\\Test Cases\\\\User Test Case 2.tc","message":"Test Cases/User Test Case 2 FAILED because (of) groovy.lang.MissingMethodException: No signature of method: static com.kms.katalon.core.testobject.ObjectRepository.findTestObject() is applicable for argument types: (org.openqa.selenium.By$ByXPath) values: [By.xpath: /html/body/app-root/app-product-list/div/div[2]/div/div[1]/a/div[2]/div[2]/button]\nPossible solutions: findTestObject(java.lang.String), findTestObject(java.lang.String, java.util.Map)","description":"","startTime":1525088054849,"endTime":1525088089624,"childRecords":[{"testStatus":{"stackTrace":"","statusValue":"INFO"},"type":"MESSAGE","name":"","message":"Evaluating variables for test case","startTime":1525088054959,"endTime":0,"childRecords":[],"interuppted":false},{"testStatus":{"stackTrace":"","statusValue":"INFO"},"type":"MESSAGE","name":"","message":"Variable \u0027username\u0027 is set to user","startTime":1525088054960,"endTime":0,"childRecords":[],"interuppted":false},{"testStatus":{"stackTrace":"","statusValue":"INFO"},"type":"MESSAGE","name":"","message":"Variable \u0027password\u0027 is set to user","startTime":1525088054961,"endTime":0,"childRecords":[],"interuppted":false},{"testStatus":{"stackTrace":"","statusValue":"INFO"},"type":"MESSAGE","name":"","message":"Variable \u0027input_amount1\u0027 is set to 3","startTime":1525088054961,"endTime":0,"childRecords":[],"interuppted":false},{"testStatus":{"stackTrace":"","statusValue":"INFO"},"type":"MESSAGE","name":"","message":"Variable \u0027input_amount2\u0027 is set to 2","startTime":1525088054962,"endTime":0,"childRecords":[],"interuppted":false},{"testStatus":{"stackTrace":"","statusValue":"INFO"},"type":"MESSAGE","name":"","message":"Variable \u0027input_amount3\u0027 is set to 2","startTime":1525088054963,"endTime":0,"childRecords":[],"interuppted":false},{"testStatus":{"stackTrace":"","statusValue":"INFO"},"type":"MESSAGE","name":"","message":"Variable \u0027input_amount4\u0027 is set to 2","startTime":1525088054963,"endTime":0,"childRecords":[],"interuppted":false},{"testStatus":{"stackTrace":"","statusValue":"INFO"},"type":"MESSAGE","name":"","message":"Variable \u0027input_amount5\u0027 is set to 2","startTime":1525088054964,"endTime":0,"childRecords":[],"interuppted":false},{"index":1,"isIgnoredIfFailed":false,"type":"TEST_STEP","name":"openBrowser","message":"Browser is opened with url: \u0027\u0027","description":"","startTime":1525088054966,"endTime":1525088079672,"childRecords":[{"testStatus":{"stackTrace":"","statusValue":"WARNING"},"type":"MESSAGE","name":"","message":"A browser is already opened. Closing browser and opening a new one","startTime":1525088054994,"endTime":0,"childRecords":[],"interuppted":false},{"testStatus":{"stackTrace":"","statusValue":"PASSED"},"type":"MESSAGE","name":"","message":"Browser is opened with url: \u0027\u0027","startTime":1525088079672,"endTime":0,"childRecords":[],"interuppted":false}],"interuppted":false},{"index":2,"isIgnoredIfFailed":false,"type":"TEST_STEP","name":"navigateToUrl","message":"Navigate to \u0027http://18.188.55.188:8085/\u0027 successfully","description":"","startTime":1525088079673,"endTime":1525088086962,"childRecords":[{"testStatus":{"stackTrace":"","statusValue":"PASSED"},"type":"MESSAGE","name":"","message":"Navigate to \u0027http://18.188.55.188:8085/\u0027 successfully","startTime":1525088086961,"endTime":0,"childRecords":[],"interuppted":false}],"interuppted":false},{"index":3,"isIgnoredIfFailed":false,"type":"TEST_STEP","name":"setText","message":"Text \u0027user\u0027 is set on object \u0027Object Repository/User/User Cart/input_username\u0027","description":"","startTime":1525088086963,"endTime":1525088087274,"childRecords":[{"testStatus":{"stackTrace":"","statusValue":"PASSED"},"type":"MESSAGE","name":"","message":"Text \u0027user\u0027 is set on object \u0027Object Repository/User/User Cart/input_username\u0027","startTime":1525088087272,"endTime":0,"childRecords":[],"interuppted":false}],"interuppted":false},{"index":4,"isIgnoredIfFailed":false,"type":"TEST_STEP","name":"setText","message":"Text \u0027user\u0027 is set on object \u0027Object Repository/User/User Cart/input_password\u0027","description":"","startTime":1525088087274,"endTime":1525088087627,"childRecords":[{"testStatus":{"stackTrace":"","statusValue":"PASSED"},"type":"MESSAGE","name":"","message":"Text \u0027user\u0027 is set on object \u0027Object Repository/User/User Cart/input_password\u0027","startTime":1525088087626,"endTime":0,"childRecords":[],"interuppted":false}],"interuppted":false},{"index":5,"isIgnoredIfFailed":false,"type":"TEST_STEP","name":"click","message":"Object: \u0027Object Repository/User/User Cart/button_Login\u0027 is clicked on","description":"","startTime":1525088087628,"endTime":1525088087846,"childRecords":[{"testStatus":{"stackTrace":"","statusValue":"PASSED"},"type":"MESSAGE","name":"","message":"Object: \u0027Object Repository/User/User Cart/button_Login\u0027 is clicked on","startTime":1525088087845,"endTime":0,"childRecords":[],"interuppted":false}],"interuppted":false},{"index":6,"isIgnoredIfFailed":false,"type":"TEST_STEP","name":"Statement - driver \u003d com.kms.katalon.core.webui.driver.DriverFactory.getWebDriver()","description":"","startTime":1525088087847,"endTime":1525088087848,"childRecords":[],"interuppted":false},{"index":7,"isIgnoredIfFailed":false,"type":"TEST_STEP","name":"waitForElementPresent","message":"Object \u0027Object Repository/User/User Cart/add to cart1\u0027 is present","description":"","startTime":1525088087848,"endTime":1525088089497,"childRecords":[{"testStatus":{"stackTrace":"","statusValue":"WARNING"},"type":"MESSAGE","name":"","message":"Timeout \u00270\u0027 is invalid. Using default page load timeout: \u002730\u0027","startTime":1525088087857,"endTime":0,"childRecords":[],"interuppted":false},{"testStatus":{"stackTrace":"","statusValue":"PASSED"},"type":"MESSAGE","name":"","message":"Object \u0027Object Repository/User/User Cart/add to cart1\u0027 is present","startTime":1525088089496,"endTime":0,"childRecords":[],"interuppted":false}],"interuppted":false},{"index":8,"isIgnoredIfFailed":false,"type":"TEST_STEP","name":"Statement - products \u003d driver.findElement(org.openqa.selenium.By.xpath(\"/html/body/app-root/app-product-list/div/div[2]/div\"))","description":"","startTime":1525088089497,"endTime":1525088089539,"childRecords":[],"interuppted":false},{"index":9,"isIgnoredIfFailed":false,"type":"TEST_STEP","name":"Statement - productList \u003d products.findElements(org.openqa.selenium.By.className(\"farmer-card\"))","description":"","startTime":1525088089540,"endTime":1525088089587,"childRecords":[],"interuppted":false},{"index":10,"isIgnoredIfFailed":false,"type":"TEST_STEP","name":"Statement - println(productList.size())","description":"","startTime":1525088089588,"endTime":1525088089592,"childRecords":[],"interuppted":false},{"index":11,"isIgnoredIfFailed":false,"type":"TEST_STEP","name":"Statement - variables \u003d new java.util.ArrayList()","description":"","startTime":1525088089592,"endTime":1525088089593,"childRecords":[],"interuppted":false},{"index":12,"isIgnoredIfFailed":false,"type":"TEST_STEP","name":"Statement - For (def i : (1..productList.size()))","description":"","startTime":1525088089593,"endTime":1525088089599,"childRecords":[{"index":1,"isIgnoredIfFailed":false,"type":"TEST_STEP","name":"Statement - For (def j : (1..i))","description":"","startTime":1525088089594,"endTime":1525088089599,"childRecords":[{"index":1,"isIgnoredIfFailed":false,"type":"TEST_STEP","name":"click","description":"","startTime":1525088089597,"endTime":1525088089599,"childRecords":[],"interuppted":false}],"interuppted":false}],"interuppted":false},{"testStatus":{"stackTrace":"","statusValue":"ERROR"},"type":"MESSAGE","name":"","message":"Test Cases/User Test Case 2 FAILED because (of) groovy.lang.MissingMethodException: No signature of method: static com.kms.katalon.core.testobject.ObjectRepository.findTestObject() is applicable for argument types: (org.openqa.selenium.By$ByXPath) values: [By.xpath: /html/body/app-root/app-product-list/div/div[2]/div/div[1]/a/div[2]/div[2]/button]\nPossible solutions: findTestObject(java.lang.String), findTestObject(java.lang.String, java.util.Map)","startTime":1525088089607,"endTime":0,"childRecords":[],"interuppted":false}],"interuppted":false},{"isOptional":false,"type":"TEST_CASE","name":"Test Cases/User Test Case 2","id":"Test Cases/User Test Case 2","source":"C:\\\\Users\\\\Andrew_Dpp\\\\git\\\\234project-katalon\\\\Test Cases\\\\User Test Case 2.tc","message":"Test Cases/User Test Case 2 FAILED because (of) Unable to navigate to \u0027http://18.188.55.188:8085/\u0027 (Root cause: org.openqa.selenium.WebDriverException: chrome not reachable\n  (Session info: chrome\u003d65.0.3325.181)\n  (Driver info: chromedriver\u003d2.35.528161 (5b82f2d2aae0ca24b877009200ced9065a772e73),platform\u003dWindows NT 6.1.7601 SP1 x86_64) (WARNING: The server did not provide any stacktrace information)\nCommand duration or timeout: 0 milliseconds\nBuild info: version: \u00273.7.1\u0027, revision: \u00278a0099a\u0027, time: \u00272017-11-06T21:07:36.161Z\u0027\nSystem info: host: \u0027ANDREW_DPP-PC\u0027, ip: \u002710.80.101.174\u0027, os.name: \u0027Windows 7\u0027, os.arch: \u0027amd64\u0027, os.version: \u00276.1\u0027, java.version: \u00271.8.0_102\u0027\nDriver info: com.kms.katalon.selenium.driver.CChromeDriver\nCapabilities {acceptInsecureCerts: false, acceptSslCerts: false, applicationCacheEnabled: false, browserConnectionEnabled: false, browserName: chrome, chrome: {chromedriverVersion: 2.35.528161 (5b82f2d2aae0ca..., userDataDir: C:\\Users\\ANDREW~1\\AppData\\L...}, cssSelectorsEnabled: true, databaseEnabled: false, handlesAlerts: true, hasTouchScreen: false, javascriptEnabled: true, locationContextEnabled: true, mobileEmulationEnabled: false, nativeEvents: true, networkConnectionEnabled: false, pageLoadStrategy: normal, platform: XP, platformName: XP, rotatable: false, setWindowRect: true, takesHeapSnapshot: true, takesScreenshot: true, unexpectedAlertBehaviour: , unhandledPromptBehavior: , version: 65.0.3325.181, webStorageEnabled: true}\nSession ID: 69956626c7a59412308f651a76a41b10)","description":"","startTime":1525088089630,"endTime":1525088127330,"childRecords":[{"testStatus":{"stackTrace":"","statusValue":"INFO"},"type":"MESSAGE","name":"","message":"Evaluating variables for test case","startTime":1525088089655,"endTime":0,"childRecords":[],"interuppted":false},{"testStatus":{"stackTrace":"","statusValue":"INFO"},"type":"MESSAGE","name":"","message":"Variable \u0027username\u0027 is set to hello","startTime":1525088089656,"endTime":0,"childRecords":[],"interuppted":false},{"testStatus":{"stackTrace":"","statusValue":"INFO"},"type":"MESSAGE","name":"","message":"Variable \u0027password\u0027 is set to hello","startTime":1525088089656,"endTime":0,"childRecords":[],"interuppted":false},{"testStatus":{"stackTrace":"","statusValue":"INFO"},"type":"MESSAGE","name":"","message":"Variable \u0027input_amount1\u0027 is set to 1","startTime":1525088089657,"endTime":0,"childRecords":[],"interuppted":false},{"testStatus":{"stackTrace":"","statusValue":"INFO"},"type":"MESSAGE","name":"","message":"Variable \u0027input_amount2\u0027 is set to 1","startTime":1525088089657,"endTime":0,"childRecords":[],"interuppted":false},{"testStatus":{"stackTrace":"","statusValue":"INFO"},"type":"MESSAGE","name":"","message":"Variable \u0027input_amount3\u0027 is set to 1","startTime":1525088089658,"endTime":0,"childRecords":[],"interuppted":false},{"testStatus":{"stackTrace":"","statusValue":"INFO"},"type":"MESSAGE","name":"","message":"Variable \u0027input_amount4\u0027 is set to 1","startTime":1525088089658,"endTime":0,"childRecords":[],"interuppted":false},{"testStatus":{"stackTrace":"","statusValue":"INFO"},"type":"MESSAGE","name":"","message":"Variable \u0027input_amount5\u0027 is set to 1","startTime":1525088089658,"endTime":0,"childRecords":[],"interuppted":false},{"index":1,"isIgnoredIfFailed":false,"type":"TEST_STEP","name":"openBrowser","message":"Browser is opened with url: \u0027\u0027","description":"","startTime":1525088089661,"endTime":1525088118491,"childRecords":[{"testStatus":{"stackTrace":"","statusValue":"WARNING"},"type":"MESSAGE","name":"","message":"A browser is already opened. Closing browser and opening a new one","startTime":1525088089663,"endTime":0,"childRecords":[],"interuppted":false},{"testStatus":{"stackTrace":"","statusValue":"PASSED"},"type":"MESSAGE","name":"","message":"Browser is opened with url: \u0027\u0027","startTime":1525088118491,"endTime":0,"childRecords":[],"interuppted":false}],"interuppted":false},{"index":2,"isIgnoredIfFailed":false,"type":"TEST_STEP","name":"navigateToUrl","message":"Unable to navigate to \u0027http://18.188.55.188:8085/\u0027 (Root cause: org.openqa.selenium.WebDriverException: chrome not reachable\n  (Session info: chrome\u003d65.0.3325.181)\n  (Driver info: chromedriver\u003d2.35.528161 (5b82f2d2aae0ca24b877009200ced9065a772e73),platform\u003dWindows NT 6.1.7601 SP1 x86_64) (WARNING: The server did not provide any stacktrace information)\nCommand duration or timeout: 0 milliseconds\nBuild info: version: \u00273.7.1\u0027, revision: \u00278a0099a\u0027, time: \u00272017-11-06T21:07:36.161Z\u0027\nSystem info: host: \u0027ANDREW_DPP-PC\u0027, ip: \u002710.80.101.174\u0027, os.name: \u0027Windows 7\u0027, os.arch: \u0027amd64\u0027, os.version: \u00276.1\u0027, java.version: \u00271.8.0_102\u0027\nDriver info: com.kms.katalon.selenium.driver.CChromeDriver\nCapabilities {acceptInsecureCerts: false, acceptSslCerts: false, applicationCacheEnabled: false, browserConnectionEnabled: false, browserName: chrome, chrome: {chromedriverVersion: 2.35.528161 (5b82f2d2aae0ca..., userDataDir: C:\\Users\\ANDREW~1\\AppData\\L...}, cssSelectorsEnabled: true, databaseEnabled: false, handlesAlerts: true, hasTouchScreen: false, javascriptEnabled: true, locationContextEnabled: true, mobileEmulationEnabled: false, nativeEvents: true, networkConnectionEnabled: false, pageLoadStrategy: normal, platform: XP, platformName: XP, rotatable: false, setWindowRect: true, takesHeapSnapshot: true, takesScreenshot: true, unexpectedAlertBehaviour: , unhandledPromptBehavior: , version: 65.0.3325.181, webStorageEnabled: true}\nSession ID: 69956626c7a59412308f651a76a41b10)","description":"","startTime":1525088118492,"endTime":1525088127323,"childRecords":[{"testStatus":{"stackTrace":"","statusValue":"WARNING"},"type":"MESSAGE","name":"","message":"Cannot take screenshot","startTime":1525088127308,"endTime":0,"childRecords":[],"interuppted":false},{"testStatus":{"stackTrace":"","statusValue":"FAILED"},"type":"MESSAGE","name":"","message":"Unable to navigate to \u0027http://18.188.55.188:8085/\u0027 (Root cause: org.openqa.selenium.WebDriverException: chrome not reachable\n  (Session info: chrome\u003d65.0.3325.181)\n  (Driver info: chromedriver\u003d2.35.528161 (5b82f2d2aae0ca24b877009200ced9065a772e73),platform\u003dWindows NT 6.1.7601 SP1 x86_64) (WARNING: The server did not provide any stacktrace information)\nCommand duration or timeout: 0 milliseconds\nBuild info: version: \u00273.7.1\u0027, revision: \u00278a0099a\u0027, time: \u00272017-11-06T21:07:36.161Z\u0027\nSystem info: host: \u0027ANDREW_DPP-PC\u0027, ip: \u002710.80.101.174\u0027, os.name: \u0027Windows 7\u0027, os.arch: \u0027amd64\u0027, os.version: \u00276.1\u0027, java.version: \u00271.8.0_102\u0027\nDriver info: com.kms.katalon.selenium.driver.CChromeDriver\nCapabilities {acceptInsecureCerts: false, acceptSslCerts: false, applicationCacheEnabled: false, browserConnectionEnabled: false, browserName: chrome, chrome: {chromedriverVersion: 2.35.528161 (5b82f2d2aae0ca..., userDataDir: C:\\Users\\ANDREW~1\\AppData\\L...}, cssSelectorsEnabled: true, databaseEnabled: false, handlesAlerts: true, hasTouchScreen: false, javascriptEnabled: true, locationContextEnabled: true, mobileEmulationEnabled: false, nativeEvents: true, networkConnectionEnabled: false, pageLoadStrategy: normal, platform: XP, platformName: XP, rotatable: false, setWindowRect: true, takesHeapSnapshot: true, takesScreenshot: true, unexpectedAlertBehaviour: , unhandledPromptBehavior: , version: 65.0.3325.181, webStorageEnabled: true}\nSession ID: 69956626c7a59412308f651a76a41b10)","startTime":1525088127321,"endTime":0,"childRecords":[],"interuppted":false}],"interuppted":false},{"testStatus":{"stackTrace":"","statusValue":"FAILED"},"type":"MESSAGE","name":"","message":"Test Cases/User Test Case 2 FAILED because (of) Unable to navigate to \u0027http://18.188.55.188:8085/\u0027 (Root cause: org.openqa.selenium.WebDriverException: chrome not reachable\n  (Session info: chrome\u003d65.0.3325.181)\n  (Driver info: chromedriver\u003d2.35.528161 (5b82f2d2aae0ca24b877009200ced9065a772e73),platform\u003dWindows NT 6.1.7601 SP1 x86_64) (WARNING: The server did not provide any stacktrace information)\nCommand duration or timeout: 0 milliseconds\nBuild info: version: \u00273.7.1\u0027, revision: \u00278a0099a\u0027, time: \u00272017-11-06T21:07:36.161Z\u0027\nSystem info: host: \u0027ANDREW_DPP-PC\u0027, ip: \u002710.80.101.174\u0027, os.name: \u0027Windows 7\u0027, os.arch: \u0027amd64\u0027, os.version: \u00276.1\u0027, java.version: \u00271.8.0_102\u0027\nDriver info: com.kms.katalon.selenium.driver.CChromeDriver\nCapabilities {acceptInsecureCerts: false, acceptSslCerts: false, applicationCacheEnabled: false, browserConnectionEnabled: false, browserName: chrome, chrome: {chromedriverVersion: 2.35.528161 (5b82f2d2aae0ca..., userDataDir: C:\\Users\\ANDREW~1\\AppData\\L...}, cssSelectorsEnabled: true, databaseEnabled: false, handlesAlerts: true, hasTouchScreen: false, javascriptEnabled: true, locationContextEnabled: true, mobileEmulationEnabled: false, nativeEvents: true, networkConnectionEnabled: false, pageLoadStrategy: normal, platform: XP, platformName: XP, rotatable: false, setWindowRect: true, takesHeapSnapshot: true, takesScreenshot: true, unexpectedAlertBehaviour: , unhandledPromptBehavior: , version: 65.0.3325.181, webStorageEnabled: true}\nSession ID: 69956626c7a59412308f651a76a41b10)","startTime":1525088127323,"endTime":0,"childRecords":[],"interuppted":false}],"interuppted":false},{"isOptional":false,"type":"TEST_CASE","name":"Test Cases/User Test Case 2","id":"Test Cases/User Test Case 2","source":"C:\\\\Users\\\\Andrew_Dpp\\\\git\\\\234project-katalon\\\\Test Cases\\\\User Test Case 2.tc","message":"Test Cases/User Test Case 2 FAILED because (of) groovy.lang.MissingMethodException: No signature of method: static com.kms.katalon.core.testobject.ObjectRepository.findTestObject() is applicable for argument types: (org.openqa.selenium.By$ByXPath) values: [By.xpath: /html/body/app-root/app-product-list/div/div[2]/div/div[1]/a/div[2]/div[2]/button]\nPossible solutions: findTestObject(java.lang.String), findTestObject(java.lang.String, java.util.Map)","description":"","startTime":1525088127342,"endTime":1525088168190,"childRecords":[{"testStatus":{"stackTrace":"","statusValue":"INFO"},"type":"MESSAGE","name":"","message":"Evaluating variables for test case","startTime":1525088127410,"endTime":0,"childRecords":[],"interuppted":false},{"testStatus":{"stackTrace":"","statusValue":"INFO"},"type":"MESSAGE","name":"","message":"Variable \u0027username\u0027 is set to hello","startTime":1525088127411,"endTime":0,"childRecords":[],"interuppted":false},{"testStatus":{"stackTrace":"","statusValue":"INFO"},"type":"MESSAGE","name":"","message":"Variable \u0027password\u0027 is set to hello","startTime":1525088127412,"endTime":0,"childRecords":[],"interuppted":false},{"testStatus":{"stackTrace":"","statusValue":"INFO"},"type":"MESSAGE","name":"","message":"Variable \u0027input_amount1\u0027 is set to 3","startTime":1525088127412,"endTime":0,"childRecords":[],"interuppted":false},{"testStatus":{"stackTrace":"","statusValue":"INFO"},"type":"MESSAGE","name":"","message":"Variable \u0027input_amount2\u0027 is set to 2","startTime":1525088127413,"endTime":0,"childRecords":[],"interuppted":false},{"testStatus":{"stackTrace":"","statusValue":"INFO"},"type":"MESSAGE","name":"","message":"Variable \u0027input_amount3\u0027 is set to 2","startTime":1525088127413,"endTime":0,"childRecords":[],"interuppted":false},{"testStatus":{"stackTrace":"","statusValue":"INFO"},"type":"MESSAGE","name":"","message":"Variable \u0027input_amount4\u0027 is set to 2","startTime":1525088127414,"endTime":0,"childRecords":[],"interuppted":false},{"testStatus":{"stackTrace":"","statusValue":"INFO"},"type":"MESSAGE","name":"","message":"Variable \u0027input_amount5\u0027 is set to 2","startTime":1525088127414,"endTime":0,"childRecords":[],"interuppted":false},{"index":1,"isIgnoredIfFailed":false,"type":"TEST_STEP","name":"openBrowser","message":"Browser is opened with url: \u0027\u0027","description":"","startTime":1525088127417,"endTime":1525088153800,"childRecords":[{"testStatus":{"stackTrace":"","statusValue":"WARNING"},"type":"MESSAGE","name":"","message":"A browser is already opened. Closing browser and opening a new one","startTime":1525088127418,"endTime":0,"childRecords":[],"interuppted":false},{"testStatus":{"stackTrace":"","statusValue":"PASSED"},"type":"MESSAGE","name":"","message":"Browser is opened with url: \u0027\u0027","startTime":1525088153799,"endTime":0,"childRecords":[],"interuppted":false}],"interuppted":false},{"index":2,"isIgnoredIfFailed":false,"type":"TEST_STEP","name":"navigateToUrl","message":"Navigate to \u0027http://18.188.55.188:8085/\u0027 successfully","description":"","startTime":1525088153800,"endTime":1525088164251,"childRecords":[{"testStatus":{"stackTrace":"","statusValue":"PASSED"},"type":"MESSAGE","name":"","message":"Navigate to \u0027http://18.188.55.188:8085/\u0027 successfully","startTime":1525088164250,"endTime":0,"childRecords":[],"interuppted":false}],"interuppted":false},{"index":3,"isIgnoredIfFailed":false,"type":"TEST_STEP","name":"setText","message":"Text \u0027hello\u0027 is set on object \u0027Object Repository/User/User Cart/input_username\u0027","description":"","startTime":1525088164252,"endTime":1525088164831,"childRecords":[{"testStatus":{"stackTrace":"","statusValue":"PASSED"},"type":"MESSAGE","name":"","message":"Text \u0027hello\u0027 is set on object \u0027Object Repository/User/User Cart/input_username\u0027","startTime":1525088164830,"endTime":0,"childRecords":[],"interuppted":false}],"interuppted":false},{"index":4,"isIgnoredIfFailed":false,"type":"TEST_STEP","name":"setText","message":"Text \u0027hello\u0027 is set on object \u0027Object Repository/User/User Cart/input_password\u0027","description":"","startTime":1525088164832,"endTime":1525088165511,"childRecords":[{"testStatus":{"stackTrace":"","statusValue":"PASSED"},"type":"MESSAGE","name":"","message":"Text \u0027hello\u0027 is set on object \u0027Object Repository/User/User Cart/input_password\u0027","startTime":1525088165510,"endTime":0,"childRecords":[],"interuppted":false}],"interuppted":false},{"index":5,"isIgnoredIfFailed":false,"type":"TEST_STEP","name":"click","message":"Object: \u0027Object Repository/User/User Cart/button_Login\u0027 is clicked on","description":"","startTime":1525088165511,"endTime":1525088165911,"childRecords":[{"testStatus":{"stackTrace":"","statusValue":"PASSED"},"type":"MESSAGE","name":"","message":"Object: \u0027Object Repository/User/User Cart/button_Login\u0027 is clicked on","startTime":1525088165910,"endTime":0,"childRecords":[],"interuppted":false}],"interuppted":false},{"index":6,"isIgnoredIfFailed":false,"type":"TEST_STEP","name":"Statement - driver \u003d com.kms.katalon.core.webui.driver.DriverFactory.getWebDriver()","description":"","startTime":1525088165911,"endTime":1525088165912,"childRecords":[],"interuppted":false},{"index":7,"isIgnoredIfFailed":false,"type":"TEST_STEP","name":"waitForElementPresent","message":"Object \u0027Object Repository/User/User Cart/add to cart1\u0027 is present","description":"","startTime":1525088165914,"endTime":1525088167958,"childRecords":[{"testStatus":{"stackTrace":"","statusValue":"WARNING"},"type":"MESSAGE","name":"","message":"Timeout \u00270\u0027 is invalid. Using default page load timeout: \u002730\u0027","startTime":1525088165933,"endTime":0,"childRecords":[],"interuppted":false},{"testStatus":{"stackTrace":"","statusValue":"PASSED"},"type":"MESSAGE","name":"","message":"Object \u0027Object Repository/User/User Cart/add to cart1\u0027 is present","startTime":1525088167958,"endTime":0,"childRecords":[],"interuppted":false}],"interuppted":false},{"index":8,"isIgnoredIfFailed":false,"type":"TEST_STEP","name":"Statement - products \u003d driver.findElement(org.openqa.selenium.By.xpath(\"/html/body/app-root/app-product-list/div/div[2]/div\"))","description":"","startTime":1525088167959,"endTime":1525088168076,"childRecords":[],"interuppted":false},{"index":9,"isIgnoredIfFailed":false,"type":"TEST_STEP","name":"Statement - productList \u003d products.findElements(org.openqa.selenium.By.className(\"farmer-card\"))","description":"","startTime":1525088168076,"endTime":1525088168157,"childRecords":[],"interuppted":false},{"index":10,"isIgnoredIfFailed":false,"type":"TEST_STEP","name":"Statement - println(productList.size())","description":"","startTime":1525088168157,"endTime":1525088168158,"childRecords":[],"interuppted":false},{"index":11,"isIgnoredIfFailed":false,"type":"TEST_STEP","name":"Statement - variables \u003d new java.util.ArrayList()","description":"","startTime":1525088168159,"endTime":1525088168160,"childRecords":[],"interuppted":false},{"index":12,"isIgnoredIfFailed":false,"type":"TEST_STEP","name":"Statement - For (def i : (1..productList.size()))","description":"","startTime":1525088168161,"endTime":1525088168165,"childRecords":[{"index":1,"isIgnoredIfFailed":false,"type":"TEST_STEP","name":"Statement - For (def j : (1..i))","description":"","startTime":1525088168162,"endTime":1525088168165,"childRecords":[{"index":1,"isIgnoredIfFailed":false,"type":"TEST_STEP","name":"click","description":"","startTime":1525088168163,"endTime":1525088168164,"childRecords":[],"interuppted":false}],"interuppted":false}],"interuppted":false},{"testStatus":{"stackTrace":"","statusValue":"ERROR"},"type":"MESSAGE","name":"","message":"Test Cases/User Test Case 2 FAILED because (of) groovy.lang.MissingMethodException: No signature of method: static com.kms.katalon.core.testobject.ObjectRepository.findTestObject() is applicable for argument types: (org.openqa.selenium.By$ByXPath) values: [By.xpath: /html/body/app-root/app-product-list/div/div[2]/div/div[1]/a/div[2]/div[2]/button]\nPossible solutions: findTestObject(java.lang.String), findTestObject(java.lang.String, java.util.Map)","startTime":1525088168173,"endTime":0,"childRecords":[],"interuppted":false}],"interuppted":false}],"interuppted":false}