<?xml version="1.0" encoding="UTF-8"?>
<testsuites name="Test Suite for User Test Case 2" time="155" tests="0" failures="1" errors="3">
   <testsuite name="Test Suite for User Test Case 2" tests="0" failures="1" errors="3" time="155" timestamp="2018-04-30 18:33:33" hostname="Andrew_Dpp - 10.80.101.174" id="Test Suites/Test Suite for User Test Case 2">
      <properties>
         <property name="deviceName" value=""/>
         <property name="devicePlatform" value=""/>
         <property name="logFolder" value="C:\\Users\\Andrew_Dpp\\git\\234project-katalon\\Reports\\Test Suite for User Test Case 2\\20180430_183315"/>
         <property name="logFiles" value="C:\\Users\\Andrew_Dpp\\git\\234project-katalon\\Reports\\Test Suite for User Test Case 2\\20180430_183315\\execution0.log"/>
         <property name="attachments" value=""/>
         <property name="hostName" value="Andrew_Dpp - 10.80.101.174"/>
         <property name="os" value="Windows 7 64bit"/>
         <property name="katalonVersion" value="5.3.1.1"/>
         <property name="browser" value="Chrome 65.0.3325.181"/>
         <property name="hostAddress" value="10.80.101.174"/>
         <property name="sessionId" value="90b115a432826cf4c99b7f02c9fabf4c"/>
         <property name="seleniumVersion" value="3.7.1"/>
         <property name="proxyInformation" value="ProxyInformation{proxyOption=NO_PROXY, proxyServerType=HTTP, password=, proxyServerAddress=, proxyServerPort=0}"/>
         <property name="platform" value="Windows 7"/>
      </properties>
      <testcase name="Test Cases/User Test Case 2" classname="Test Cases/User Test Case 2" status="ERROR">
         <error type="ERROR" message="Test Cases/User Test Case 2 FAILED because (of) groovy.lang.MissingMethodException: No signature of method: static com.kms.katalon.core.testobject.ObjectRepository.findTestObject() is applicable for argument types: (org.openqa.selenium.By$ByXPath) values: [By.xpath: /html/body/app-root/app-product-list/div/div[2]/div/div[1]/a/div[2]/div[2]/button]
Possible solutions: findTestObject(java.lang.String), findTestObject(java.lang.String, java.util.Map)"/>
         <system-out><![CDATA[2018-04-30 18:33:34 - [TEST_CASE][ERROR] - Test Cases/User Test Case 2: Test Cases/User Test Case 2 FAILED because (of) groovy.lang.MissingMethodException: No signature of method: static com.kms.katalon.core.testobject.ObjectRepository.findTestObject() is applicable for argument types: (org.openqa.selenium.By$ByXPath) values: [By.xpath: /html/body/app-root/app-product-list/div/div[2]/div/div[1]/a/div[2]/div[2]/button]
Possible solutions: findTestObject(java.lang.String), findTestObject(java.lang.String, java.util.Map)

2018-04-30 18:33:35 - [TEST_STEP][PASSED] - openBrowser: Browser is opened with url: ''

2018-04-30 18:34:02 - [MESSAGE][PASSED] - Browser is opened with url: ''

2018-04-30 18:34:02 - [TEST_STEP][PASSED] - navigateToUrl: Navigate to 'http://18.188.55.188:8085/' successfully

2018-04-30 18:34:12 - [MESSAGE][PASSED] - Navigate to 'http://18.188.55.188:8085/' successfully

2018-04-30 18:34:12 - [TEST_STEP][PASSED] - setText: Text 'user' is set on object 'Object Repository/User/User Cart/input_username'

2018-04-30 18:34:12 - [MESSAGE][PASSED] - Text 'user' is set on object 'Object Repository/User/User Cart/input_username'

2018-04-30 18:34:12 - [TEST_STEP][PASSED] - setText: Text 'user' is set on object 'Object Repository/User/User Cart/input_password'

2018-04-30 18:34:12 - [MESSAGE][PASSED] - Text 'user' is set on object 'Object Repository/User/User Cart/input_password'

2018-04-30 18:34:12 - [TEST_STEP][PASSED] - click: Object: 'Object Repository/User/User Cart/button_Login' is clicked on

2018-04-30 18:34:13 - [MESSAGE][PASSED] - Object: 'Object Repository/User/User Cart/button_Login' is clicked on

2018-04-30 18:34:13 - [TEST_STEP][PASSED] - Statement - driver = com.kms.katalon.core.webui.driver.DriverFactory.getWebDriver(): null

2018-04-30 18:34:13 - [TEST_STEP][PASSED] - waitForElementPresent: Object 'Object Repository/User/User Cart/add to cart1' is present

2018-04-30 18:34:13 - [MESSAGE][WARNING] - Timeout '0' is invalid. Using default page load timeout: '30'

2018-04-30 18:34:14 - [MESSAGE][PASSED] - Object 'Object Repository/User/User Cart/add to cart1' is present

2018-04-30 18:34:14 - [TEST_STEP][PASSED] - Statement - products = driver.findElement(org.openqa.selenium.By.xpath("/html/body/app-root/app-product-list/div/div[2]/div")): null

2018-04-30 18:34:14 - [TEST_STEP][PASSED] - Statement - productList = products.findElements(org.openqa.selenium.By.className("farmer-card")): null

2018-04-30 18:34:14 - [TEST_STEP][PASSED] - Statement - println(productList.size()): null

2018-04-30 18:34:14 - [TEST_STEP][PASSED] - Statement - variables = new java.util.ArrayList(): null

2018-04-30 18:34:14 - [TEST_STEP][PASSED] - Statement - For (def i : (1..productList.size())): null

2018-04-30 18:34:14 - [TEST_STEP][PASSED] - Statement - For (def j : (1..i)): null

2018-04-30 18:34:14 - [TEST_STEP][PASSED] - click: null]]></system-out>
         <system-err><![CDATA[2018-04-30 18:33:34 - [TEST_CASE][ERROR] - Test Cases/User Test Case 2: Test Cases/User Test Case 2 FAILED because (of) groovy.lang.MissingMethodException: No signature of method: static com.kms.katalon.core.testobject.ObjectRepository.findTestObject() is applicable for argument types: (org.openqa.selenium.By$ByXPath) values: [By.xpath: /html/body/app-root/app-product-list/div/div[2]/div/div[1]/a/div[2]/div[2]/button]
Possible solutions: findTestObject(java.lang.String), findTestObject(java.lang.String, java.util.Map)]]></system-err>
      </testcase>
      <testcase name="Test Cases/User Test Case 2" classname="Test Cases/User Test Case 2" status="ERROR">
         <error type="ERROR" message="Test Cases/User Test Case 2 FAILED because (of) groovy.lang.MissingMethodException: No signature of method: static com.kms.katalon.core.testobject.ObjectRepository.findTestObject() is applicable for argument types: (org.openqa.selenium.By$ByXPath) values: [By.xpath: /html/body/app-root/app-product-list/div/div[2]/div/div[1]/a/div[2]/div[2]/button]
Possible solutions: findTestObject(java.lang.String), findTestObject(java.lang.String, java.util.Map)"/>
         <system-out><![CDATA[2018-04-30 18:34:14 - [TEST_CASE][ERROR] - Test Cases/User Test Case 2: Test Cases/User Test Case 2 FAILED because (of) groovy.lang.MissingMethodException: No signature of method: static com.kms.katalon.core.testobject.ObjectRepository.findTestObject() is applicable for argument types: (org.openqa.selenium.By$ByXPath) values: [By.xpath: /html/body/app-root/app-product-list/div/div[2]/div/div[1]/a/div[2]/div[2]/button]
Possible solutions: findTestObject(java.lang.String), findTestObject(java.lang.String, java.util.Map)

2018-04-30 18:34:14 - [TEST_STEP][PASSED] - openBrowser: Browser is opened with url: ''

2018-04-30 18:34:14 - [MESSAGE][WARNING] - A browser is already opened. Closing browser and opening a new one

2018-04-30 18:34:39 - [MESSAGE][PASSED] - Browser is opened with url: ''

2018-04-30 18:34:39 - [TEST_STEP][PASSED] - navigateToUrl: Navigate to 'http://18.188.55.188:8085/' successfully

2018-04-30 18:34:46 - [MESSAGE][PASSED] - Navigate to 'http://18.188.55.188:8085/' successfully

2018-04-30 18:34:46 - [TEST_STEP][PASSED] - setText: Text 'user' is set on object 'Object Repository/User/User Cart/input_username'

2018-04-30 18:34:47 - [MESSAGE][PASSED] - Text 'user' is set on object 'Object Repository/User/User Cart/input_username'

2018-04-30 18:34:47 - [TEST_STEP][PASSED] - setText: Text 'user' is set on object 'Object Repository/User/User Cart/input_password'

2018-04-30 18:34:47 - [MESSAGE][PASSED] - Text 'user' is set on object 'Object Repository/User/User Cart/input_password'

2018-04-30 18:34:47 - [TEST_STEP][PASSED] - click: Object: 'Object Repository/User/User Cart/button_Login' is clicked on

2018-04-30 18:34:47 - [MESSAGE][PASSED] - Object: 'Object Repository/User/User Cart/button_Login' is clicked on

2018-04-30 18:34:47 - [TEST_STEP][PASSED] - Statement - driver = com.kms.katalon.core.webui.driver.DriverFactory.getWebDriver(): null

2018-04-30 18:34:47 - [TEST_STEP][PASSED] - waitForElementPresent: Object 'Object Repository/User/User Cart/add to cart1' is present

2018-04-30 18:34:47 - [MESSAGE][WARNING] - Timeout '0' is invalid. Using default page load timeout: '30'

2018-04-30 18:34:49 - [MESSAGE][PASSED] - Object 'Object Repository/User/User Cart/add to cart1' is present

2018-04-30 18:34:49 - [TEST_STEP][PASSED] - Statement - products = driver.findElement(org.openqa.selenium.By.xpath("/html/body/app-root/app-product-list/div/div[2]/div")): null

2018-04-30 18:34:49 - [TEST_STEP][PASSED] - Statement - productList = products.findElements(org.openqa.selenium.By.className("farmer-card")): null

2018-04-30 18:34:49 - [TEST_STEP][PASSED] - Statement - println(productList.size()): null

2018-04-30 18:34:49 - [TEST_STEP][PASSED] - Statement - variables = new java.util.ArrayList(): null

2018-04-30 18:34:49 - [TEST_STEP][PASSED] - Statement - For (def i : (1..productList.size())): null

2018-04-30 18:34:49 - [TEST_STEP][PASSED] - Statement - For (def j : (1..i)): null

2018-04-30 18:34:49 - [TEST_STEP][PASSED] - click: null]]></system-out>
         <system-err><![CDATA[2018-04-30 18:34:14 - [TEST_CASE][ERROR] - Test Cases/User Test Case 2: Test Cases/User Test Case 2 FAILED because (of) groovy.lang.MissingMethodException: No signature of method: static com.kms.katalon.core.testobject.ObjectRepository.findTestObject() is applicable for argument types: (org.openqa.selenium.By$ByXPath) values: [By.xpath: /html/body/app-root/app-product-list/div/div[2]/div/div[1]/a/div[2]/div[2]/button]
Possible solutions: findTestObject(java.lang.String), findTestObject(java.lang.String, java.util.Map)]]></system-err>
      </testcase>
      <testcase name="Test Cases/User Test Case 2" classname="Test Cases/User Test Case 2" status="FAILED">
         <failure type="FAILED" message="Unable to navigate to 'http://18.188.55.188:8085/' (Root cause: org.openqa.selenium.WebDriverException: chrome not reachable
  (Session info: chrome=65.0.3325.181)
  (Driver info: chromedriver=2.35.528161 (5b82f2d2aae0ca24b877009200ced9065a772e73),platform=Windows NT 6.1.7601 SP1 x86_64) (WARNING: The server did not provide any stacktrace information)
Command duration or timeout: 0 milliseconds
Build info: version: '3.7.1', revision: '8a0099a', time: '2017-11-06T21:07:36.161Z'
System info: host: 'ANDREW_DPP-PC', ip: '10.80.101.174', os.name: 'Windows 7', os.arch: 'amd64', os.version: '6.1', java.version: '1.8.0_102'
Driver info: com.kms.katalon.selenium.driver.CChromeDriver
Capabilities {acceptInsecureCerts: false, acceptSslCerts: false, applicationCacheEnabled: false, browserConnectionEnabled: false, browserName: chrome, chrome: {chromedriverVersion: 2.35.528161 (5b82f2d2aae0ca..., userDataDir: C:\Users\ANDREW~1\AppData\L...}, cssSelectorsEnabled: true, databaseEnabled: false, handlesAlerts: true, hasTouchScreen: false, javascriptEnabled: true, locationContextEnabled: true, mobileEmulationEnabled: false, nativeEvents: true, networkConnectionEnabled: false, pageLoadStrategy: normal, platform: XP, platformName: XP, rotatable: false, setWindowRect: true, takesHeapSnapshot: true, takesScreenshot: true, unexpectedAlertBehaviour: , unhandledPromptBehavior: , version: 65.0.3325.181, webStorageEnabled: true}
Session ID: 69956626c7a59412308f651a76a41b10)"/>
         <system-out><![CDATA[2018-04-30 18:34:49 - [TEST_CASE][FAILED] - Test Cases/User Test Case 2: Test Cases/User Test Case 2 FAILED because (of) Unable to navigate to 'http://18.188.55.188:8085/' (Root cause: org.openqa.selenium.WebDriverException: chrome not reachable
  (Session info: chrome=65.0.3325.181)
  (Driver info: chromedriver=2.35.528161 (5b82f2d2aae0ca24b877009200ced9065a772e73),platform=Windows NT 6.1.7601 SP1 x86_64) (WARNING: The server did not provide any stacktrace information)
Command duration or timeout: 0 milliseconds
Build info: version: '3.7.1', revision: '8a0099a', time: '2017-11-06T21:07:36.161Z'
System info: host: 'ANDREW_DPP-PC', ip: '10.80.101.174', os.name: 'Windows 7', os.arch: 'amd64', os.version: '6.1', java.version: '1.8.0_102'
Driver info: com.kms.katalon.selenium.driver.CChromeDriver
Capabilities {acceptInsecureCerts: false, acceptSslCerts: false, applicationCacheEnabled: false, browserConnectionEnabled: false, browserName: chrome, chrome: {chromedriverVersion: 2.35.528161 (5b82f2d2aae0ca..., userDataDir: C:\Users\ANDREW~1\AppData\L...}, cssSelectorsEnabled: true, databaseEnabled: false, handlesAlerts: true, hasTouchScreen: false, javascriptEnabled: true, locationContextEnabled: true, mobileEmulationEnabled: false, nativeEvents: true, networkConnectionEnabled: false, pageLoadStrategy: normal, platform: XP, platformName: XP, rotatable: false, setWindowRect: true, takesHeapSnapshot: true, takesScreenshot: true, unexpectedAlertBehaviour: , unhandledPromptBehavior: , version: 65.0.3325.181, webStorageEnabled: true}
Session ID: 69956626c7a59412308f651a76a41b10)

2018-04-30 18:34:49 - [TEST_STEP][PASSED] - openBrowser: Browser is opened with url: ''

2018-04-30 18:34:49 - [MESSAGE][WARNING] - A browser is already opened. Closing browser and opening a new one

2018-04-30 18:35:18 - [MESSAGE][PASSED] - Browser is opened with url: ''

2018-04-30 18:35:18 - [TEST_STEP][FAILED] - navigateToUrl: Unable to navigate to 'http://18.188.55.188:8085/' (Root cause: org.openqa.selenium.WebDriverException: chrome not reachable
  (Session info: chrome=65.0.3325.181)
  (Driver info: chromedriver=2.35.528161 (5b82f2d2aae0ca24b877009200ced9065a772e73),platform=Windows NT 6.1.7601 SP1 x86_64) (WARNING: The server did not provide any stacktrace information)
Command duration or timeout: 0 milliseconds
Build info: version: '3.7.1', revision: '8a0099a', time: '2017-11-06T21:07:36.161Z'
System info: host: 'ANDREW_DPP-PC', ip: '10.80.101.174', os.name: 'Windows 7', os.arch: 'amd64', os.version: '6.1', java.version: '1.8.0_102'
Driver info: com.kms.katalon.selenium.driver.CChromeDriver
Capabilities {acceptInsecureCerts: false, acceptSslCerts: false, applicationCacheEnabled: false, browserConnectionEnabled: false, browserName: chrome, chrome: {chromedriverVersion: 2.35.528161 (5b82f2d2aae0ca..., userDataDir: C:\Users\ANDREW~1\AppData\L...}, cssSelectorsEnabled: true, databaseEnabled: false, handlesAlerts: true, hasTouchScreen: false, javascriptEnabled: true, locationContextEnabled: true, mobileEmulationEnabled: false, nativeEvents: true, networkConnectionEnabled: false, pageLoadStrategy: normal, platform: XP, platformName: XP, rotatable: false, setWindowRect: true, takesHeapSnapshot: true, takesScreenshot: true, unexpectedAlertBehaviour: , unhandledPromptBehavior: , version: 65.0.3325.181, webStorageEnabled: true}
Session ID: 69956626c7a59412308f651a76a41b10)

2018-04-30 18:35:27 - [MESSAGE][WARNING] - Cannot take screenshot

2018-04-30 18:35:27 - [MESSAGE][FAILED] - Unable to navigate to 'http://18.188.55.188:8085/' (Root cause: org.openqa.selenium.WebDriverException: chrome not reachable
  (Session info: chrome=65.0.3325.181)
  (Driver info: chromedriver=2.35.528161 (5b82f2d2aae0ca24b877009200ced9065a772e73),platform=Windows NT 6.1.7601 SP1 x86_64) (WARNING: The server did not provide any stacktrace information)
Command duration or timeout: 0 milliseconds
Build info: version: '3.7.1', revision: '8a0099a', time: '2017-11-06T21:07:36.161Z'
System info: host: 'ANDREW_DPP-PC', ip: '10.80.101.174', os.name: 'Windows 7', os.arch: 'amd64', os.version: '6.1', java.version: '1.8.0_102'
Driver info: com.kms.katalon.selenium.driver.CChromeDriver
Capabilities {acceptInsecureCerts: false, acceptSslCerts: false, applicationCacheEnabled: false, browserConnectionEnabled: false, browserName: chrome, chrome: {chromedriverVersion: 2.35.528161 (5b82f2d2aae0ca..., userDataDir: C:\Users\ANDREW~1\AppData\L...}, cssSelectorsEnabled: true, databaseEnabled: false, handlesAlerts: true, hasTouchScreen: false, javascriptEnabled: true, locationContextEnabled: true, mobileEmulationEnabled: false, nativeEvents: true, networkConnectionEnabled: false, pageLoadStrategy: normal, platform: XP, platformName: XP, rotatable: false, setWindowRect: true, takesHeapSnapshot: true, takesScreenshot: true, unexpectedAlertBehaviour: , unhandledPromptBehavior: , version: 65.0.3325.181, webStorageEnabled: true}
Session ID: 69956626c7a59412308f651a76a41b10)]]></system-out>
         <system-err><![CDATA[2018-04-30 18:34:49 - [TEST_CASE][FAILED] - Test Cases/User Test Case 2: Test Cases/User Test Case 2 FAILED because (of) Unable to navigate to 'http://18.188.55.188:8085/' (Root cause: org.openqa.selenium.WebDriverException: chrome not reachable
  (Session info: chrome=65.0.3325.181)
  (Driver info: chromedriver=2.35.528161 (5b82f2d2aae0ca24b877009200ced9065a772e73),platform=Windows NT 6.1.7601 SP1 x86_64) (WARNING: The server did not provide any stacktrace information)
Command duration or timeout: 0 milliseconds
Build info: version: '3.7.1', revision: '8a0099a', time: '2017-11-06T21:07:36.161Z'
System info: host: 'ANDREW_DPP-PC', ip: '10.80.101.174', os.name: 'Windows 7', os.arch: 'amd64', os.version: '6.1', java.version: '1.8.0_102'
Driver info: com.kms.katalon.selenium.driver.CChromeDriver
Capabilities {acceptInsecureCerts: false, acceptSslCerts: false, applicationCacheEnabled: false, browserConnectionEnabled: false, browserName: chrome, chrome: {chromedriverVersion: 2.35.528161 (5b82f2d2aae0ca..., userDataDir: C:\Users\ANDREW~1\AppData\L...}, cssSelectorsEnabled: true, databaseEnabled: false, handlesAlerts: true, hasTouchScreen: false, javascriptEnabled: true, locationContextEnabled: true, mobileEmulationEnabled: false, nativeEvents: true, networkConnectionEnabled: false, pageLoadStrategy: normal, platform: XP, platformName: XP, rotatable: false, setWindowRect: true, takesHeapSnapshot: true, takesScreenshot: true, unexpectedAlertBehaviour: , unhandledPromptBehavior: , version: 65.0.3325.181, webStorageEnabled: true}
Session ID: 69956626c7a59412308f651a76a41b10)]]></system-err>
      </testcase>
      <testcase name="Test Cases/User Test Case 2" classname="Test Cases/User Test Case 2" status="ERROR">
         <error type="ERROR" message="Test Cases/User Test Case 2 FAILED because (of) groovy.lang.MissingMethodException: No signature of method: static com.kms.katalon.core.testobject.ObjectRepository.findTestObject() is applicable for argument types: (org.openqa.selenium.By$ByXPath) values: [By.xpath: /html/body/app-root/app-product-list/div/div[2]/div/div[1]/a/div[2]/div[2]/button]
Possible solutions: findTestObject(java.lang.String), findTestObject(java.lang.String, java.util.Map)"/>
         <system-out><![CDATA[2018-04-30 18:35:27 - [TEST_CASE][ERROR] - Test Cases/User Test Case 2: Test Cases/User Test Case 2 FAILED because (of) groovy.lang.MissingMethodException: No signature of method: static com.kms.katalon.core.testobject.ObjectRepository.findTestObject() is applicable for argument types: (org.openqa.selenium.By$ByXPath) values: [By.xpath: /html/body/app-root/app-product-list/div/div[2]/div/div[1]/a/div[2]/div[2]/button]
Possible solutions: findTestObject(java.lang.String), findTestObject(java.lang.String, java.util.Map)

2018-04-30 18:35:27 - [TEST_STEP][PASSED] - openBrowser: Browser is opened with url: ''

2018-04-30 18:35:27 - [MESSAGE][WARNING] - A browser is already opened. Closing browser and opening a new one

2018-04-30 18:35:53 - [MESSAGE][PASSED] - Browser is opened with url: ''

2018-04-30 18:35:53 - [TEST_STEP][PASSED] - navigateToUrl: Navigate to 'http://18.188.55.188:8085/' successfully

2018-04-30 18:36:04 - [MESSAGE][PASSED] - Navigate to 'http://18.188.55.188:8085/' successfully

2018-04-30 18:36:04 - [TEST_STEP][PASSED] - setText: Text 'hello' is set on object 'Object Repository/User/User Cart/input_username'

2018-04-30 18:36:04 - [MESSAGE][PASSED] - Text 'hello' is set on object 'Object Repository/User/User Cart/input_username'

2018-04-30 18:36:04 - [TEST_STEP][PASSED] - setText: Text 'hello' is set on object 'Object Repository/User/User Cart/input_password'

2018-04-30 18:36:05 - [MESSAGE][PASSED] - Text 'hello' is set on object 'Object Repository/User/User Cart/input_password'

2018-04-30 18:36:05 - [TEST_STEP][PASSED] - click: Object: 'Object Repository/User/User Cart/button_Login' is clicked on

2018-04-30 18:36:05 - [MESSAGE][PASSED] - Object: 'Object Repository/User/User Cart/button_Login' is clicked on

2018-04-30 18:36:05 - [TEST_STEP][PASSED] - Statement - driver = com.kms.katalon.core.webui.driver.DriverFactory.getWebDriver(): null

2018-04-30 18:36:05 - [TEST_STEP][PASSED] - waitForElementPresent: Object 'Object Repository/User/User Cart/add to cart1' is present

2018-04-30 18:36:05 - [MESSAGE][WARNING] - Timeout '0' is invalid. Using default page load timeout: '30'

2018-04-30 18:36:07 - [MESSAGE][PASSED] - Object 'Object Repository/User/User Cart/add to cart1' is present

2018-04-30 18:36:07 - [TEST_STEP][PASSED] - Statement - products = driver.findElement(org.openqa.selenium.By.xpath("/html/body/app-root/app-product-list/div/div[2]/div")): null

2018-04-30 18:36:08 - [TEST_STEP][PASSED] - Statement - productList = products.findElements(org.openqa.selenium.By.className("farmer-card")): null

2018-04-30 18:36:08 - [TEST_STEP][PASSED] - Statement - println(productList.size()): null

2018-04-30 18:36:08 - [TEST_STEP][PASSED] - Statement - variables = new java.util.ArrayList(): null

2018-04-30 18:36:08 - [TEST_STEP][PASSED] - Statement - For (def i : (1..productList.size())): null

2018-04-30 18:36:08 - [TEST_STEP][PASSED] - Statement - For (def j : (1..i)): null

2018-04-30 18:36:08 - [TEST_STEP][PASSED] - click: null]]></system-out>
         <system-err><![CDATA[2018-04-30 18:35:27 - [TEST_CASE][ERROR] - Test Cases/User Test Case 2: Test Cases/User Test Case 2 FAILED because (of) groovy.lang.MissingMethodException: No signature of method: static com.kms.katalon.core.testobject.ObjectRepository.findTestObject() is applicable for argument types: (org.openqa.selenium.By$ByXPath) values: [By.xpath: /html/body/app-root/app-product-list/div/div[2]/div/div[1]/a/div[2]/div[2]/button]
Possible solutions: findTestObject(java.lang.String), findTestObject(java.lang.String, java.util.Map)]]></system-err>
      </testcase>
      <system-out><![CDATA[2018-04-30 18:33:33 - [TEST_SUITE][ERROR] - Test Suite for User Test Case 2: Test Cases/User Test Case 2 FAILED because (of) groovy.lang.MissingMethodException: No signature of method: static com.kms.katalon.core.testobject.ObjectRepository.findTestObject() is applicable for argument types: (org.openqa.selenium.By$ByXPath) values: [By.xpath: /html/body/app-root/app-product-list/div/div[2]/div/div[1]/a/div[2]/div[2]/button]
Possible solutions: findTestObject(java.lang.String), findTestObject(java.lang.String, java.util.Map)]]></system-out>
      <system-err><![CDATA[2018-04-30 18:33:33 - [TEST_SUITE][ERROR] - Test Suite for User Test Case 2: Test Cases/User Test Case 2 FAILED because (of) groovy.lang.MissingMethodException: No signature of method: static com.kms.katalon.core.testobject.ObjectRepository.findTestObject() is applicable for argument types: (org.openqa.selenium.By$ByXPath) values: [By.xpath: /html/body/app-root/app-product-list/div/div[2]/div/div[1]/a/div[2]/div[2]/button]
Possible solutions: findTestObject(java.lang.String), findTestObject(java.lang.String, java.util.Map)]]></system-err>
   </testsuite>
</testsuites>
