<?xml version="1.0" encoding="UTF-8"?>
<testsuites name="Test Suite for Login Test Case for Empty Password" time="284" tests="2" failures="1" errors="0">
   <testsuite name="Test Suite for Login Test Case for Empty Password" tests="2" failures="1" errors="0" time="284" timestamp="2018-05-08 10:56:59" hostname="Andrew_Dpp - 10.80.101.146" id="Test Suites/Test Suite for Login Test Case for Empty Password">
      <properties>
         <property name="deviceName" value=""/>
         <property name="devicePlatform" value=""/>
         <property name="logFolder" value="C:\\Users\\Andrew_Dpp\\git\\234project-katalon\\Reports\\Test Suite for Login Test Case for Empty Password\\20180508_105641"/>
         <property name="logFiles" value="C:\\Users\\Andrew_Dpp\\git\\234project-katalon\\Reports\\Test Suite for Login Test Case for Empty Password\\20180508_105641\\execution0.log"/>
         <property name="attachments" value="C:\\Users\\Andrew_Dpp\\git\\234project-katalon\\Reports\\Test Suite for Login Test Case for Empty Password\\20180508_105641\\1525752102026.png, C:\\Users\\Andrew_Dpp\\git\\234project-katalon\\Reports\\Test Suite for Login Test Case for Empty Password\\20180508_105641\\1525752102375.png"/>
         <property name="hostName" value="Andrew_Dpp - 10.80.101.146"/>
         <property name="os" value="Windows 7 64bit"/>
         <property name="katalonVersion" value="5.3.1.1"/>
         <property name="browser" value="Chrome 66.0.3359.139"/>
         <property name="hostAddress" value="10.80.101.146"/>
         <property name="sessionId" value="125b23090e6985bf61462fe834577547"/>
         <property name="seleniumVersion" value="3.7.1"/>
         <property name="proxyInformation" value="ProxyInformation{proxyOption=NO_PROXY, proxyServerType=HTTP, password=, proxyServerAddress=, proxyServerPort=0}"/>
         <property name="platform" value="Windows 7"/>
      </properties>
      <testcase name="Test Cases/Login Test Case for Empty Password" classname="Test Cases/Login Test Case for Empty Password" status="PASSED">
         <system-out><![CDATA[2018-05-08 10:57:00 - [TEST_CASE][PASSED] - Test Cases/Login Test Case for Empty Password: Test Cases/Login Test Case for Empty Password

2018-05-08 10:57:01 - [TEST_STEP][PASSED] - openBrowser: Browser is opened with url: ''

2018-05-08 10:57:29 - [MESSAGE][PASSED] - Browser is opened with url: ''

2018-05-08 10:57:29 - [TEST_STEP][PASSED] - navigateToUrl: Navigate to 'http://18.188.55.188:8085/' successfully

2018-05-08 10:57:38 - [MESSAGE][PASSED] - Navigate to 'http://18.188.55.188:8085/' successfully

2018-05-08 10:57:38 - [TEST_STEP][PASSED] - setText: Text 'a' is set on object 'Object Repository/Login/Login Fail 3/input_password'

2018-05-08 10:57:39 - [MESSAGE][PASSED] - Text 'a' is set on object 'Object Repository/Login/Login Fail 3/input_password'

2018-05-08 10:57:39 - [TEST_STEP][PASSED] - Statement - driver = com.kms.katalon.core.webui.driver.DriverFactory.getWebDriver(): null

2018-05-08 10:57:39 - [TEST_STEP][PASSED] - sendKeys: Keys 'BACK_SPACE + ' sent to object: 'Object Repository/Login/Login Fail 3/input_password'

2018-05-08 10:57:39 - [MESSAGE][PASSED] - Keys 'BACK_SPACE + ' sent to object: 'Object Repository/Login/Login Fail 3/input_password'

2018-05-08 10:57:39 - [TEST_STEP][PASSED] - waitForElementPresent: Object 'Object Repository/Login/Login Fail 3/passwordNotification' is present

2018-05-08 10:57:39 - [MESSAGE][WARNING] - Timeout '0' is invalid. Using default page load timeout: '30'

2018-05-08 10:57:51 - [MESSAGE][PASSED] - Object 'Object Repository/Login/Login Fail 3/passwordNotification' is present

2018-05-08 10:57:51 - [TEST_STEP][PASSED] - waitForElementAttributeValue: Object 'Object Repository/Login/Login Fail 3/passwordNotification' has attribute 'class' with value 'text-danger'

2018-05-08 10:57:51 - [MESSAGE][WARNING] - Timeout '0' is invalid. Using default page load timeout: '30'

2018-05-08 10:57:51 - [MESSAGE][PASSED] - Object 'Object Repository/Login/Login Fail 3/passwordNotification' has attribute 'class' with value 'text-danger'

2018-05-08 10:57:51 - [TEST_STEP][PASSED] - verifyElementText: Actual text and expected text of test object 'Object Repository/Login/Login Fail 3/passwordNotification' are matched.

2018-05-08 10:57:52 - [MESSAGE][PASSED] - Actual text and expected text of test object 'Object Repository/Login/Login Fail 3/passwordNotification' are matched.

2018-05-08 10:57:52 - [TEST_STEP][PASSED] - verifyEqual: Actual object 'http://18.188.55.188:8085/' and expected object 'http://18.188.55.188:8085/' are equal

2018-05-08 10:57:52 - [MESSAGE][PASSED] - Current window's url is: 'http://18.188.55.188:8085/'

2018-05-08 10:57:52 - [MESSAGE][PASSED] - Actual object 'http://18.188.55.188:8085/' and expected object 'http://18.188.55.188:8085/' are equal

2018-05-08 10:57:52 - [TEST_STEP][PASSED] - closeBrowser: Browser is closed

2018-05-08 10:57:53 - [MESSAGE][PASSED] - Browser is closed]]></system-out>
         <system-err><![CDATA[]]></system-err>
      </testcase>
      <testcase name="Test Cases/Login Test Case for Empty Password" classname="Test Cases/Login Test Case for Empty Password" status="PASSED">
         <system-out><![CDATA[2018-05-08 10:57:53 - [TEST_CASE][PASSED] - Test Cases/Login Test Case for Empty Password: Test Cases/Login Test Case for Empty Password

2018-05-08 10:57:53 - [TEST_STEP][PASSED] - openBrowser: Browser is opened with url: ''

2018-05-08 10:58:16 - [MESSAGE][PASSED] - Browser is opened with url: ''

2018-05-08 10:58:16 - [TEST_STEP][PASSED] - navigateToUrl: Navigate to 'http://18.188.55.188:8085/' successfully

2018-05-08 10:58:27 - [MESSAGE][PASSED] - Navigate to 'http://18.188.55.188:8085/' successfully

2018-05-08 10:58:27 - [TEST_STEP][PASSED] - setText: Text 'h' is set on object 'Object Repository/Login/Login Fail 3/input_password'

2018-05-08 10:58:28 - [MESSAGE][PASSED] - Text 'h' is set on object 'Object Repository/Login/Login Fail 3/input_password'

2018-05-08 10:58:28 - [TEST_STEP][PASSED] - Statement - driver = com.kms.katalon.core.webui.driver.DriverFactory.getWebDriver(): null

2018-05-08 10:58:28 - [TEST_STEP][PASSED] - sendKeys: Keys 'BACK_SPACE + ' sent to object: 'Object Repository/Login/Login Fail 3/input_password'

2018-05-08 10:58:28 - [MESSAGE][PASSED] - Keys 'BACK_SPACE + ' sent to object: 'Object Repository/Login/Login Fail 3/input_password'

2018-05-08 10:58:28 - [TEST_STEP][PASSED] - waitForElementPresent: Object 'Object Repository/Login/Login Fail 3/passwordNotification' is not present after 0 second(s)

2018-05-08 10:58:28 - [MESSAGE][WARNING] - Timeout '0' is invalid. Using default page load timeout: '30'

2018-05-08 10:59:01 - [MESSAGE][WARNING] - Object 'Object Repository/Login/Login Fail 3/passwordNotification' is not present after 0 second(s)

2018-05-08 10:59:01 - [TEST_STEP][PASSED] - waitForElementAttributeValue: Object 'Object Repository/Login/Login Fail 3/passwordNotification' has attribute 'class' with value 'text-danger'

2018-05-08 10:59:01 - [MESSAGE][WARNING] - Timeout '0' is invalid. Using default page load timeout: '30'

2018-05-08 10:59:28 - [MESSAGE][PASSED] - Object 'Object Repository/Login/Login Fail 3/passwordNotification' has attribute 'class' with value 'text-danger'

2018-05-08 10:59:28 - [TEST_STEP][PASSED] - verifyElementText: Actual text and expected text of test object 'Object Repository/Login/Login Fail 3/passwordNotification' are matched.

2018-05-08 10:59:28 - [MESSAGE][PASSED] - Actual text and expected text of test object 'Object Repository/Login/Login Fail 3/passwordNotification' are matched.

2018-05-08 10:59:28 - [TEST_STEP][PASSED] - verifyEqual: Actual object 'http://18.188.55.188:8085/' and expected object 'http://18.188.55.188:8085/' are equal

2018-05-08 10:59:28 - [MESSAGE][PASSED] - Current window's url is: 'http://18.188.55.188:8085/'

2018-05-08 10:59:28 - [MESSAGE][PASSED] - Actual object 'http://18.188.55.188:8085/' and expected object 'http://18.188.55.188:8085/' are equal

2018-05-08 10:59:28 - [TEST_STEP][PASSED] - closeBrowser: Browser is closed

2018-05-08 10:59:29 - [MESSAGE][PASSED] - Browser is closed]]></system-out>
         <system-err><![CDATA[]]></system-err>
      </testcase>
      <testcase name="Test Cases/Login Test Case for Empty Password" classname="Test Cases/Login Test Case for Empty Password" status="FAILED">
         <failure type="FAILED" message="Verify element text of test object 'Object Repository/Login/Login Fail 3/passwordNotification' FAILED. (Root cause: com.kms.katalon.core.webui.exception.WebElementNotFoundException: Web element with id: 'Object Repository/Login/Login Fail 3/passwordNotification' located by 'By.xpath: /html/body/app-root/app-login/div/form/div[2]/label[2]' not found)"/>
         <system-out><![CDATA[2018-05-08 10:59:29 - [TEST_CASE][FAILED] - Test Cases/Login Test Case for Empty Password: Test Cases/Login Test Case for Empty Password FAILED because (of) Verify element text of test object 'Object Repository/Login/Login Fail 3/passwordNotification' FAILED. (Root cause: com.kms.katalon.core.webui.exception.WebElementNotFoundException: Web element with id: 'Object Repository/Login/Login Fail 3/passwordNotification' located by 'By.xpath: /html/body/app-root/app-login/div/form/div[2]/label[2]' not found)

2018-05-08 10:59:29 - [TEST_STEP][PASSED] - openBrowser: Browser is opened with url: ''

2018-05-08 10:59:52 - [MESSAGE][PASSED] - Browser is opened with url: ''

2018-05-08 10:59:52 - [TEST_STEP][PASSED] - navigateToUrl: Navigate to 'http://18.188.55.188:8085/' successfully

2018-05-08 11:00:08 - [MESSAGE][PASSED] - Navigate to 'http://18.188.55.188:8085/' successfully

2018-05-08 11:00:08 - [TEST_STEP][PASSED] - setText: Text 'u' is set on object 'Object Repository/Login/Login Fail 3/input_password'

2018-05-08 11:00:08 - [MESSAGE][PASSED] - Text 'u' is set on object 'Object Repository/Login/Login Fail 3/input_password'

2018-05-08 11:00:08 - [TEST_STEP][PASSED] - Statement - driver = com.kms.katalon.core.webui.driver.DriverFactory.getWebDriver(): null

2018-05-08 11:00:08 - [TEST_STEP][PASSED] - sendKeys: Keys 'BACK_SPACE + ' sent to object: 'Object Repository/Login/Login Fail 3/input_password'

2018-05-08 11:00:08 - [MESSAGE][PASSED] - Keys 'BACK_SPACE + ' sent to object: 'Object Repository/Login/Login Fail 3/input_password'

2018-05-08 11:00:08 - [TEST_STEP][PASSED] - waitForElementPresent: Object 'Object Repository/Login/Login Fail 3/passwordNotification' is not present after 0 second(s)

2018-05-08 11:00:09 - [MESSAGE][WARNING] - Timeout '0' is invalid. Using default page load timeout: '30'

2018-05-08 11:00:39 - [MESSAGE][WARNING] - Object 'Object Repository/Login/Login Fail 3/passwordNotification' is not present after 0 second(s)

2018-05-08 11:00:39 - [TEST_STEP][PASSED] - waitForElementAttributeValue: Object 'Object Repository/Login/Login Fail 3/passwordNotification' is not present

2018-05-08 11:00:39 - [MESSAGE][WARNING] - Timeout '0' is invalid. Using default page load timeout: '30'

2018-05-08 11:01:11 - [MESSAGE][WARNING] - Object 'Object Repository/Login/Login Fail 3/passwordNotification' is not present

2018-05-08 11:01:11 - [TEST_STEP][FAILED] - verifyElementText: Verify element text of test object 'Object Repository/Login/Login Fail 3/passwordNotification' FAILED. (Root cause: com.kms.katalon.core.webui.exception.WebElementNotFoundException: Web element with id: 'Object Repository/Login/Login Fail 3/passwordNotification' located by 'By.xpath: /html/body/app-root/app-login/div/form/div[2]/label[2]' not found)

2018-05-08 11:01:42 - [MESSAGE][FAILED] - com.kms.katalon.core.webui.exception.WebElementNotFoundException: Web element with id: 'Object Repository/Login/Login Fail 3/passwordNotification' located by 'By.xpath: /html/body/app-root/app-login/div/form/div[2]/label[2]' not found
[[ATTACHMENT|C:\\Users\\Andrew_Dpp\\git\\234project-katalon\\Reports\\Test Suite for Login Test Case for Empty Password\\20180508_105641\\1525752102026.png]]

2018-05-08 11:01:42 - [MESSAGE][FAILED] - Verify element text of test object 'Object Repository/Login/Login Fail 3/passwordNotification' FAILED. (Root cause: com.kms.katalon.core.webui.exception.WebElementNotFoundException: Web element with id: 'Object Repository/Login/Login Fail 3/passwordNotification' located by 'By.xpath: /html/body/app-root/app-login/div/form/div[2]/label[2]' not found)
[[ATTACHMENT|C:\\Users\\Andrew_Dpp\\git\\234project-katalon\\Reports\\Test Suite for Login Test Case for Empty Password\\20180508_105641\\1525752102375.png]]]]></system-out>
         <system-err><![CDATA[2018-05-08 10:59:29 - [TEST_CASE][FAILED] - Test Cases/Login Test Case for Empty Password: Test Cases/Login Test Case for Empty Password FAILED because (of) Verify element text of test object 'Object Repository/Login/Login Fail 3/passwordNotification' FAILED. (Root cause: com.kms.katalon.core.webui.exception.WebElementNotFoundException: Web element with id: 'Object Repository/Login/Login Fail 3/passwordNotification' located by 'By.xpath: /html/body/app-root/app-login/div/form/div[2]/label[2]' not found)]]></system-err>
      </testcase>
      <system-out><![CDATA[2018-05-08 10:56:59 - [TEST_SUITE][FAILED] - Test Suite for Login Test Case for Empty Password: Test Cases/Login Test Case for Empty Password FAILED because (of) Verify element text of test object 'Object Repository/Login/Login Fail 3/passwordNotification' FAILED. (Root cause: com.kms.katalon.core.webui.exception.WebElementNotFoundException: Web element with id: 'Object Repository/Login/Login Fail 3/passwordNotification' located by 'By.xpath: /html/body/app-root/app-login/div/form/div[2]/label[2]' not found)]]></system-out>
      <system-err><![CDATA[2018-05-08 10:56:59 - [TEST_SUITE][FAILED] - Test Suite for Login Test Case for Empty Password: Test Cases/Login Test Case for Empty Password FAILED because (of) Verify element text of test object 'Object Repository/Login/Login Fail 3/passwordNotification' FAILED. (Root cause: com.kms.katalon.core.webui.exception.WebElementNotFoundException: Web element with id: 'Object Repository/Login/Login Fail 3/passwordNotification' located by 'By.xpath: /html/body/app-root/app-login/div/form/div[2]/label[2]' not found)]]></system-err>
   </testsuite>
</testsuites>
