{"devicePlatform":"","logFolder":"C:\\Users\\Andrew_Dpp\\git\\234project-katalon\\Reports\\Test Suite for Login Test Case for Empty Password\\20180508_102606","runData":{"hostName":"Andrew_Dpp - 10.80.101.146","os":"Windows 7 64bit","katalonVersion":"5.3.1.1","browser":"Chrome 66.0.3359.139","hostAddress":"10.80.101.146","sessionId":"a5a669d6a1022d8030197a2d8d8f9a05","seleniumVersion":"3.7.1","proxyInformation":"ProxyInformation{proxyOption\u003dNO_PROXY, proxyServerType\u003dHTTP, password\u003d, proxyServerAddress\u003d, proxyServerPort\u003d0}","platform":"Windows 7"},"type":"TEST_SUITE","name":"Test Suite for Login Test Case for Empty Password","id":"Test Suites/Test Suite for Login Test Case for Empty Password","source":"","message":"Test Cases/Login Test Case for Empty Password FAILED because (of) Verify element text of test object \u0027Object Repository/Login/Login Fail 3/passwordNotification\u0027 FAILED. (Root cause: com.kms.katalon.core.webui.exception.WebElementNotFoundException: Web element with id: \u0027Object Repository/Login/Login Fail 3/passwordNotification\u0027 located by \u0027By.xpath: /html/body/app-root/app-login/div/form/div[2]/label[2]\u0027 not found)","description":"","startTime":1525749986865,"endTime":1525750578458,"childRecords":[{"isOptional":false,"type":"TEST_CASE","name":"Test Cases/Login Test Case for Empty Password","id":"Test Cases/Login Test Case for Empty Password","source":"C:\\\\Users\\\\Andrew_Dpp\\\\git\\\\234project-katalon\\\\Test Cases\\\\Login Test Case for Empty Password.tc","message":"Test Cases/Login Test Case for Empty Password","description":"","startTime":1525749988499,"endTime":1525750197640,"childRecords":[{"testStatus":{"stackTrace":"","statusValue":"INFO"},"type":"MESSAGE","name":"","message":"Evaluating variables for test case","startTime":1525749988584,"endTime":0,"childRecords":[],"interuppted":false},{"testStatus":{"stackTrace":"","statusValue":"INFO"},"type":"MESSAGE","name":"","message":"Variable \u0027password\u0027 is set to a","startTime":1525749988589,"endTime":0,"childRecords":[],"interuppted":false},{"index":1,"isIgnoredIfFailed":false,"type":"TEST_STEP","name":"openBrowser","message":"Browser is opened with url: \u0027\u0027","description":"","startTime":1525749989767,"endTime":1525750060127,"childRecords":[{"testStatus":{"stackTrace":"","statusValue":"PASSED"},"type":"MESSAGE","name":"","message":"Browser is opened with url: \u0027\u0027","startTime":1525750060125,"endTime":0,"childRecords":[],"interuppted":false}],"interuppted":false},{"index":2,"isIgnoredIfFailed":false,"type":"TEST_STEP","name":"navigateToUrl","message":"Navigate to \u0027http://18.188.55.188:8085/\u0027 successfully","description":"","startTime":1525750060128,"endTime":1525750099206,"childRecords":[{"testStatus":{"stackTrace":"","statusValue":"PASSED"},"type":"MESSAGE","name":"","message":"Navigate to \u0027http://18.188.55.188:8085/\u0027 successfully","startTime":1525750099205,"endTime":0,"childRecords":[],"interuppted":false}],"interuppted":false},{"index":3,"isIgnoredIfFailed":false,"type":"TEST_STEP","name":"setText","message":"Text \u0027a\u0027 is set on object \u0027Object Repository/Login/Login Fail 3/input_password\u0027","description":"","startTime":1525750099208,"endTime":1525750102595,"childRecords":[{"testStatus":{"stackTrace":"","statusValue":"PASSED"},"type":"MESSAGE","name":"","message":"Text \u0027a\u0027 is set on object \u0027Object Repository/Login/Login Fail 3/input_password\u0027","startTime":1525750102574,"endTime":0,"childRecords":[],"interuppted":false}],"interuppted":false},{"index":4,"isIgnoredIfFailed":false,"type":"TEST_STEP","name":"Statement - driver \u003d com.kms.katalon.core.webui.driver.DriverFactory.getWebDriver()","description":"","startTime":1525750102598,"endTime":1525750102615,"childRecords":[],"interuppted":false},{"index":5,"isIgnoredIfFailed":false,"type":"TEST_STEP","name":"sendKeys","message":"Keys \u0027BACK_SPACE + \u0027 sent to object: \u0027Object Repository/Login/Login Fail 3/input_password\u0027","description":"","startTime":1525750102616,"endTime":1525750103653,"childRecords":[{"testStatus":{"stackTrace":"","statusValue":"PASSED"},"type":"MESSAGE","name":"","message":"Keys \u0027BACK_SPACE + \u0027 sent to object: \u0027Object Repository/Login/Login Fail 3/input_password\u0027","startTime":1525750103650,"endTime":0,"childRecords":[],"interuppted":false}],"interuppted":false},{"index":6,"isIgnoredIfFailed":false,"type":"TEST_STEP","name":"waitForElementPresent","message":"Object \u0027Object Repository/Login/Login Fail 3/passwordNotification\u0027 is not present after 0 second(s)","description":"","startTime":1525750103669,"endTime":1525750148702,"childRecords":[{"testStatus":{"stackTrace":"","statusValue":"WARNING"},"type":"MESSAGE","name":"","message":"Timeout \u00270\u0027 is invalid. Using default page load timeout: \u002730\u0027","startTime":1525750103790,"endTime":0,"childRecords":[],"interuppted":false},{"testStatus":{"stackTrace":"","statusValue":"WARNING"},"type":"MESSAGE","name":"","message":"Object \u0027Object Repository/Login/Login Fail 3/passwordNotification\u0027 is not present after 0 second(s)","startTime":1525750148698,"endTime":0,"childRecords":[],"interuppted":false}],"interuppted":false},{"index":7,"isIgnoredIfFailed":false,"type":"TEST_STEP","name":"verifyElementText","message":"Actual text and expected text of test object \u0027Object Repository/Login/Login Fail 3/passwordNotification\u0027 are matched.","description":"","startTime":1525750148704,"endTime":1525750188000,"childRecords":[{"testStatus":{"stackTrace":"","statusValue":"PASSED"},"type":"MESSAGE","name":"","message":"Actual text and expected text of test object \u0027Object Repository/Login/Login Fail 3/passwordNotification\u0027 are matched.","startTime":1525750187997,"endTime":0,"childRecords":[],"interuppted":false}],"interuppted":false},{"index":8,"isIgnoredIfFailed":false,"type":"TEST_STEP","name":"verifyEqual","message":"Actual object \u0027http://18.188.55.188:8085/\u0027 and expected object \u0027http://18.188.55.188:8085/\u0027 are equal","description":"","startTime":1525750188007,"endTime":1525750189155,"childRecords":[{"testStatus":{"stackTrace":"","statusValue":"PASSED"},"type":"MESSAGE","name":"","message":"Current window\u0027s url is: \u0027http://18.188.55.188:8085/\u0027","startTime":1525750189115,"endTime":0,"childRecords":[],"interuppted":false},{"testStatus":{"stackTrace":"","statusValue":"PASSED"},"type":"MESSAGE","name":"","message":"Actual object \u0027http://18.188.55.188:8085/\u0027 and expected object \u0027http://18.188.55.188:8085/\u0027 are equal","startTime":1525750189150,"endTime":0,"childRecords":[],"interuppted":false}],"interuppted":false},{"index":9,"isIgnoredIfFailed":false,"type":"TEST_STEP","name":"closeBrowser","message":"Browser is closed","description":"","startTime":1525750189156,"endTime":1525750197622,"childRecords":[{"testStatus":{"stackTrace":"","statusValue":"PASSED"},"type":"MESSAGE","name":"","message":"Browser is closed","startTime":1525750197620,"endTime":0,"childRecords":[],"interuppted":false}],"interuppted":false},{"testStatus":{"stackTrace":"","statusValue":"PASSED"},"type":"MESSAGE","name":"","message":"Test Cases/Login Test Case for Empty Password","startTime":1525750197629,"endTime":0,"childRecords":[],"interuppted":false}],"interuppted":false},{"isOptional":false,"type":"TEST_CASE","name":"Test Cases/Login Test Case for Empty Password","id":"Test Cases/Login Test Case for Empty Password","source":"C:\\\\Users\\\\Andrew_Dpp\\\\git\\\\234project-katalon\\\\Test Cases\\\\Login Test Case for Empty Password.tc","message":"Test Cases/Login Test Case for Empty Password FAILED because (of) Verify element text of test object \u0027Object Repository/Login/Login Fail 3/passwordNotification\u0027 FAILED. (Root cause: com.kms.katalon.core.webui.exception.WebElementNotFoundException: Web element with id: \u0027Object Repository/Login/Login Fail 3/passwordNotification\u0027 located by \u0027By.xpath: /html/body/app-root/app-login/div/form/div[2]/label[2]\u0027 not found)","description":"","startTime":1525750197648,"endTime":1525750378510,"childRecords":[{"testStatus":{"stackTrace":"","statusValue":"INFO"},"type":"MESSAGE","name":"","message":"Evaluating variables for test case","startTime":1525750197667,"endTime":0,"childRecords":[],"interuppted":false},{"testStatus":{"stackTrace":"","statusValue":"INFO"},"type":"MESSAGE","name":"","message":"Variable \u0027password\u0027 is set to h","startTime":1525750197668,"endTime":0,"childRecords":[],"interuppted":false},{"index":1,"isIgnoredIfFailed":false,"type":"TEST_STEP","name":"openBrowser","message":"Browser is opened with url: \u0027\u0027","description":"","startTime":1525750197671,"endTime":1525750226058,"childRecords":[{"testStatus":{"stackTrace":"","statusValue":"PASSED"},"type":"MESSAGE","name":"","message":"Browser is opened with url: \u0027\u0027","startTime":1525750226058,"endTime":0,"childRecords":[],"interuppted":false}],"interuppted":false},{"index":2,"isIgnoredIfFailed":false,"type":"TEST_STEP","name":"navigateToUrl","message":"Navigate to \u0027http://18.188.55.188:8085/\u0027 successfully","description":"","startTime":1525750226059,"endTime":1525750260874,"childRecords":[{"testStatus":{"stackTrace":"","statusValue":"PASSED"},"type":"MESSAGE","name":"","message":"Navigate to \u0027http://18.188.55.188:8085/\u0027 successfully","startTime":1525750260873,"endTime":0,"childRecords":[],"interuppted":false}],"interuppted":false},{"index":3,"isIgnoredIfFailed":false,"type":"TEST_STEP","name":"setText","message":"Text \u0027h\u0027 is set on object \u0027Object Repository/Login/Login Fail 3/input_password\u0027","description":"","startTime":1525750260875,"endTime":1525750266566,"childRecords":[{"testStatus":{"stackTrace":"","statusValue":"PASSED"},"type":"MESSAGE","name":"","message":"Text \u0027h\u0027 is set on object \u0027Object Repository/Login/Login Fail 3/input_password\u0027","startTime":1525750266565,"endTime":0,"childRecords":[],"interuppted":false}],"interuppted":false},{"index":4,"isIgnoredIfFailed":false,"type":"TEST_STEP","name":"Statement - driver \u003d com.kms.katalon.core.webui.driver.DriverFactory.getWebDriver()","description":"","startTime":1525750266567,"endTime":1525750266568,"childRecords":[],"interuppted":false},{"index":5,"isIgnoredIfFailed":false,"type":"TEST_STEP","name":"sendKeys","message":"Keys \u0027BACK_SPACE + \u0027 sent to object: \u0027Object Repository/Login/Login Fail 3/input_password\u0027","description":"","startTime":1525750266569,"endTime":1525750271612,"childRecords":[{"testStatus":{"stackTrace":"","statusValue":"PASSED"},"type":"MESSAGE","name":"","message":"Keys \u0027BACK_SPACE + \u0027 sent to object: \u0027Object Repository/Login/Login Fail 3/input_password\u0027","startTime":1525750271611,"endTime":0,"childRecords":[],"interuppted":false}],"interuppted":false},{"index":6,"isIgnoredIfFailed":false,"type":"TEST_STEP","name":"waitForElementPresent","message":"Object \u0027Object Repository/Login/Login Fail 3/passwordNotification\u0027 is not present after 0 second(s)","description":"","startTime":1525750271613,"endTime":1525750322293,"childRecords":[{"testStatus":{"stackTrace":"","statusValue":"WARNING"},"type":"MESSAGE","name":"","message":"Timeout \u00270\u0027 is invalid. Using default page load timeout: \u002730\u0027","startTime":1525750271620,"endTime":0,"childRecords":[],"interuppted":false},{"testStatus":{"stackTrace":"","statusValue":"WARNING"},"type":"MESSAGE","name":"","message":"Object \u0027Object Repository/Login/Login Fail 3/passwordNotification\u0027 is not present after 0 second(s)","startTime":1525750322291,"endTime":0,"childRecords":[],"interuppted":false}],"interuppted":false},{"attachment":"1525750377275.png","index":7,"isIgnoredIfFailed":false,"type":"TEST_STEP","name":"verifyElementText","message":"Verify element text of test object \u0027Object Repository/Login/Login Fail 3/passwordNotification\u0027 FAILED. (Root cause: com.kms.katalon.core.webui.exception.WebElementNotFoundException: Web element with id: \u0027Object Repository/Login/Login Fail 3/passwordNotification\u0027 located by \u0027By.xpath: /html/body/app-root/app-login/div/form/div[2]/label[2]\u0027 not found)","description":"","startTime":1525750322294,"endTime":1525750378474,"childRecords":[{"testStatus":{"stackTrace":"","statusValue":"FAILED"},"attachment":"1525750376025.png","type":"MESSAGE","name":"","message":"com.kms.katalon.core.webui.exception.WebElementNotFoundException: Web element with id: \u0027Object Repository/Login/Login Fail 3/passwordNotification\u0027 located by \u0027By.xpath: /html/body/app-root/app-login/div/form/div[2]/label[2]\u0027 not found","startTime":1525750377274,"endTime":0,"childRecords":[],"interuppted":false},{"testStatus":{"stackTrace":"","statusValue":"FAILED"},"attachment":"1525750377275.png","type":"MESSAGE","name":"","message":"Verify element text of test object \u0027Object Repository/Login/Login Fail 3/passwordNotification\u0027 FAILED. (Root cause: com.kms.katalon.core.webui.exception.WebElementNotFoundException: Web element with id: \u0027Object Repository/Login/Login Fail 3/passwordNotification\u0027 located by \u0027By.xpath: /html/body/app-root/app-login/div/form/div[2]/label[2]\u0027 not found)","startTime":1525750378470,"endTime":0,"childRecords":[],"interuppted":false}],"interuppted":false},{"testStatus":{"stackTrace":"","statusValue":"FAILED"},"type":"MESSAGE","name":"","message":"Test Cases/Login Test Case for Empty Password FAILED because (of) Verify element text of test object \u0027Object Repository/Login/Login Fail 3/passwordNotification\u0027 FAILED. (Root cause: com.kms.katalon.core.webui.exception.WebElementNotFoundException: Web element with id: \u0027Object Repository/Login/Login Fail 3/passwordNotification\u0027 located by \u0027By.xpath: /html/body/app-root/app-login/div/form/div[2]/label[2]\u0027 not found)","startTime":1525750378485,"endTime":0,"childRecords":[],"interuppted":false}],"interuppted":false},{"isOptional":false,"type":"TEST_CASE","name":"Test Cases/Login Test Case for Empty Password","id":"Test Cases/Login Test Case for Empty Password","source":"C:\\\\Users\\\\Andrew_Dpp\\\\git\\\\234project-katalon\\\\Test Cases\\\\Login Test Case for Empty Password.tc","message":"Test Cases/Login Test Case for Empty Password FAILED because (of) Verify element text of test object \u0027Object Repository/Login/Login Fail 3/passwordNotification\u0027 FAILED. (Root cause: com.kms.katalon.core.webui.exception.WebElementNotFoundException: Web element with id: \u0027Object Repository/Login/Login Fail 3/passwordNotification\u0027 located by \u0027By.xpath: /html/body/app-root/app-login/div/form/div[2]/label[2]\u0027 not found)","description":"","startTime":1525750378516,"endTime":1525750572490,"childRecords":[{"testStatus":{"stackTrace":"","statusValue":"INFO"},"type":"MESSAGE","name":"","message":"Evaluating variables for test case","startTime":1525750378558,"endTime":0,"childRecords":[],"interuppted":false},{"testStatus":{"stackTrace":"","statusValue":"INFO"},"type":"MESSAGE","name":"","message":"Variable \u0027password\u0027 is set to u","startTime":1525750378559,"endTime":0,"childRecords":[],"interuppted":false},{"index":1,"isIgnoredIfFailed":false,"type":"TEST_STEP","name":"openBrowser","message":"Browser is opened with url: \u0027\u0027","description":"","startTime":1525750378618,"endTime":1525750417786,"childRecords":[{"testStatus":{"stackTrace":"","statusValue":"WARNING"},"type":"MESSAGE","name":"","message":"A browser is already opened. Closing browser and opening a new one","startTime":1525750378622,"endTime":0,"childRecords":[],"interuppted":false},{"testStatus":{"stackTrace":"","statusValue":"PASSED"},"type":"MESSAGE","name":"","message":"Browser is opened with url: \u0027\u0027","startTime":1525750417785,"endTime":0,"childRecords":[],"interuppted":false}],"interuppted":false},{"index":2,"isIgnoredIfFailed":false,"type":"TEST_STEP","name":"navigateToUrl","message":"Navigate to \u0027http://18.188.55.188:8085/\u0027 successfully","description":"","startTime":1525750417786,"endTime":1525750444054,"childRecords":[{"testStatus":{"stackTrace":"","statusValue":"PASSED"},"type":"MESSAGE","name":"","message":"Navigate to \u0027http://18.188.55.188:8085/\u0027 successfully","startTime":1525750444052,"endTime":0,"childRecords":[],"interuppted":false}],"interuppted":false},{"index":3,"isIgnoredIfFailed":false,"type":"TEST_STEP","name":"setText","message":"Text \u0027u\u0027 is set on object \u0027Object Repository/Login/Login Fail 3/input_password\u0027","description":"","startTime":1525750444054,"endTime":1525750448090,"childRecords":[{"testStatus":{"stackTrace":"","statusValue":"PASSED"},"type":"MESSAGE","name":"","message":"Text \u0027u\u0027 is set on object \u0027Object Repository/Login/Login Fail 3/input_password\u0027","startTime":1525750448089,"endTime":0,"childRecords":[],"interuppted":false}],"interuppted":false},{"index":4,"isIgnoredIfFailed":false,"type":"TEST_STEP","name":"Statement - driver \u003d com.kms.katalon.core.webui.driver.DriverFactory.getWebDriver()","description":"","startTime":1525750448090,"endTime":1525750448091,"childRecords":[],"interuppted":false},{"index":5,"isIgnoredIfFailed":false,"type":"TEST_STEP","name":"sendKeys","message":"Keys \u0027BACK_SPACE + \u0027 sent to object: \u0027Object Repository/Login/Login Fail 3/input_password\u0027","description":"","startTime":1525750448091,"endTime":1525750449870,"childRecords":[{"testStatus":{"stackTrace":"","statusValue":"PASSED"},"type":"MESSAGE","name":"","message":"Keys \u0027BACK_SPACE + \u0027 sent to object: \u0027Object Repository/Login/Login Fail 3/input_password\u0027","startTime":1525750449869,"endTime":0,"childRecords":[],"interuppted":false}],"interuppted":false},{"index":6,"isIgnoredIfFailed":false,"type":"TEST_STEP","name":"waitForElementPresent","message":"Object \u0027Object Repository/Login/Login Fail 3/passwordNotification\u0027 is not present after 0 second(s)","description":"","startTime":1525750449870,"endTime":1525750510258,"childRecords":[{"testStatus":{"stackTrace":"","statusValue":"WARNING"},"type":"MESSAGE","name":"","message":"Timeout \u00270\u0027 is invalid. Using default page load timeout: \u002730\u0027","startTime":1525750449884,"endTime":0,"childRecords":[],"interuppted":false},{"testStatus":{"stackTrace":"","statusValue":"WARNING"},"type":"MESSAGE","name":"","message":"Object \u0027Object Repository/Login/Login Fail 3/passwordNotification\u0027 is not present after 0 second(s)","startTime":1525750510257,"endTime":0,"childRecords":[],"interuppted":false}],"interuppted":false},{"attachment":"1525750571500.png","index":7,"isIgnoredIfFailed":false,"type":"TEST_STEP","name":"verifyElementText","message":"Verify element text of test object \u0027Object Repository/Login/Login Fail 3/passwordNotification\u0027 FAILED. (Root cause: com.kms.katalon.core.webui.exception.WebElementNotFoundException: Web element with id: \u0027Object Repository/Login/Login Fail 3/passwordNotification\u0027 located by \u0027By.xpath: /html/body/app-root/app-login/div/form/div[2]/label[2]\u0027 not found)","description":"","startTime":1525750510258,"endTime":1525750572488,"childRecords":[{"testStatus":{"stackTrace":"","statusValue":"FAILED"},"attachment":"1525750570253.png","type":"MESSAGE","name":"","message":"com.kms.katalon.core.webui.exception.WebElementNotFoundException: Web element with id: \u0027Object Repository/Login/Login Fail 3/passwordNotification\u0027 located by \u0027By.xpath: /html/body/app-root/app-login/div/form/div[2]/label[2]\u0027 not found","startTime":1525750571499,"endTime":0,"childRecords":[],"interuppted":false},{"testStatus":{"stackTrace":"","statusValue":"FAILED"},"attachment":"1525750571500.png","type":"MESSAGE","name":"","message":"Verify element text of test object \u0027Object Repository/Login/Login Fail 3/passwordNotification\u0027 FAILED. (Root cause: com.kms.katalon.core.webui.exception.WebElementNotFoundException: Web element with id: \u0027Object Repository/Login/Login Fail 3/passwordNotification\u0027 located by \u0027By.xpath: /html/body/app-root/app-login/div/form/div[2]/label[2]\u0027 not found)","startTime":1525750572487,"endTime":0,"childRecords":[],"interuppted":false}],"interuppted":false},{"testStatus":{"stackTrace":"","statusValue":"FAILED"},"type":"MESSAGE","name":"","message":"Test Cases/Login Test Case for Empty Password FAILED because (of) Verify element text of test object \u0027Object Repository/Login/Login Fail 3/passwordNotification\u0027 FAILED. (Root cause: com.kms.katalon.core.webui.exception.WebElementNotFoundException: Web element with id: \u0027Object Repository/Login/Login Fail 3/passwordNotification\u0027 located by \u0027By.xpath: /html/body/app-root/app-login/div/form/div[2]/label[2]\u0027 not found)","startTime":1525750572489,"endTime":0,"childRecords":[],"interuppted":false}],"interuppted":false}],"interuppted":false}