<?xml version="1.0" encoding="UTF-8"?>
<testsuites name="Test Suite for Admin Test Case 1" time="43" tests="0" failures="0" errors="1">
   <testsuite name="Test Suite for Admin Test Case 1" tests="0" failures="0" errors="1" time="43" timestamp="2018-05-07 12:50:58" hostname="Andrew_Dpp - 10.80.101.119" id="Test Suites/Test Suite for Admin Test Case 1">
      <properties>
         <property name="deviceName" value=""/>
         <property name="devicePlatform" value=""/>
         <property name="logFolder" value="C:\\Users\\Andrew_Dpp\\git\\234project-katalon\\Reports\\Test Suite for Admin Test Case 1\\20180507_125040"/>
         <property name="logFiles" value="C:\\Users\\Andrew_Dpp\\git\\234project-katalon\\Reports\\Test Suite for Admin Test Case 1\\20180507_125040\\execution0.log"/>
         <property name="attachments" value=""/>
         <property name="hostName" value="Andrew_Dpp - 10.80.101.119"/>
         <property name="os" value="Windows 7 64bit"/>
         <property name="katalonVersion" value="5.3.1.1"/>
         <property name="browser" value="Chrome 66.0.3359.139"/>
         <property name="hostAddress" value="10.80.101.119"/>
         <property name="sessionId" value="dae2e785863e8719eb66f9f5a9d3b1cc"/>
         <property name="seleniumVersion" value="3.7.1"/>
         <property name="proxyInformation" value="ProxyInformation{proxyOption=NO_PROXY, proxyServerType=HTTP, password=, proxyServerAddress=, proxyServerPort=0}"/>
         <property name="platform" value="Windows 7"/>
      </properties>
      <testcase name="Test Cases/Admin Test Case 1" classname="Test Cases/Admin Test Case 1" status="ERROR">
         <error type="ERROR" message="Test Cases/Admin Test Case 1 FAILED because (of) groovy.lang.MissingMethodException: No signature of method: static java.lang.Integer.partse() is applicable for argument types: (java.lang.String) values: [150]
Possible solutions: parseInt(java.lang.String), plus(java.lang.String), wait(), abs(), wait(long), decode(java.lang.String)"/>
         <system-out><![CDATA[2018-05-07 12:50:58 - [TEST_CASE][ERROR] - Test Cases/Admin Test Case 1: Test Cases/Admin Test Case 1 FAILED because (of) groovy.lang.MissingMethodException: No signature of method: static java.lang.Integer.partse() is applicable for argument types: (java.lang.String) values: [150]
Possible solutions: parseInt(java.lang.String), plus(java.lang.String), wait(), abs(), wait(long), decode(java.lang.String)

2018-05-07 12:51:00 - [TEST_STEP][PASSED] - openBrowser: Browser is opened with url: ''

2018-05-07 12:51:25 - [MESSAGE][PASSED] - Browser is opened with url: ''

2018-05-07 12:51:25 - [TEST_STEP][PASSED] - Statement - driver = com.kms.katalon.core.webui.driver.DriverFactory.getWebDriver(): null

2018-05-07 12:51:25 - [TEST_STEP][PASSED] - navigateToUrl: Navigate to 'http://18.188.55.188:8085/' successfully

2018-05-07 12:51:34 - [MESSAGE][PASSED] - Navigate to 'http://18.188.55.188:8085/' successfully

2018-05-07 12:51:34 - [TEST_STEP][PASSED] - setText: Text 'admin' is set on object 'Object Repository/Admin/input_username'

2018-05-07 12:51:34 - [MESSAGE][PASSED] - Text 'admin' is set on object 'Object Repository/Admin/input_username'

2018-05-07 12:51:34 - [TEST_STEP][PASSED] - setText: Text 'admin' is set on object 'Object Repository/Admin/input_password'

2018-05-07 12:51:35 - [MESSAGE][PASSED] - Text 'admin' is set on object 'Object Repository/Admin/input_password'

2018-05-07 12:51:35 - [TEST_STEP][PASSED] - click: Object: 'Object Repository/Admin/button_Login' is clicked on

2018-05-07 12:51:35 - [MESSAGE][PASSED] - Object: 'Object Repository/Admin/button_Login' is clicked on

2018-05-07 12:51:35 - [TEST_STEP][PASSED] - click: Object: 'Object Repository/Admin/div_Products' is clicked on

2018-05-07 12:51:36 - [MESSAGE][PASSED] - Object: 'Object Repository/Admin/div_Products' is clicked on

2018-05-07 12:51:36 - [TEST_STEP][PASSED] - click: Object: 'Object Repository/Admin/a_Total Transaction' is clicked on

2018-05-07 12:51:37 - [MESSAGE][PASSED] - Object: 'Object Repository/Admin/a_Total Transaction' is clicked on

2018-05-07 12:51:37 - [TEST_STEP][PASSED] - Statement - Table = driver.findElement(org.openqa.selenium.By.xpath("//*[@id="add-row"]/div/table/tbody")): null

2018-05-07 12:51:37 - [TEST_STEP][PASSED] - Statement - java.lang.Thread.sleep(10): null

2018-05-07 12:51:37 - [TEST_STEP][PASSED] - Statement - adminTotalPrice = driver.findElement(org.openqa.selenium.By.xpath("//*[@id="add-row"]/div/div[2]/div/p")).getText(): null

2018-05-07 12:51:38 - [TEST_STEP][PASSED] - Statement - adminTotalPrice = adminTotalPrice.replaceAll(" THB", "").replaceAll("Total price: ", "").replaceAll(",", ""): null

2018-05-07 12:51:38 - [TEST_STEP][PASSED] - Statement - adminTotalPrice = java.lang.Integer.parseInt(adminTotalPrice): null

2018-05-07 12:51:38 - [TEST_STEP][PASSED] - Statement - println(adminTotalPrice): null

2018-05-07 12:51:38 - [TEST_STEP][PASSED] - Statement - oldRows = Table.findElements(org.openqa.selenium.By.tagName("tr")): null

2018-05-07 12:51:38 - [TEST_STEP][PASSED] - Statement - valueOfOldRows = oldRows.size(): null

2018-05-07 12:51:38 - [TEST_STEP][PASSED] - click: Object: 'Object Repository/Admin/button_Logout' is clicked on

2018-05-07 12:51:38 - [MESSAGE][PASSED] - Object: 'Object Repository/Admin/button_Logout' is clicked on

2018-05-07 12:51:38 - [TEST_STEP][PASSED] - setText: Text 'user' is set on object 'Object Repository/Admin/input_username'

2018-05-07 12:51:38 - [MESSAGE][PASSED] - Text 'user' is set on object 'Object Repository/Admin/input_username'

2018-05-07 12:51:38 - [TEST_STEP][PASSED] - setText: Text 'user' is set on object 'Object Repository/Admin/input_password'

2018-05-07 12:51:38 - [MESSAGE][PASSED] - Text 'user' is set on object 'Object Repository/Admin/input_password'

2018-05-07 12:51:39 - [TEST_STEP][PASSED] - click: Object: 'Object Repository/Admin/button_Login' is clicked on

2018-05-07 12:51:39 - [MESSAGE][PASSED] - Object: 'Object Repository/Admin/button_Login' is clicked on

2018-05-07 12:51:39 - [TEST_STEP][PASSED] - click: Object: 'Object Repository/Admin/add to cart2' is clicked on

2018-05-07 12:51:40 - [MESSAGE][PASSED] - Object: 'Object Repository/Admin/add to cart2' is clicked on

2018-05-07 12:51:40 - [TEST_STEP][PASSED] - click: Object: 'Object Repository/Admin/span_1' is clicked on

2018-05-07 12:51:40 - [MESSAGE][PASSED] - Object: 'Object Repository/Admin/span_1' is clicked on

2018-05-07 12:51:40 - [TEST_STEP][PASSED] - Statement - xpathOfElement = driver.findElement(org.openqa.selenium.By.xpath("//*[@id="add-row"]/div/div[2]/div/p")): null

2018-05-07 12:51:40 - [TEST_STEP][PASSED] - Statement - println(xpathOfElement.getText()): null

2018-05-07 12:51:40 - [TEST_STEP][PASSED] - Statement - userTotalPrice = xpathOfElement.getText().replaceAll("Total price: ", ""): null

2018-05-07 12:51:40 - [TEST_STEP][PASSED] - Statement - valueOfUserTotalPrice = java.lang.Integer.partse(userTotalPrice.replaceAll(" THB", "")): null]]></system-out>
         <system-err><![CDATA[2018-05-07 12:50:58 - [TEST_CASE][ERROR] - Test Cases/Admin Test Case 1: Test Cases/Admin Test Case 1 FAILED because (of) groovy.lang.MissingMethodException: No signature of method: static java.lang.Integer.partse() is applicable for argument types: (java.lang.String) values: [150]
Possible solutions: parseInt(java.lang.String), plus(java.lang.String), wait(), abs(), wait(long), decode(java.lang.String)]]></system-err>
      </testcase>
      <system-out><![CDATA[2018-05-07 12:50:58 - [TEST_SUITE][ERROR] - Test Suite for Admin Test Case 1: Test Cases/Admin Test Case 1 FAILED because (of) groovy.lang.MissingMethodException: No signature of method: static java.lang.Integer.partse() is applicable for argument types: (java.lang.String) values: [150]
Possible solutions: parseInt(java.lang.String), plus(java.lang.String), wait(), abs(), wait(long), decode(java.lang.String)]]></system-out>
      <system-err><![CDATA[2018-05-07 12:50:58 - [TEST_SUITE][ERROR] - Test Suite for Admin Test Case 1: Test Cases/Admin Test Case 1 FAILED because (of) groovy.lang.MissingMethodException: No signature of method: static java.lang.Integer.partse() is applicable for argument types: (java.lang.String) values: [150]
Possible solutions: parseInt(java.lang.String), plus(java.lang.String), wait(), abs(), wait(long), decode(java.lang.String)]]></system-err>
   </testsuite>
</testsuites>
