<?xml version="1.0" encoding="UTF-8"?>
<testsuites name="Test Suite for User Test Case 2" time="44" tests="0" failures="1" errors="0">
   <testsuite name="Test Suite for User Test Case 2" tests="0" failures="1" errors="0" time="44" timestamp="2018-04-30 13:28:15" hostname="Andrew_Dpp - 10.80.103.44" id="Test Suites/Test Suite for User Test Case 2">
      <properties>
         <property name="deviceName" value=""/>
         <property name="devicePlatform" value=""/>
         <property name="logFolder" value="C:\\Users\\Andrew_Dpp\\git\\234project-katalon\\Reports\\Test Suite for User Test Case 2\\20180430_132758"/>
         <property name="logFiles" value="C:\\Users\\Andrew_Dpp\\git\\234project-katalon\\Reports\\Test Suite for User Test Case 2\\20180430_132758\\execution0.log"/>
         <property name="attachments" value="C:\\Users\\Andrew_Dpp\\git\\234project-katalon\\Reports\\Test Suite for User Test Case 2\\20180430_132758\\1525069738924.png"/>
         <property name="hostName" value="Andrew_Dpp - 10.80.103.44"/>
         <property name="os" value="Windows 7 64bit"/>
         <property name="katalonVersion" value="5.3.1.1"/>
         <property name="browser" value="Chrome 65.0.3325.181"/>
         <property name="hostAddress" value="10.80.103.44"/>
         <property name="sessionId" value="3028d530dd4f2c1c63346fc8a59883fa"/>
         <property name="seleniumVersion" value="3.7.1"/>
         <property name="proxyInformation" value="ProxyInformation{proxyOption=NO_PROXY, proxyServerType=HTTP, password=, proxyServerAddress=, proxyServerPort=0}"/>
         <property name="platform" value="Windows 7"/>
      </properties>
      <testcase name="Test Cases/User Test Case 2" classname="Test Cases/User Test Case 2" status="FAILED">
         <failure type="FAILED" message="Unable to set text (Root cause: java.lang.IllegalArgumentException: Object is null)"/>
         <system-out><![CDATA[2018-04-30 13:28:16 - [TEST_CASE][FAILED] - Test Cases/User Test Case 2: Test Cases/User Test Case 2 FAILED because (of) Unable to set text (Root cause: java.lang.IllegalArgumentException: Object is null)

2018-04-30 13:28:17 - [TEST_STEP][PASSED] - openBrowser: Browser is opened with url: ''

2018-04-30 13:28:42 - [MESSAGE][PASSED] - Browser is opened with url: ''

2018-04-30 13:28:42 - [TEST_STEP][PASSED] - navigateToUrl: Navigate to 'http://18.188.55.188:8085/' successfully

2018-04-30 13:28:54 - [MESSAGE][PASSED] - Navigate to 'http://18.188.55.188:8085/' successfully

2018-04-30 13:28:54 - [TEST_STEP][PASSED] - setText: Text 'user' is set on object 'Object Repository/User/User Cart/input_username'

2018-04-30 13:28:55 - [MESSAGE][PASSED] - Text 'user' is set on object 'Object Repository/User/User Cart/input_username'

2018-04-30 13:28:55 - [TEST_STEP][PASSED] - setText: Text 'user' is set on object 'Object Repository/User/User Cart/input_password'

2018-04-30 13:28:55 - [MESSAGE][PASSED] - Text 'user' is set on object 'Object Repository/User/User Cart/input_password'

2018-04-30 13:28:55 - [TEST_STEP][PASSED] - click: Object: 'Object Repository/User/User Cart/button_Login' is clicked on

2018-04-30 13:28:56 - [MESSAGE][PASSED] - Object: 'Object Repository/User/User Cart/button_Login' is clicked on

2018-04-30 13:28:56 - [TEST_STEP][PASSED] - Statement - driver = com.kms.katalon.core.webui.driver.DriverFactory.getWebDriver(): null

2018-04-30 13:28:56 - [TEST_STEP][PASSED] - waitForElementPresent: Object 'Object Repository/User/User Cart/add to cart1' is present

2018-04-30 13:28:56 - [MESSAGE][WARNING] - Timeout '0' is invalid. Using default page load timeout: '30'

2018-04-30 13:28:57 - [MESSAGE][PASSED] - Object 'Object Repository/User/User Cart/add to cart1' is present

2018-04-30 13:28:57 - [TEST_STEP][PASSED] - Statement - products = driver.findElement(org.openqa.selenium.By.xpath("/html/body/app-root/app-product-list/div/div[2]/div")): null

2018-04-30 13:28:57 - [TEST_STEP][PASSED] - Statement - productList = products.findElements(org.openqa.selenium.By.tagName("div")): null

2018-04-30 13:28:57 - [TEST_STEP][PASSED] - Statement - variables = new java.util.ArrayList(): null

2018-04-30 13:28:57 - [TEST_STEP][PASSED] - Statement - variables.add(input_amount1): null

2018-04-30 13:28:57 - [TEST_STEP][PASSED] - Statement - variables.add(input_amount2): null

2018-04-30 13:28:57 - [TEST_STEP][PASSED] - Statement - variables.add(input_amount3): null

2018-04-30 13:28:57 - [TEST_STEP][PASSED] - Statement - variables.add(input_amount4): null

2018-04-30 13:28:57 - [TEST_STEP][PASSED] - Statement - variables.add(input_amount5): null

2018-04-30 13:28:57 - [TEST_STEP][FAILED] - Statement - For (def i : (1..productList.size())): Unable to set text (Root cause: java.lang.IllegalArgumentException: Object is null)

2018-04-30 13:28:57 - [TEST_STEP][PASSED] - Statement - For (def j : (1..i)): Actual text and expected text of test object 'Object Repository/User/User Cart/cart_icon' are matched.

2018-04-30 13:28:57 - [TEST_STEP][PASSED] - click: Object: 'Object Repository/User/User Cart/add to cart1' is clicked on

2018-04-30 13:28:58 - [MESSAGE][PASSED] - Object: 'Object Repository/User/User Cart/add to cart1' is clicked on

2018-04-30 13:28:58 - [TEST_STEP][PASSED] - verifyElementText: Actual text and expected text of test object 'Object Repository/User/User Cart/added_1' are matched.

2018-04-30 13:28:58 - [MESSAGE][PASSED] - Actual text and expected text of test object 'Object Repository/User/User Cart/added_1' are matched.

2018-04-30 13:28:58 - [TEST_STEP][PASSED] - click: Object: 'Object Repository/User/User Cart/cart_icon' is clicked on

2018-04-30 13:28:58 - [MESSAGE][PASSED] - Object: 'Object Repository/User/User Cart/cart_icon' is clicked on

2018-04-30 13:28:58 - [TEST_STEP][PASSED] - verifyElementText: Actual text and expected text of test object 'Object Repository/User/User Cart/cart_icon' are matched.

2018-04-30 13:28:58 - [MESSAGE][PASSED] - Actual text and expected text of test object 'Object Repository/User/User Cart/cart_icon' are matched.

2018-04-30 13:28:58 - [TEST_STEP][FAILED] - Statement - For (def k : (0..(i - 1))): Unable to set text (Root cause: java.lang.IllegalArgumentException: Object is null)

2018-04-30 13:28:58 - [TEST_STEP][FAILED] - setText: Unable to set text (Root cause: java.lang.IllegalArgumentException: Object is null)

2018-04-30 13:28:58 - [MESSAGE][WARNING] - Test object with id 'Object Repository/User/User Cart/input_amount01' does not exist

2018-04-30 13:28:58 - [MESSAGE][WARNING] - Test object with id 'Object Repository/' does not exist

2018-04-30 13:28:59 - [MESSAGE][FAILED] - Unable to set text (Root cause: java.lang.IllegalArgumentException: Object is null)
[[ATTACHMENT|C:\\Users\\Andrew_Dpp\\git\\234project-katalon\\Reports\\Test Suite for User Test Case 2\\20180430_132758\\1525069738924.png]]]]></system-out>
         <system-err><![CDATA[2018-04-30 13:28:16 - [TEST_CASE][FAILED] - Test Cases/User Test Case 2: Test Cases/User Test Case 2 FAILED because (of) Unable to set text (Root cause: java.lang.IllegalArgumentException: Object is null)]]></system-err>
      </testcase>
      <system-out><![CDATA[2018-04-30 13:28:15 - [TEST_SUITE][FAILED] - Test Suite for User Test Case 2: Test Cases/User Test Case 2 FAILED because (of) Unable to set text (Root cause: java.lang.IllegalArgumentException: Object is null)]]></system-out>
      <system-err><![CDATA[2018-04-30 13:28:15 - [TEST_SUITE][FAILED] - Test Suite for User Test Case 2: Test Cases/User Test Case 2 FAILED because (of) Unable to set text (Root cause: java.lang.IllegalArgumentException: Object is null)]]></system-err>
   </testsuite>
</testsuites>
