<?xml version="1.0" encoding="UTF-8"?>
<testsuites name="Test Suite for User Test Case 2" time="43" tests="0" failures="1" errors="0">
   <testsuite name="Test Suite for User Test Case 2" tests="0" failures="1" errors="0" time="43" timestamp="2018-04-30 13:33:47" hostname="Andrew_Dpp - 10.80.103.44" id="Test Suites/Test Suite for User Test Case 2">
      <properties>
         <property name="deviceName" value=""/>
         <property name="devicePlatform" value=""/>
         <property name="logFolder" value="C:\\Users\\Andrew_Dpp\\git\\234project-katalon\\Reports\\Test Suite for User Test Case 2\\20180430_133336"/>
         <property name="logFiles" value="C:\\Users\\Andrew_Dpp\\git\\234project-katalon\\Reports\\Test Suite for User Test Case 2\\20180430_133336\\execution0.log"/>
         <property name="attachments" value="C:\\Users\\Andrew_Dpp\\git\\234project-katalon\\Reports\\Test Suite for User Test Case 2\\20180430_133336\\1525070069504.png, C:\\Users\\Andrew_Dpp\\git\\234project-katalon\\Reports\\Test Suite for User Test Case 2\\20180430_133336\\1525070069862.png"/>
         <property name="hostName" value="Andrew_Dpp - 10.80.103.44"/>
         <property name="os" value="Windows 7 64bit"/>
         <property name="katalonVersion" value="5.3.1.1"/>
         <property name="browser" value="Chrome 65.0.3325.181"/>
         <property name="hostAddress" value="10.80.103.44"/>
         <property name="sessionId" value="fd15125201da3485e0f84ad847a46899"/>
         <property name="seleniumVersion" value="3.7.1"/>
         <property name="proxyInformation" value="ProxyInformation{proxyOption=NO_PROXY, proxyServerType=HTTP, password=, proxyServerAddress=, proxyServerPort=0}"/>
         <property name="platform" value="Windows 7"/>
      </properties>
      <testcase name="Test Cases/User Test Case 2" classname="Test Cases/User Test Case 2" status="FAILED">
         <failure type="FAILED" message="Verify element text of test object 'Object Repository/User/User Cart/cart_icon' FAILED. (Root cause: Actual text '1' and expected text '2' of test object 'Object Repository/User/User Cart/cart_icon' are NOT matched.)"/>
         <system-out><![CDATA[2018-04-30 13:33:48 - [TEST_CASE][FAILED] - Test Cases/User Test Case 2: Test Cases/User Test Case 2 FAILED because (of) Verify element text of test object 'Object Repository/User/User Cart/cart_icon' FAILED. (Root cause: Actual text '1' and expected text '2' of test object 'Object Repository/User/User Cart/cart_icon' are NOT matched.)

2018-04-30 13:33:49 - [TEST_STEP][PASSED] - openBrowser: Browser is opened with url: ''

2018-04-30 13:34:16 - [MESSAGE][PASSED] - Browser is opened with url: ''

2018-04-30 13:34:16 - [TEST_STEP][PASSED] - navigateToUrl: Navigate to 'http://18.188.55.188:8085/' successfully

2018-04-30 13:34:24 - [MESSAGE][PASSED] - Navigate to 'http://18.188.55.188:8085/' successfully

2018-04-30 13:34:24 - [TEST_STEP][PASSED] - setText: Text 'user' is set on object 'Object Repository/User/User Cart/input_username'

2018-04-30 13:34:24 - [MESSAGE][PASSED] - Text 'user' is set on object 'Object Repository/User/User Cart/input_username'

2018-04-30 13:34:24 - [TEST_STEP][PASSED] - setText: Text 'user' is set on object 'Object Repository/User/User Cart/input_password'

2018-04-30 13:34:24 - [MESSAGE][PASSED] - Text 'user' is set on object 'Object Repository/User/User Cart/input_password'

2018-04-30 13:34:24 - [TEST_STEP][PASSED] - click: Object: 'Object Repository/User/User Cart/button_Login' is clicked on

2018-04-30 13:34:24 - [MESSAGE][PASSED] - Object: 'Object Repository/User/User Cart/button_Login' is clicked on

2018-04-30 13:34:24 - [TEST_STEP][PASSED] - Statement - driver = com.kms.katalon.core.webui.driver.DriverFactory.getWebDriver(): null

2018-04-30 13:34:25 - [TEST_STEP][PASSED] - waitForElementPresent: Object 'Object Repository/User/User Cart/add to cart1' is present

2018-04-30 13:34:25 - [MESSAGE][WARNING] - Timeout '0' is invalid. Using default page load timeout: '30'

2018-04-30 13:34:26 - [MESSAGE][PASSED] - Object 'Object Repository/User/User Cart/add to cart1' is present

2018-04-30 13:34:26 - [TEST_STEP][PASSED] - Statement - products = driver.findElement(org.openqa.selenium.By.xpath("/html/body/app-root/app-product-list/div/div[2]/div")): null

2018-04-30 13:34:26 - [TEST_STEP][PASSED] - Statement - productList = products.findElements(org.openqa.selenium.By.tagName("div")): null

2018-04-30 13:34:26 - [TEST_STEP][PASSED] - Statement - variables = new java.util.ArrayList(): null

2018-04-30 13:34:26 - [TEST_STEP][PASSED] - Statement - variables.add(input_amount1): null

2018-04-30 13:34:26 - [TEST_STEP][PASSED] - Statement - variables.add(input_amount2): null

2018-04-30 13:34:26 - [TEST_STEP][PASSED] - Statement - variables.add(input_amount3): null

2018-04-30 13:34:26 - [TEST_STEP][PASSED] - Statement - variables.add(input_amount4): null

2018-04-30 13:34:26 - [TEST_STEP][PASSED] - Statement - variables.add(input_amount5): null

2018-04-30 13:34:26 - [TEST_STEP][FAILED] - Statement - For (def i : (1..productList.size())): Verify element text of test object 'Object Repository/User/User Cart/cart_icon' FAILED. (Root cause: Actual text '1' and expected text '2' of test object 'Object Repository/User/User Cart/cart_icon' are NOT matched.)

2018-04-30 13:34:26 - [TEST_STEP][PASSED] - Statement - For (def j : (1..i)): Actual text and expected text of test object 'Object Repository/User/User Cart/cart_icon' are matched.

2018-04-30 13:34:26 - [TEST_STEP][PASSED] - click: Object: 'Object Repository/User/User Cart/add to cart1' is clicked on

2018-04-30 13:34:26 - [MESSAGE][PASSED] - Object: 'Object Repository/User/User Cart/add to cart1' is clicked on

2018-04-30 13:34:26 - [TEST_STEP][PASSED] - verifyElementText: Actual text and expected text of test object 'Object Repository/User/User Cart/added_1' are matched.

2018-04-30 13:34:27 - [MESSAGE][PASSED] - Actual text and expected text of test object 'Object Repository/User/User Cart/added_1' are matched.

2018-04-30 13:34:27 - [TEST_STEP][PASSED] - click: Object: 'Object Repository/User/User Cart/cart_icon' is clicked on

2018-04-30 13:34:27 - [MESSAGE][PASSED] - Object: 'Object Repository/User/User Cart/cart_icon' is clicked on

2018-04-30 13:34:27 - [TEST_STEP][PASSED] - verifyElementText: Actual text and expected text of test object 'Object Repository/User/User Cart/cart_icon' are matched.

2018-04-30 13:34:27 - [MESSAGE][PASSED] - Actual text and expected text of test object 'Object Repository/User/User Cart/cart_icon' are matched.

2018-04-30 13:34:27 - [TEST_STEP][PASSED] - Statement - For (def k : (0..(i - 1))): Text '1' is set on object 'Object Repository/User/User Cart/input_amount1'

2018-04-30 13:34:27 - [TEST_STEP][PASSED] - setText: Text '1' is set on object 'Object Repository/User/User Cart/input_amount1'

2018-04-30 13:34:27 - [MESSAGE][PASSED] - Text '1' is set on object 'Object Repository/User/User Cart/input_amount1'

2018-04-30 13:34:27 - [TEST_STEP][PASSED] - click: Object: 'Object Repository/User/User Cart/button_confirm' is clicked on

2018-04-30 13:34:28 - [MESSAGE][PASSED] - Object: 'Object Repository/User/User Cart/button_confirm' is clicked on

2018-04-30 13:34:28 - [TEST_STEP][PASSED] - acceptAlert: Alert accepted

2018-04-30 13:34:28 - [MESSAGE][PASSED] - Alert accepted

2018-04-30 13:34:28 - [TEST_STEP][PASSED] - click: Object: 'Object Repository/User/User Cart/div_Well done You successfully' is clicked on

2018-04-30 13:34:28 - [MESSAGE][PASSED] - Object: 'Object Repository/User/User Cart/div_Well done You successfully' is clicked on

2018-04-30 13:34:28 - [TEST_STEP][FAILED] - Statement - For (def j : (1..i)): Verify element text of test object 'Object Repository/User/User Cart/cart_icon' FAILED. (Root cause: Actual text '1' and expected text '2' of test object 'Object Repository/User/User Cart/cart_icon' are NOT matched.)

2018-04-30 13:34:28 - [TEST_STEP][PASSED] - click: Object: 'Object Repository/User/User Cart/add to cart1' is clicked on

2018-04-30 13:34:29 - [MESSAGE][PASSED] - Object: 'Object Repository/User/User Cart/add to cart1' is clicked on

2018-04-30 13:34:29 - [TEST_STEP][PASSED] - verifyElementText: Actual text and expected text of test object 'Object Repository/User/User Cart/added_1' are matched.

2018-04-30 13:34:29 - [MESSAGE][PASSED] - Actual text and expected text of test object 'Object Repository/User/User Cart/added_1' are matched.

2018-04-30 13:34:29 - [TEST_STEP][PASSED] - click: Object: 'Object Repository/User/User Cart/cart_icon' is clicked on

2018-04-30 13:34:29 - [MESSAGE][PASSED] - Object: 'Object Repository/User/User Cart/cart_icon' is clicked on

2018-04-30 13:34:29 - [TEST_STEP][FAILED] - verifyElementText: Verify element text of test object 'Object Repository/User/User Cart/cart_icon' FAILED. (Root cause: Actual text '1' and expected text '2' of test object 'Object Repository/User/User Cart/cart_icon' are NOT matched.)

2018-04-30 13:34:29 - [MESSAGE][FAILED] - Actual text '1' and expected text '2' of test object 'Object Repository/User/User Cart/cart_icon' are NOT matched.
[[ATTACHMENT|C:\\Users\\Andrew_Dpp\\git\\234project-katalon\\Reports\\Test Suite for User Test Case 2\\20180430_133336\\1525070069504.png]]

2018-04-30 13:34:30 - [MESSAGE][FAILED] - Verify element text of test object 'Object Repository/User/User Cart/cart_icon' FAILED. (Root cause: Actual text '1' and expected text '2' of test object 'Object Repository/User/User Cart/cart_icon' are NOT matched.)
[[ATTACHMENT|C:\\Users\\Andrew_Dpp\\git\\234project-katalon\\Reports\\Test Suite for User Test Case 2\\20180430_133336\\1525070069862.png]]]]></system-out>
         <system-err><![CDATA[2018-04-30 13:33:48 - [TEST_CASE][FAILED] - Test Cases/User Test Case 2: Test Cases/User Test Case 2 FAILED because (of) Verify element text of test object 'Object Repository/User/User Cart/cart_icon' FAILED. (Root cause: Actual text '1' and expected text '2' of test object 'Object Repository/User/User Cart/cart_icon' are NOT matched.)]]></system-err>
      </testcase>
      <system-out><![CDATA[2018-04-30 13:33:47 - [TEST_SUITE][FAILED] - Test Suite for User Test Case 2: Test Cases/User Test Case 2 FAILED because (of) Verify element text of test object 'Object Repository/User/User Cart/cart_icon' FAILED. (Root cause: Actual text '1' and expected text '2' of test object 'Object Repository/User/User Cart/cart_icon' are NOT matched.)]]></system-out>
      <system-err><![CDATA[2018-04-30 13:33:47 - [TEST_SUITE][FAILED] - Test Suite for User Test Case 2: Test Cases/User Test Case 2 FAILED because (of) Verify element text of test object 'Object Repository/User/User Cart/cart_icon' FAILED. (Root cause: Actual text '1' and expected text '2' of test object 'Object Repository/User/User Cart/cart_icon' are NOT matched.)]]></system-err>
   </testsuite>
</testsuites>
