<?xml version="1.0" encoding="UTF-8"?>
<testsuites name="Test Suite for User Test Case 3" time="41" tests="0" failures="0" errors="1">
   <testsuite name="Test Suite for User Test Case 3" tests="0" failures="0" errors="1" time="41" timestamp="2018-04-30 17:42:14" hostname="Andrew_Dpp - 10.80.101.174" id="Test Suites/Test Suite for User Test Case 3">
      <properties>
         <property name="deviceName" value=""/>
         <property name="devicePlatform" value=""/>
         <property name="logFolder" value="C:\\Users\\Andrew_Dpp\\git\\234project-katalon\\Reports\\Test Suite for User Test Case 3\\20180430_174157"/>
         <property name="logFiles" value="C:\\Users\\Andrew_Dpp\\git\\234project-katalon\\Reports\\Test Suite for User Test Case 3\\20180430_174157\\execution0.log"/>
         <property name="attachments" value=""/>
         <property name="hostName" value="Andrew_Dpp - 10.80.101.174"/>
         <property name="os" value="Windows 7 64bit"/>
         <property name="katalonVersion" value="5.3.1.1"/>
         <property name="browser" value="Chrome 65.0.3325.181"/>
         <property name="hostAddress" value="10.80.101.174"/>
         <property name="sessionId" value="9d03e1acf7bad9e3db4286264859736b"/>
         <property name="seleniumVersion" value="3.7.1"/>
         <property name="proxyInformation" value="ProxyInformation{proxyOption=NO_PROXY, proxyServerType=HTTP, password=, proxyServerAddress=, proxyServerPort=0}"/>
         <property name="platform" value="Windows 7"/>
      </properties>
      <testcase name="Test Cases/User Test Case 3" classname="Test Cases/User Test Case 3" status="ERROR">
         <error type="ERROR" message="Test Cases/User Test Case 3 FAILED because (of) groovy.lang.MissingMethodException: No signature of method: static com.kms.katalon.core.webui.keyword.WebUiBuiltInKeywords.verifyElementText() is applicable for argument types: (com.kms.katalon.core.testobject.TestObject) values: [TestObject - 'Object Repository/User/User Cart/div_Well done You successfully']
Possible solutions: verifyElementText(com.kms.katalon.core.testobject.TestObject, java.lang.String), verifyElementText(com.kms.katalon.core.testobject.TestObject, java.lang.String, com.kms.katalon.core.model.FailureHandling)"/>
         <system-out><![CDATA[2018-04-30 17:42:14 - [TEST_CASE][ERROR] - Test Cases/User Test Case 3: Test Cases/User Test Case 3 FAILED because (of) groovy.lang.MissingMethodException: No signature of method: static com.kms.katalon.core.webui.keyword.WebUiBuiltInKeywords.verifyElementText() is applicable for argument types: (com.kms.katalon.core.testobject.TestObject) values: [TestObject - 'Object Repository/User/User Cart/div_Well done You successfully']
Possible solutions: verifyElementText(com.kms.katalon.core.testobject.TestObject, java.lang.String), verifyElementText(com.kms.katalon.core.testobject.TestObject, java.lang.String, com.kms.katalon.core.model.FailureHandling)

2018-04-30 17:42:16 - [TEST_STEP][PASSED] - openBrowser: Browser is opened with url: ''

2018-04-30 17:42:41 - [MESSAGE][PASSED] - Browser is opened with url: ''

2018-04-30 17:42:41 - [TEST_STEP][PASSED] - navigateToUrl: Navigate to 'http://18.188.55.188:8085/' successfully

2018-04-30 17:42:49 - [MESSAGE][PASSED] - Navigate to 'http://18.188.55.188:8085/' successfully

2018-04-30 17:42:49 - [TEST_STEP][PASSED] - setText: Text 'user' is set on object 'Object Repository/User/User Cart/input_username'

2018-04-30 17:42:50 - [MESSAGE][PASSED] - Text 'user' is set on object 'Object Repository/User/User Cart/input_username'

2018-04-30 17:42:50 - [TEST_STEP][PASSED] - setText: Text 'user' is set on object 'Object Repository/User/User Cart/input_password'

2018-04-30 17:42:50 - [MESSAGE][PASSED] - Text 'user' is set on object 'Object Repository/User/User Cart/input_password'

2018-04-30 17:42:50 - [TEST_STEP][PASSED] - click: Object: 'Object Repository/User/User Cart/button_Login' is clicked on

2018-04-30 17:42:50 - [MESSAGE][PASSED] - Object: 'Object Repository/User/User Cart/button_Login' is clicked on

2018-04-30 17:42:50 - [TEST_STEP][PASSED] - Statement - driver = com.kms.katalon.core.webui.driver.DriverFactory.getWebDriver(): null

2018-04-30 17:42:50 - [TEST_STEP][PASSED] - waitForElementPresent: Object 'Object Repository/User/User Cart/add to cart1' is present

2018-04-30 17:42:50 - [MESSAGE][WARNING] - Timeout '0' is invalid. Using default page load timeout: '30'

2018-04-30 17:42:52 - [MESSAGE][PASSED] - Object 'Object Repository/User/User Cart/add to cart1' is present

2018-04-30 17:42:52 - [TEST_STEP][PASSED] - Statement - products = driver.findElement(org.openqa.selenium.By.xpath("/html/body/app-root/app-product-list/div/div[2]/div")): null

2018-04-30 17:42:52 - [TEST_STEP][PASSED] - Statement - productList = products.findElements(org.openqa.selenium.By.className("farmer-card")): null

2018-04-30 17:42:52 - [TEST_STEP][PASSED] - Statement - println(productList.size()): null

2018-04-30 17:42:52 - [TEST_STEP][PASSED] - Statement - variables = new java.util.ArrayList(): null

2018-04-30 17:42:52 - [TEST_STEP][PASSED] - Statement - variables.add(input_amount1): null

2018-04-30 17:42:52 - [TEST_STEP][PASSED] - Statement - variables.add(input_amount2): null

2018-04-30 17:42:52 - [TEST_STEP][PASSED] - Statement - variables.add(input_amount3): null

2018-04-30 17:42:52 - [TEST_STEP][PASSED] - Statement - variables.add(input_amount4): null

2018-04-30 17:42:52 - [TEST_STEP][PASSED] - Statement - variables.add(input_amount5): null

2018-04-30 17:42:52 - [TEST_STEP][PASSED] - Statement - prices = new java.util.ArrayList(): null

2018-04-30 17:42:52 - [TEST_STEP][PASSED] - Statement - prices.add(20000): null

2018-04-30 17:42:52 - [TEST_STEP][PASSED] - Statement - prices.add(150): null

2018-04-30 17:42:52 - [TEST_STEP][PASSED] - Statement - prices.add(280): null

2018-04-30 17:42:52 - [TEST_STEP][PASSED] - Statement - prices.add(12): null

2018-04-30 17:42:52 - [TEST_STEP][PASSED] - Statement - prices.add(20): null

2018-04-30 17:42:52 - [TEST_STEP][PASSED] - Statement - totalPrices = new java.util.ArrayList(): null

2018-04-30 17:42:52 - [TEST_STEP][PASSED] - Statement - For (def i : (1..productList.size())): Finding Test Object with id 'Object Repository/User/User Cart/div_Well done You successfully'

2018-04-30 17:42:52 - [TEST_STEP][PASSED] - Statement - totalPrice = 0: null

2018-04-30 17:42:52 - [TEST_STEP][PASSED] - Statement - For (def j : (1..i)): Object: 'Object Repository/User/User Cart/add to cart1' is clicked on

2018-04-30 17:42:52 - [TEST_STEP][PASSED] - click: Object: 'Object Repository/User/User Cart/add to cart1' is clicked on

2018-04-30 17:42:52 - [MESSAGE][PASSED] - Object: 'Object Repository/User/User Cart/add to cart1' is clicked on

2018-04-30 17:42:52 - [TEST_STEP][PASSED] - click: Object: 'Object Repository/User/User Cart/cart_icon' is clicked on

2018-04-30 17:42:53 - [MESSAGE][PASSED] - Object: 'Object Repository/User/User Cart/cart_icon' is clicked on

2018-04-30 17:42:53 - [TEST_STEP][PASSED] - Statement - For (def k : (0..(i - 1))): Text '1' is set on object 'Object Repository/User/User Cart/input_amount1'

2018-04-30 17:42:53 - [TEST_STEP][PASSED] - setText: Text '1' is set on object 'Object Repository/User/User Cart/input_amount1'

2018-04-30 17:42:53 - [MESSAGE][PASSED] - Text '1' is set on object 'Object Repository/User/User Cart/input_amount1'

2018-04-30 17:42:53 - [TEST_STEP][PASSED] - Statement - For (def g : (0..(i - 1))): null

2018-04-30 17:42:53 - [TEST_STEP][PASSED] - Statement - println(variables.get(g)): null

2018-04-30 17:42:53 - [TEST_STEP][PASSED] - Statement - totalPrice += java.lang.Integer.valueOf(variables.get(g)) * java.lang.Integer.valueOf(prices.get(g)): null

2018-04-30 17:42:53 - [TEST_STEP][PASSED] - Statement - tempTotalPrice = totalPrice = java.lang.String.format("%,d", totalPrice): null

2018-04-30 17:42:53 - [TEST_STEP][PASSED] - Statement - println(tempTotalPrice): null

2018-04-30 17:42:53 - [TEST_STEP][PASSED] - verifyElementText: Actual text and expected text of test object 'Object Repository/User/User Cart/p_Total price' are matched.

2018-04-30 17:42:53 - [MESSAGE][PASSED] - Actual text and expected text of test object 'Object Repository/User/User Cart/p_Total price' are matched.

2018-04-30 17:42:53 - [TEST_STEP][PASSED] - click: Object: 'Object Repository/User/User Cart/button_confirm' is clicked on

2018-04-30 17:42:53 - [MESSAGE][PASSED] - Object: 'Object Repository/User/User Cart/button_confirm' is clicked on

2018-04-30 17:42:53 - [TEST_STEP][PASSED] - acceptAlert: Alert accepted

2018-04-30 17:42:53 - [MESSAGE][PASSED] - Alert accepted

2018-04-30 17:42:53 - [TEST_STEP][PASSED] - verifyElementText: Finding Test Object with id 'Object Repository/User/User Cart/div_Well done You successfully']]></system-out>
         <system-err><![CDATA[2018-04-30 17:42:14 - [TEST_CASE][ERROR] - Test Cases/User Test Case 3: Test Cases/User Test Case 3 FAILED because (of) groovy.lang.MissingMethodException: No signature of method: static com.kms.katalon.core.webui.keyword.WebUiBuiltInKeywords.verifyElementText() is applicable for argument types: (com.kms.katalon.core.testobject.TestObject) values: [TestObject - 'Object Repository/User/User Cart/div_Well done You successfully']
Possible solutions: verifyElementText(com.kms.katalon.core.testobject.TestObject, java.lang.String), verifyElementText(com.kms.katalon.core.testobject.TestObject, java.lang.String, com.kms.katalon.core.model.FailureHandling)]]></system-err>
      </testcase>
      <system-out><![CDATA[2018-04-30 17:42:14 - [TEST_SUITE][ERROR] - Test Suite for User Test Case 3: Test Cases/User Test Case 3 FAILED because (of) groovy.lang.MissingMethodException: No signature of method: static com.kms.katalon.core.webui.keyword.WebUiBuiltInKeywords.verifyElementText() is applicable for argument types: (com.kms.katalon.core.testobject.TestObject) values: [TestObject - 'Object Repository/User/User Cart/div_Well done You successfully']
Possible solutions: verifyElementText(com.kms.katalon.core.testobject.TestObject, java.lang.String), verifyElementText(com.kms.katalon.core.testobject.TestObject, java.lang.String, com.kms.katalon.core.model.FailureHandling)]]></system-out>
      <system-err><![CDATA[2018-04-30 17:42:14 - [TEST_SUITE][ERROR] - Test Suite for User Test Case 3: Test Cases/User Test Case 3 FAILED because (of) groovy.lang.MissingMethodException: No signature of method: static com.kms.katalon.core.webui.keyword.WebUiBuiltInKeywords.verifyElementText() is applicable for argument types: (com.kms.katalon.core.testobject.TestObject) values: [TestObject - 'Object Repository/User/User Cart/div_Well done You successfully']
Possible solutions: verifyElementText(com.kms.katalon.core.testobject.TestObject, java.lang.String), verifyElementText(com.kms.katalon.core.testobject.TestObject, java.lang.String, com.kms.katalon.core.model.FailureHandling)]]></system-err>
   </testsuite>
</testsuites>
