<?xml version="1.0" encoding="UTF-8"?>
<testsuites name="Test Suite for Admin Test Case 1" time="197" tests="0" failures="2" errors="0">
   <testsuite name="Test Suite for Admin Test Case 1" tests="0" failures="2" errors="0" time="197" timestamp="2018-05-07 20:19:05" hostname="Andrew_Dpp - Andrew_Dpp-PC" id="Test Suites/Test Suite for Admin Test Case 1">
      <properties>
         <property name="deviceName" value=""/>
         <property name="devicePlatform" value=""/>
         <property name="logFolder" value="C:\\Users\\Andrew_Dpp\\git\\234project-katalon\\Reports\\Test Suite for Admin Test Case 1\\20180507_201901"/>
         <property name="logFiles" value="C:\\Users\\Andrew_Dpp\\git\\234project-katalon\\Reports\\Test Suite for Admin Test Case 1\\20180507_201901\\execution0.log"/>
         <property name="attachments" value="C:\\Users\\Andrew_Dpp\\git\\234project-katalon\\Reports\\Test Suite for Admin Test Case 1\\20180507_201901\\1525699246974.png, C:\\Users\\Andrew_Dpp\\git\\234project-katalon\\Reports\\Test Suite for Admin Test Case 1\\20180507_201901\\1525699342387.png"/>
         <property name="hostName" value="Andrew_Dpp - Andrew_Dpp-PC"/>
         <property name="os" value="Windows 7 64bit"/>
         <property name="katalonVersion" value="5.3.1.1"/>
         <property name="browser" value="Chrome 66.0.3359.139"/>
         <property name="hostAddress" value="192.168.1.9"/>
         <property name="sessionId" value="38f8b4f174c114acee0e1f086bb77b7a"/>
         <property name="seleniumVersion" value="3.7.1"/>
         <property name="proxyInformation" value="ProxyInformation{proxyOption=NO_PROXY, proxyServerType=HTTP, password=, proxyServerAddress=, proxyServerPort=0}"/>
         <property name="platform" value="Windows 7"/>
      </properties>
      <testcase name="Test Cases/Admin Test Case 1" classname="Test Cases/Admin Test Case 1" status="FAILED">
         <failure type="FAILED" message="Unable to click on object 'Object Repository/Admin/cart' (Root cause: com.kms.katalon.core.webui.exception.WebElementNotFoundException: Web element with id: 'Object Repository/Admin/cart' located by 'By.xpath: //span[(text() = '1' or . = '1')]' not found)"/>
         <system-out><![CDATA[2018-05-07 20:19:07 - [TEST_CASE][FAILED] - Test Cases/Admin Test Case 1: Test Cases/Admin Test Case 1 FAILED because (of) Unable to click on object 'Object Repository/Admin/cart' (Root cause: com.kms.katalon.core.webui.exception.WebElementNotFoundException: Web element with id: 'Object Repository/Admin/cart' located by 'By.xpath: //span[(text() = '1' or . = '1')]' not found)

2018-05-07 20:19:09 - [TEST_STEP][PASSED] - openBrowser: Browser is opened with url: ''

2018-05-07 20:19:38 - [MESSAGE][PASSED] - Browser is opened with url: ''

2018-05-07 20:19:38 - [TEST_STEP][PASSED] - Statement - driver = com.kms.katalon.core.webui.driver.DriverFactory.getWebDriver(): null

2018-05-07 20:19:38 - [TEST_STEP][PASSED] - navigateToUrl: Navigate to 'http://18.188.55.188:8085/' successfully

2018-05-07 20:19:50 - [MESSAGE][PASSED] - Navigate to 'http://18.188.55.188:8085/' successfully

2018-05-07 20:19:50 - [TEST_STEP][PASSED] - setText: Text 'admin' is set on object 'Object Repository/Admin/input_username'

2018-05-07 20:19:51 - [MESSAGE][PASSED] - Text 'admin' is set on object 'Object Repository/Admin/input_username'

2018-05-07 20:19:51 - [TEST_STEP][PASSED] - setText: Text 'admin' is set on object 'Object Repository/Admin/input_password'

2018-05-07 20:19:52 - [MESSAGE][PASSED] - Text 'admin' is set on object 'Object Repository/Admin/input_password'

2018-05-07 20:19:52 - [TEST_STEP][PASSED] - click: Object: 'Object Repository/Admin/button_Login' is clicked on

2018-05-07 20:19:52 - [MESSAGE][PASSED] - Object: 'Object Repository/Admin/button_Login' is clicked on

2018-05-07 20:19:52 - [TEST_STEP][PASSED] - delay: Delayed 5 second(s)

2018-05-07 20:19:57 - [MESSAGE][PASSED] - Delayed 5 second(s)

2018-05-07 20:19:57 - [TEST_STEP][PASSED] - click: Object: 'Object Repository/Admin/a_Total Transaction' is clicked on

2018-05-07 20:19:57 - [MESSAGE][PASSED] - Object: 'Object Repository/Admin/a_Total Transaction' is clicked on

2018-05-07 20:19:57 - [TEST_STEP][PASSED] - Statement - Table = driver.findElement(org.openqa.selenium.By.xpath("//*[@id="add-row"]/div/table/tbody")): null

2018-05-07 20:19:58 - [TEST_STEP][PASSED] - delay: Delayed 5 second(s)

2018-05-07 20:20:03 - [MESSAGE][PASSED] - Delayed 5 second(s)

2018-05-07 20:20:03 - [TEST_STEP][PASSED] - Statement - oldAdminTotalPrice = driver.findElement(org.openqa.selenium.By.xpath("//*[@id="add-row"]/div/div[2]/div/p")).getText(): null

2018-05-07 20:20:03 - [TEST_STEP][PASSED] - Statement - oldAdminTotalPrice = oldAdminTotalPrice.replaceAll(" THB", "").replaceAll("Total price: ", "").replaceAll(",", ""): null

2018-05-07 20:20:03 - [TEST_STEP][PASSED] - Statement - oldAdminTotalPrice = java.lang.Integer.parseInt(oldAdminTotalPrice): null

2018-05-07 20:20:03 - [TEST_STEP][PASSED] - Statement - oldRows = Table.findElements(org.openqa.selenium.By.tagName("tr")): null

2018-05-07 20:20:03 - [TEST_STEP][PASSED] - Statement - valueOfOldRows = oldRows.size(): null

2018-05-07 20:20:03 - [TEST_STEP][PASSED] - Statement - oldTransactionList = new java.util.ArrayList(): null

2018-05-07 20:20:03 - [TEST_STEP][PASSED] - Statement - For (def i : (1..oldRows.size())): null

2018-05-07 20:20:03 - [TEST_STEP][PASSED] - Statement - tempString = "": null

2018-05-07 20:20:03 - [TEST_STEP][PASSED] - Statement - tempString += driver.findElement(org.openqa.selenium.By.xpath("//*[@id="add-row"]/div/table/tbody/tr[" + i + "]/td[1]")).getText(): null

2018-05-07 20:20:03 - [TEST_STEP][PASSED] - Statement - tempString += driver.findElement(org.openqa.selenium.By.xpath("//*[@id="add-row"]/div/table/tbody/tr[" + i + "]/td[2]")).getText(): null

2018-05-07 20:20:03 - [TEST_STEP][PASSED] - Statement - tempString += driver.findElement(org.openqa.selenium.By.xpath("//*[@id="add-row"]/div/table/tbody/tr[" + i + "]/td[3]")).getText(): null

2018-05-07 20:20:03 - [TEST_STEP][PASSED] - Statement - oldTransactionList.add(tempString): null

2018-05-07 20:20:03 - [TEST_STEP][PASSED] - Statement - println(tempString): null

2018-05-07 20:20:03 - [TEST_STEP][PASSED] - Statement - tempString = "": null

2018-05-07 20:20:03 - [TEST_STEP][PASSED] - Statement - tempString += driver.findElement(org.openqa.selenium.By.xpath("//*[@id="add-row"]/div/table/tbody/tr[" + i + "]/td[1]")).getText(): null

2018-05-07 20:20:03 - [TEST_STEP][PASSED] - Statement - tempString += driver.findElement(org.openqa.selenium.By.xpath("//*[@id="add-row"]/div/table/tbody/tr[" + i + "]/td[2]")).getText(): null

2018-05-07 20:20:03 - [TEST_STEP][PASSED] - Statement - tempString += driver.findElement(org.openqa.selenium.By.xpath("//*[@id="add-row"]/div/table/tbody/tr[" + i + "]/td[3]")).getText(): null

2018-05-07 20:20:04 - [TEST_STEP][PASSED] - Statement - oldTransactionList.add(tempString): null

2018-05-07 20:20:04 - [TEST_STEP][PASSED] - Statement - println(tempString): null

2018-05-07 20:20:04 - [TEST_STEP][PASSED] - Statement - tempString = "": null

2018-05-07 20:20:04 - [TEST_STEP][PASSED] - Statement - tempString += driver.findElement(org.openqa.selenium.By.xpath("//*[@id="add-row"]/div/table/tbody/tr[" + i + "]/td[1]")).getText(): null

2018-05-07 20:20:04 - [TEST_STEP][PASSED] - Statement - tempString += driver.findElement(org.openqa.selenium.By.xpath("//*[@id="add-row"]/div/table/tbody/tr[" + i + "]/td[2]")).getText(): null

2018-05-07 20:20:04 - [TEST_STEP][PASSED] - Statement - tempString += driver.findElement(org.openqa.selenium.By.xpath("//*[@id="add-row"]/div/table/tbody/tr[" + i + "]/td[3]")).getText(): null

2018-05-07 20:20:04 - [TEST_STEP][PASSED] - Statement - oldTransactionList.add(tempString): null

2018-05-07 20:20:04 - [TEST_STEP][PASSED] - Statement - println(tempString): null

2018-05-07 20:20:04 - [TEST_STEP][PASSED] - Statement - tempString = "": null

2018-05-07 20:20:04 - [TEST_STEP][PASSED] - Statement - tempString += driver.findElement(org.openqa.selenium.By.xpath("//*[@id="add-row"]/div/table/tbody/tr[" + i + "]/td[1]")).getText(): null

2018-05-07 20:20:04 - [TEST_STEP][PASSED] - Statement - tempString += driver.findElement(org.openqa.selenium.By.xpath("//*[@id="add-row"]/div/table/tbody/tr[" + i + "]/td[2]")).getText(): null

2018-05-07 20:20:04 - [TEST_STEP][PASSED] - Statement - tempString += driver.findElement(org.openqa.selenium.By.xpath("//*[@id="add-row"]/div/table/tbody/tr[" + i + "]/td[3]")).getText(): null

2018-05-07 20:20:04 - [TEST_STEP][PASSED] - Statement - oldTransactionList.add(tempString): null

2018-05-07 20:20:04 - [TEST_STEP][PASSED] - Statement - println(tempString): null

2018-05-07 20:20:04 - [TEST_STEP][PASSED] - Statement - tempString = "": null

2018-05-07 20:20:04 - [TEST_STEP][PASSED] - Statement - tempString += driver.findElement(org.openqa.selenium.By.xpath("//*[@id="add-row"]/div/table/tbody/tr[" + i + "]/td[1]")).getText(): null

2018-05-07 20:20:04 - [TEST_STEP][PASSED] - Statement - tempString += driver.findElement(org.openqa.selenium.By.xpath("//*[@id="add-row"]/div/table/tbody/tr[" + i + "]/td[2]")).getText(): null

2018-05-07 20:20:04 - [TEST_STEP][PASSED] - Statement - tempString += driver.findElement(org.openqa.selenium.By.xpath("//*[@id="add-row"]/div/table/tbody/tr[" + i + "]/td[3]")).getText(): null

2018-05-07 20:20:05 - [TEST_STEP][PASSED] - Statement - oldTransactionList.add(tempString): null

2018-05-07 20:20:05 - [TEST_STEP][PASSED] - Statement - println(tempString): null

2018-05-07 20:20:05 - [TEST_STEP][PASSED] - Statement - tempString = "": null

2018-05-07 20:20:05 - [TEST_STEP][PASSED] - Statement - tempString += driver.findElement(org.openqa.selenium.By.xpath("//*[@id="add-row"]/div/table/tbody/tr[" + i + "]/td[1]")).getText(): null

2018-05-07 20:20:05 - [TEST_STEP][PASSED] - Statement - tempString += driver.findElement(org.openqa.selenium.By.xpath("//*[@id="add-row"]/div/table/tbody/tr[" + i + "]/td[2]")).getText(): null

2018-05-07 20:20:05 - [TEST_STEP][PASSED] - Statement - tempString += driver.findElement(org.openqa.selenium.By.xpath("//*[@id="add-row"]/div/table/tbody/tr[" + i + "]/td[3]")).getText(): null

2018-05-07 20:20:05 - [TEST_STEP][PASSED] - Statement - oldTransactionList.add(tempString): null

2018-05-07 20:20:05 - [TEST_STEP][PASSED] - Statement - println(tempString): null

2018-05-07 20:20:05 - [TEST_STEP][PASSED] - Statement - tempString = "": null

2018-05-07 20:20:05 - [TEST_STEP][PASSED] - Statement - tempString += driver.findElement(org.openqa.selenium.By.xpath("//*[@id="add-row"]/div/table/tbody/tr[" + i + "]/td[1]")).getText(): null

2018-05-07 20:20:05 - [TEST_STEP][PASSED] - Statement - tempString += driver.findElement(org.openqa.selenium.By.xpath("//*[@id="add-row"]/div/table/tbody/tr[" + i + "]/td[2]")).getText(): null

2018-05-07 20:20:05 - [TEST_STEP][PASSED] - Statement - tempString += driver.findElement(org.openqa.selenium.By.xpath("//*[@id="add-row"]/div/table/tbody/tr[" + i + "]/td[3]")).getText(): null

2018-05-07 20:20:05 - [TEST_STEP][PASSED] - Statement - oldTransactionList.add(tempString): null

2018-05-07 20:20:05 - [TEST_STEP][PASSED] - Statement - println(tempString): null

2018-05-07 20:20:05 - [TEST_STEP][PASSED] - Statement - tempString = "": null

2018-05-07 20:20:05 - [TEST_STEP][PASSED] - Statement - tempString += driver.findElement(org.openqa.selenium.By.xpath("//*[@id="add-row"]/div/table/tbody/tr[" + i + "]/td[1]")).getText(): null

2018-05-07 20:20:05 - [TEST_STEP][PASSED] - Statement - tempString += driver.findElement(org.openqa.selenium.By.xpath("//*[@id="add-row"]/div/table/tbody/tr[" + i + "]/td[2]")).getText(): null

2018-05-07 20:20:05 - [TEST_STEP][PASSED] - Statement - tempString += driver.findElement(org.openqa.selenium.By.xpath("//*[@id="add-row"]/div/table/tbody/tr[" + i + "]/td[3]")).getText(): null

2018-05-07 20:20:05 - [TEST_STEP][PASSED] - Statement - oldTransactionList.add(tempString): null

2018-05-07 20:20:05 - [TEST_STEP][PASSED] - Statement - println(tempString): null

2018-05-07 20:20:05 - [TEST_STEP][PASSED] - Statement - tempString = "": null

2018-05-07 20:20:05 - [TEST_STEP][PASSED] - Statement - tempString += driver.findElement(org.openqa.selenium.By.xpath("//*[@id="add-row"]/div/table/tbody/tr[" + i + "]/td[1]")).getText(): null

2018-05-07 20:20:05 - [TEST_STEP][PASSED] - Statement - tempString += driver.findElement(org.openqa.selenium.By.xpath("//*[@id="add-row"]/div/table/tbody/tr[" + i + "]/td[2]")).getText(): null

2018-05-07 20:20:06 - [TEST_STEP][PASSED] - Statement - tempString += driver.findElement(org.openqa.selenium.By.xpath("//*[@id="add-row"]/div/table/tbody/tr[" + i + "]/td[3]")).getText(): null

2018-05-07 20:20:06 - [TEST_STEP][PASSED] - Statement - oldTransactionList.add(tempString): null

2018-05-07 20:20:06 - [TEST_STEP][PASSED] - Statement - println(tempString): null

2018-05-07 20:20:06 - [TEST_STEP][PASSED] - Statement - tempString = "": null

2018-05-07 20:20:06 - [TEST_STEP][PASSED] - Statement - tempString += driver.findElement(org.openqa.selenium.By.xpath("//*[@id="add-row"]/div/table/tbody/tr[" + i + "]/td[1]")).getText(): null

2018-05-07 20:20:06 - [TEST_STEP][PASSED] - Statement - tempString += driver.findElement(org.openqa.selenium.By.xpath("//*[@id="add-row"]/div/table/tbody/tr[" + i + "]/td[2]")).getText(): null

2018-05-07 20:20:06 - [TEST_STEP][PASSED] - Statement - tempString += driver.findElement(org.openqa.selenium.By.xpath("//*[@id="add-row"]/div/table/tbody/tr[" + i + "]/td[3]")).getText(): null

2018-05-07 20:20:06 - [TEST_STEP][PASSED] - Statement - oldTransactionList.add(tempString): null

2018-05-07 20:20:06 - [TEST_STEP][PASSED] - Statement - println(tempString): null

2018-05-07 20:20:06 - [TEST_STEP][PASSED] - Statement - tempString = "": null

2018-05-07 20:20:06 - [TEST_STEP][PASSED] - Statement - tempString += driver.findElement(org.openqa.selenium.By.xpath("//*[@id="add-row"]/div/table/tbody/tr[" + i + "]/td[1]")).getText(): null

2018-05-07 20:20:06 - [TEST_STEP][PASSED] - Statement - tempString += driver.findElement(org.openqa.selenium.By.xpath("//*[@id="add-row"]/div/table/tbody/tr[" + i + "]/td[2]")).getText(): null

2018-05-07 20:20:06 - [TEST_STEP][PASSED] - Statement - tempString += driver.findElement(org.openqa.selenium.By.xpath("//*[@id="add-row"]/div/table/tbody/tr[" + i + "]/td[3]")).getText(): null

2018-05-07 20:20:06 - [TEST_STEP][PASSED] - Statement - oldTransactionList.add(tempString): null

2018-05-07 20:20:06 - [TEST_STEP][PASSED] - Statement - println(tempString): null

2018-05-07 20:20:06 - [TEST_STEP][PASSED] - Statement - tempString = "": null

2018-05-07 20:20:06 - [TEST_STEP][PASSED] - Statement - tempString += driver.findElement(org.openqa.selenium.By.xpath("//*[@id="add-row"]/div/table/tbody/tr[" + i + "]/td[1]")).getText(): null

2018-05-07 20:20:07 - [TEST_STEP][PASSED] - Statement - tempString += driver.findElement(org.openqa.selenium.By.xpath("//*[@id="add-row"]/div/table/tbody/tr[" + i + "]/td[2]")).getText(): null

2018-05-07 20:20:07 - [TEST_STEP][PASSED] - Statement - tempString += driver.findElement(org.openqa.selenium.By.xpath("//*[@id="add-row"]/div/table/tbody/tr[" + i + "]/td[3]")).getText(): null

2018-05-07 20:20:07 - [TEST_STEP][PASSED] - Statement - oldTransactionList.add(tempString): null

2018-05-07 20:20:07 - [TEST_STEP][PASSED] - Statement - println(tempString): null

2018-05-07 20:20:07 - [TEST_STEP][PASSED] - click: Object: 'Object Repository/Admin/button_Logout' is clicked on

2018-05-07 20:20:07 - [MESSAGE][PASSED] - Object: 'Object Repository/Admin/button_Logout' is clicked on

2018-05-07 20:20:07 - [TEST_STEP][PASSED] - delay: Delayed 5 second(s)

2018-05-07 20:20:12 - [MESSAGE][PASSED] - Delayed 5 second(s)

2018-05-07 20:20:12 - [TEST_STEP][PASSED] - setText: Text 'hello' is set on object 'Object Repository/Admin/input_username'

2018-05-07 20:20:13 - [MESSAGE][PASSED] - Text 'hello' is set on object 'Object Repository/Admin/input_username'

2018-05-07 20:20:13 - [TEST_STEP][PASSED] - setText: Text 'hello' is set on object 'Object Repository/Admin/input_password'

2018-05-07 20:20:13 - [MESSAGE][PASSED] - Text 'hello' is set on object 'Object Repository/Admin/input_password'

2018-05-07 20:20:13 - [TEST_STEP][PASSED] - click: Object: 'Object Repository/Admin/button_Login' is clicked on

2018-05-07 20:20:14 - [MESSAGE][PASSED] - Object: 'Object Repository/Admin/button_Login' is clicked on

2018-05-07 20:20:14 - [TEST_STEP][PASSED] - click: Object: 'Object Repository/Admin/add to cart1' is clicked on

2018-05-07 20:20:14 - [MESSAGE][PASSED] - Object: 'Object Repository/Admin/add to cart1' is clicked on

2018-05-07 20:20:14 - [TEST_STEP][PASSED] - click: Object: 'Object Repository/Admin/add to cart2' is clicked on

2018-05-07 20:20:15 - [MESSAGE][PASSED] - Object: 'Object Repository/Admin/add to cart2' is clicked on

2018-05-07 20:20:15 - [TEST_STEP][PASSED] - click: Object: 'Object Repository/Admin/add to cart3' is clicked on

2018-05-07 20:20:15 - [MESSAGE][PASSED] - Object: 'Object Repository/Admin/add to cart3' is clicked on

2018-05-07 20:20:15 - [TEST_STEP][PASSED] - click: Object: 'Object Repository/Admin/add to cart4' is clicked on

2018-05-07 20:20:15 - [MESSAGE][PASSED] - Object: 'Object Repository/Admin/add to cart4' is clicked on

2018-05-07 20:20:15 - [TEST_STEP][PASSED] - click: Object: 'Object Repository/Admin/add to cart5' is clicked on

2018-05-07 20:20:15 - [MESSAGE][PASSED] - Object: 'Object Repository/Admin/add to cart5' is clicked on

2018-05-07 20:20:15 - [TEST_STEP][FAILED] - click: Unable to click on object 'Object Repository/Admin/cart' (Root cause: com.kms.katalon.core.webui.exception.WebElementNotFoundException: Web element with id: 'Object Repository/Admin/cart' located by 'By.xpath: //span[(text() = '1' or . = '1')]' not found)

2018-05-07 20:20:47 - [MESSAGE][FAILED] - Unable to click on object 'Object Repository/Admin/cart' (Root cause: com.kms.katalon.core.webui.exception.WebElementNotFoundException: Web element with id: 'Object Repository/Admin/cart' located by 'By.xpath: //span[(text() = '1' or . = '1')]' not found)
[[ATTACHMENT|C:\\Users\\Andrew_Dpp\\git\\234project-katalon\\Reports\\Test Suite for Admin Test Case 1\\20180507_201901\\1525699246974.png]]]]></system-out>
         <system-err><![CDATA[2018-05-07 20:19:07 - [TEST_CASE][FAILED] - Test Cases/Admin Test Case 1: Test Cases/Admin Test Case 1 FAILED because (of) Unable to click on object 'Object Repository/Admin/cart' (Root cause: com.kms.katalon.core.webui.exception.WebElementNotFoundException: Web element with id: 'Object Repository/Admin/cart' located by 'By.xpath: //span[(text() = '1' or . = '1')]' not found)]]></system-err>
      </testcase>
      <testcase name="Test Cases/Admin Test Case 1" classname="Test Cases/Admin Test Case 1" status="FAILED">
         <failure type="FAILED" message="Unable to click on object 'Object Repository/Admin/cart' (Root cause: com.kms.katalon.core.webui.exception.WebElementNotFoundException: Web element with id: 'Object Repository/Admin/cart' located by 'By.xpath: //span[(text() = '1' or . = '1')]' not found)"/>
         <system-out><![CDATA[2018-05-07 20:20:47 - [TEST_CASE][FAILED] - Test Cases/Admin Test Case 1: Test Cases/Admin Test Case 1 FAILED because (of) Unable to click on object 'Object Repository/Admin/cart' (Root cause: com.kms.katalon.core.webui.exception.WebElementNotFoundException: Web element with id: 'Object Repository/Admin/cart' located by 'By.xpath: //span[(text() = '1' or . = '1')]' not found)

2018-05-07 20:20:47 - [TEST_STEP][PASSED] - openBrowser: Browser is opened with url: ''

2018-05-07 20:20:47 - [MESSAGE][WARNING] - A browser is already opened. Closing browser and opening a new one

2018-05-07 20:21:12 - [MESSAGE][PASSED] - Browser is opened with url: ''

2018-05-07 20:21:12 - [TEST_STEP][PASSED] - Statement - driver = com.kms.katalon.core.webui.driver.DriverFactory.getWebDriver(): null

2018-05-07 20:21:12 - [TEST_STEP][PASSED] - navigateToUrl: Navigate to 'http://18.188.55.188:8085/' successfully

2018-05-07 20:21:27 - [MESSAGE][PASSED] - Navigate to 'http://18.188.55.188:8085/' successfully

2018-05-07 20:21:27 - [TEST_STEP][PASSED] - setText: Text 'admin' is set on object 'Object Repository/Admin/input_username'

2018-05-07 20:21:27 - [MESSAGE][PASSED] - Text 'admin' is set on object 'Object Repository/Admin/input_username'

2018-05-07 20:21:27 - [TEST_STEP][PASSED] - setText: Text 'admin' is set on object 'Object Repository/Admin/input_password'

2018-05-07 20:21:27 - [MESSAGE][PASSED] - Text 'admin' is set on object 'Object Repository/Admin/input_password'

2018-05-07 20:21:27 - [TEST_STEP][PASSED] - click: Object: 'Object Repository/Admin/button_Login' is clicked on

2018-05-07 20:21:28 - [MESSAGE][PASSED] - Object: 'Object Repository/Admin/button_Login' is clicked on

2018-05-07 20:21:28 - [TEST_STEP][PASSED] - delay: Delayed 5 second(s)

2018-05-07 20:21:33 - [MESSAGE][PASSED] - Delayed 5 second(s)

2018-05-07 20:21:33 - [TEST_STEP][PASSED] - click: Object: 'Object Repository/Admin/a_Total Transaction' is clicked on

2018-05-07 20:21:33 - [MESSAGE][PASSED] - Object: 'Object Repository/Admin/a_Total Transaction' is clicked on

2018-05-07 20:21:33 - [TEST_STEP][PASSED] - Statement - Table = driver.findElement(org.openqa.selenium.By.xpath("//*[@id="add-row"]/div/table/tbody")): null

2018-05-07 20:21:33 - [TEST_STEP][PASSED] - delay: Delayed 5 second(s)

2018-05-07 20:21:38 - [MESSAGE][PASSED] - Delayed 5 second(s)

2018-05-07 20:21:38 - [TEST_STEP][PASSED] - Statement - oldAdminTotalPrice = driver.findElement(org.openqa.selenium.By.xpath("//*[@id="add-row"]/div/div[2]/div/p")).getText(): null

2018-05-07 20:21:38 - [TEST_STEP][PASSED] - Statement - oldAdminTotalPrice = oldAdminTotalPrice.replaceAll(" THB", "").replaceAll("Total price: ", "").replaceAll(",", ""): null

2018-05-07 20:21:38 - [TEST_STEP][PASSED] - Statement - oldAdminTotalPrice = java.lang.Integer.parseInt(oldAdminTotalPrice): null

2018-05-07 20:21:38 - [TEST_STEP][PASSED] - Statement - oldRows = Table.findElements(org.openqa.selenium.By.tagName("tr")): null

2018-05-07 20:21:38 - [TEST_STEP][PASSED] - Statement - valueOfOldRows = oldRows.size(): null

2018-05-07 20:21:38 - [TEST_STEP][PASSED] - Statement - oldTransactionList = new java.util.ArrayList(): null

2018-05-07 20:21:38 - [TEST_STEP][PASSED] - Statement - For (def i : (1..oldRows.size())): null

2018-05-07 20:21:38 - [TEST_STEP][PASSED] - Statement - tempString = "": null

2018-05-07 20:21:38 - [TEST_STEP][PASSED] - Statement - tempString += driver.findElement(org.openqa.selenium.By.xpath("//*[@id="add-row"]/div/table/tbody/tr[" + i + "]/td[1]")).getText(): null

2018-05-07 20:21:38 - [TEST_STEP][PASSED] - Statement - tempString += driver.findElement(org.openqa.selenium.By.xpath("//*[@id="add-row"]/div/table/tbody/tr[" + i + "]/td[2]")).getText(): null

2018-05-07 20:21:38 - [TEST_STEP][PASSED] - Statement - tempString += driver.findElement(org.openqa.selenium.By.xpath("//*[@id="add-row"]/div/table/tbody/tr[" + i + "]/td[3]")).getText(): null

2018-05-07 20:21:39 - [TEST_STEP][PASSED] - Statement - oldTransactionList.add(tempString): null

2018-05-07 20:21:39 - [TEST_STEP][PASSED] - Statement - println(tempString): null

2018-05-07 20:21:39 - [TEST_STEP][PASSED] - Statement - tempString = "": null

2018-05-07 20:21:39 - [TEST_STEP][PASSED] - Statement - tempString += driver.findElement(org.openqa.selenium.By.xpath("//*[@id="add-row"]/div/table/tbody/tr[" + i + "]/td[1]")).getText(): null

2018-05-07 20:21:39 - [TEST_STEP][PASSED] - Statement - tempString += driver.findElement(org.openqa.selenium.By.xpath("//*[@id="add-row"]/div/table/tbody/tr[" + i + "]/td[2]")).getText(): null

2018-05-07 20:21:39 - [TEST_STEP][PASSED] - Statement - tempString += driver.findElement(org.openqa.selenium.By.xpath("//*[@id="add-row"]/div/table/tbody/tr[" + i + "]/td[3]")).getText(): null

2018-05-07 20:21:39 - [TEST_STEP][PASSED] - Statement - oldTransactionList.add(tempString): null

2018-05-07 20:21:39 - [TEST_STEP][PASSED] - Statement - println(tempString): null

2018-05-07 20:21:39 - [TEST_STEP][PASSED] - Statement - tempString = "": null

2018-05-07 20:21:39 - [TEST_STEP][PASSED] - Statement - tempString += driver.findElement(org.openqa.selenium.By.xpath("//*[@id="add-row"]/div/table/tbody/tr[" + i + "]/td[1]")).getText(): null

2018-05-07 20:21:39 - [TEST_STEP][PASSED] - Statement - tempString += driver.findElement(org.openqa.selenium.By.xpath("//*[@id="add-row"]/div/table/tbody/tr[" + i + "]/td[2]")).getText(): null

2018-05-07 20:21:39 - [TEST_STEP][PASSED] - Statement - tempString += driver.findElement(org.openqa.selenium.By.xpath("//*[@id="add-row"]/div/table/tbody/tr[" + i + "]/td[3]")).getText(): null

2018-05-07 20:21:39 - [TEST_STEP][PASSED] - Statement - oldTransactionList.add(tempString): null

2018-05-07 20:21:39 - [TEST_STEP][PASSED] - Statement - println(tempString): null

2018-05-07 20:21:39 - [TEST_STEP][PASSED] - Statement - tempString = "": null

2018-05-07 20:21:39 - [TEST_STEP][PASSED] - Statement - tempString += driver.findElement(org.openqa.selenium.By.xpath("//*[@id="add-row"]/div/table/tbody/tr[" + i + "]/td[1]")).getText(): null

2018-05-07 20:21:39 - [TEST_STEP][PASSED] - Statement - tempString += driver.findElement(org.openqa.selenium.By.xpath("//*[@id="add-row"]/div/table/tbody/tr[" + i + "]/td[2]")).getText(): null

2018-05-07 20:21:39 - [TEST_STEP][PASSED] - Statement - tempString += driver.findElement(org.openqa.selenium.By.xpath("//*[@id="add-row"]/div/table/tbody/tr[" + i + "]/td[3]")).getText(): null

2018-05-07 20:21:39 - [TEST_STEP][PASSED] - Statement - oldTransactionList.add(tempString): null

2018-05-07 20:21:39 - [TEST_STEP][PASSED] - Statement - println(tempString): null

2018-05-07 20:21:39 - [TEST_STEP][PASSED] - Statement - tempString = "": null

2018-05-07 20:21:39 - [TEST_STEP][PASSED] - Statement - tempString += driver.findElement(org.openqa.selenium.By.xpath("//*[@id="add-row"]/div/table/tbody/tr[" + i + "]/td[1]")).getText(): null

2018-05-07 20:21:40 - [TEST_STEP][PASSED] - Statement - tempString += driver.findElement(org.openqa.selenium.By.xpath("//*[@id="add-row"]/div/table/tbody/tr[" + i + "]/td[2]")).getText(): null

2018-05-07 20:21:40 - [TEST_STEP][PASSED] - Statement - tempString += driver.findElement(org.openqa.selenium.By.xpath("//*[@id="add-row"]/div/table/tbody/tr[" + i + "]/td[3]")).getText(): null

2018-05-07 20:21:40 - [TEST_STEP][PASSED] - Statement - oldTransactionList.add(tempString): null

2018-05-07 20:21:40 - [TEST_STEP][PASSED] - Statement - println(tempString): null

2018-05-07 20:21:40 - [TEST_STEP][PASSED] - Statement - tempString = "": null

2018-05-07 20:21:40 - [TEST_STEP][PASSED] - Statement - tempString += driver.findElement(org.openqa.selenium.By.xpath("//*[@id="add-row"]/div/table/tbody/tr[" + i + "]/td[1]")).getText(): null

2018-05-07 20:21:40 - [TEST_STEP][PASSED] - Statement - tempString += driver.findElement(org.openqa.selenium.By.xpath("//*[@id="add-row"]/div/table/tbody/tr[" + i + "]/td[2]")).getText(): null

2018-05-07 20:21:40 - [TEST_STEP][PASSED] - Statement - tempString += driver.findElement(org.openqa.selenium.By.xpath("//*[@id="add-row"]/div/table/tbody/tr[" + i + "]/td[3]")).getText(): null

2018-05-07 20:21:40 - [TEST_STEP][PASSED] - Statement - oldTransactionList.add(tempString): null

2018-05-07 20:21:40 - [TEST_STEP][PASSED] - Statement - println(tempString): null

2018-05-07 20:21:40 - [TEST_STEP][PASSED] - Statement - tempString = "": null

2018-05-07 20:21:40 - [TEST_STEP][PASSED] - Statement - tempString += driver.findElement(org.openqa.selenium.By.xpath("//*[@id="add-row"]/div/table/tbody/tr[" + i + "]/td[1]")).getText(): null

2018-05-07 20:21:40 - [TEST_STEP][PASSED] - Statement - tempString += driver.findElement(org.openqa.selenium.By.xpath("//*[@id="add-row"]/div/table/tbody/tr[" + i + "]/td[2]")).getText(): null

2018-05-07 20:21:40 - [TEST_STEP][PASSED] - Statement - tempString += driver.findElement(org.openqa.selenium.By.xpath("//*[@id="add-row"]/div/table/tbody/tr[" + i + "]/td[3]")).getText(): null

2018-05-07 20:21:40 - [TEST_STEP][PASSED] - Statement - oldTransactionList.add(tempString): null

2018-05-07 20:21:40 - [TEST_STEP][PASSED] - Statement - println(tempString): null

2018-05-07 20:21:40 - [TEST_STEP][PASSED] - Statement - tempString = "": null

2018-05-07 20:21:40 - [TEST_STEP][PASSED] - Statement - tempString += driver.findElement(org.openqa.selenium.By.xpath("//*[@id="add-row"]/div/table/tbody/tr[" + i + "]/td[1]")).getText(): null

2018-05-07 20:21:40 - [TEST_STEP][PASSED] - Statement - tempString += driver.findElement(org.openqa.selenium.By.xpath("//*[@id="add-row"]/div/table/tbody/tr[" + i + "]/td[2]")).getText(): null

2018-05-07 20:21:41 - [TEST_STEP][PASSED] - Statement - tempString += driver.findElement(org.openqa.selenium.By.xpath("//*[@id="add-row"]/div/table/tbody/tr[" + i + "]/td[3]")).getText(): null

2018-05-07 20:21:41 - [TEST_STEP][PASSED] - Statement - oldTransactionList.add(tempString): null

2018-05-07 20:21:41 - [TEST_STEP][PASSED] - Statement - println(tempString): null

2018-05-07 20:21:41 - [TEST_STEP][PASSED] - Statement - tempString = "": null

2018-05-07 20:21:41 - [TEST_STEP][PASSED] - Statement - tempString += driver.findElement(org.openqa.selenium.By.xpath("//*[@id="add-row"]/div/table/tbody/tr[" + i + "]/td[1]")).getText(): null

2018-05-07 20:21:41 - [TEST_STEP][PASSED] - Statement - tempString += driver.findElement(org.openqa.selenium.By.xpath("//*[@id="add-row"]/div/table/tbody/tr[" + i + "]/td[2]")).getText(): null

2018-05-07 20:21:41 - [TEST_STEP][PASSED] - Statement - tempString += driver.findElement(org.openqa.selenium.By.xpath("//*[@id="add-row"]/div/table/tbody/tr[" + i + "]/td[3]")).getText(): null

2018-05-07 20:21:41 - [TEST_STEP][PASSED] - Statement - oldTransactionList.add(tempString): null

2018-05-07 20:21:41 - [TEST_STEP][PASSED] - Statement - println(tempString): null

2018-05-07 20:21:41 - [TEST_STEP][PASSED] - Statement - tempString = "": null

2018-05-07 20:21:41 - [TEST_STEP][PASSED] - Statement - tempString += driver.findElement(org.openqa.selenium.By.xpath("//*[@id="add-row"]/div/table/tbody/tr[" + i + "]/td[1]")).getText(): null

2018-05-07 20:21:42 - [TEST_STEP][PASSED] - Statement - tempString += driver.findElement(org.openqa.selenium.By.xpath("//*[@id="add-row"]/div/table/tbody/tr[" + i + "]/td[2]")).getText(): null

2018-05-07 20:21:42 - [TEST_STEP][PASSED] - Statement - tempString += driver.findElement(org.openqa.selenium.By.xpath("//*[@id="add-row"]/div/table/tbody/tr[" + i + "]/td[3]")).getText(): null

2018-05-07 20:21:42 - [TEST_STEP][PASSED] - Statement - oldTransactionList.add(tempString): null

2018-05-07 20:21:42 - [TEST_STEP][PASSED] - Statement - println(tempString): null

2018-05-07 20:21:42 - [TEST_STEP][PASSED] - Statement - tempString = "": null

2018-05-07 20:21:42 - [TEST_STEP][PASSED] - Statement - tempString += driver.findElement(org.openqa.selenium.By.xpath("//*[@id="add-row"]/div/table/tbody/tr[" + i + "]/td[1]")).getText(): null

2018-05-07 20:21:42 - [TEST_STEP][PASSED] - Statement - tempString += driver.findElement(org.openqa.selenium.By.xpath("//*[@id="add-row"]/div/table/tbody/tr[" + i + "]/td[2]")).getText(): null

2018-05-07 20:21:42 - [TEST_STEP][PASSED] - Statement - tempString += driver.findElement(org.openqa.selenium.By.xpath("//*[@id="add-row"]/div/table/tbody/tr[" + i + "]/td[3]")).getText(): null

2018-05-07 20:21:42 - [TEST_STEP][PASSED] - Statement - oldTransactionList.add(tempString): null

2018-05-07 20:21:42 - [TEST_STEP][PASSED] - Statement - println(tempString): null

2018-05-07 20:21:42 - [TEST_STEP][PASSED] - Statement - tempString = "": null

2018-05-07 20:21:42 - [TEST_STEP][PASSED] - Statement - tempString += driver.findElement(org.openqa.selenium.By.xpath("//*[@id="add-row"]/div/table/tbody/tr[" + i + "]/td[1]")).getText(): null

2018-05-07 20:21:43 - [TEST_STEP][PASSED] - Statement - tempString += driver.findElement(org.openqa.selenium.By.xpath("//*[@id="add-row"]/div/table/tbody/tr[" + i + "]/td[2]")).getText(): null

2018-05-07 20:21:43 - [TEST_STEP][PASSED] - Statement - tempString += driver.findElement(org.openqa.selenium.By.xpath("//*[@id="add-row"]/div/table/tbody/tr[" + i + "]/td[3]")).getText(): null

2018-05-07 20:21:43 - [TEST_STEP][PASSED] - Statement - oldTransactionList.add(tempString): null

2018-05-07 20:21:43 - [TEST_STEP][PASSED] - Statement - println(tempString): null

2018-05-07 20:21:43 - [TEST_STEP][PASSED] - click: Object: 'Object Repository/Admin/button_Logout' is clicked on

2018-05-07 20:21:43 - [MESSAGE][PASSED] - Object: 'Object Repository/Admin/button_Logout' is clicked on

2018-05-07 20:21:43 - [TEST_STEP][PASSED] - delay: Delayed 5 second(s)

2018-05-07 20:21:48 - [MESSAGE][PASSED] - Delayed 5 second(s)

2018-05-07 20:21:48 - [TEST_STEP][PASSED] - setText: Text 'user' is set on object 'Object Repository/Admin/input_username'

2018-05-07 20:21:49 - [MESSAGE][PASSED] - Text 'user' is set on object 'Object Repository/Admin/input_username'

2018-05-07 20:21:49 - [TEST_STEP][PASSED] - setText: Text 'user' is set on object 'Object Repository/Admin/input_password'

2018-05-07 20:21:49 - [MESSAGE][PASSED] - Text 'user' is set on object 'Object Repository/Admin/input_password'

2018-05-07 20:21:49 - [TEST_STEP][PASSED] - click: Object: 'Object Repository/Admin/button_Login' is clicked on

2018-05-07 20:21:49 - [MESSAGE][PASSED] - Object: 'Object Repository/Admin/button_Login' is clicked on

2018-05-07 20:21:49 - [TEST_STEP][PASSED] - click: Object: 'Object Repository/Admin/add to cart1' is clicked on

2018-05-07 20:21:50 - [MESSAGE][PASSED] - Object: 'Object Repository/Admin/add to cart1' is clicked on

2018-05-07 20:21:50 - [TEST_STEP][PASSED] - click: Object: 'Object Repository/Admin/add to cart2' is clicked on

2018-05-07 20:21:50 - [MESSAGE][PASSED] - Object: 'Object Repository/Admin/add to cart2' is clicked on

2018-05-07 20:21:50 - [TEST_STEP][PASSED] - click: Object: 'Object Repository/Admin/add to cart3' is clicked on

2018-05-07 20:21:50 - [MESSAGE][PASSED] - Object: 'Object Repository/Admin/add to cart3' is clicked on

2018-05-07 20:21:50 - [TEST_STEP][PASSED] - click: Object: 'Object Repository/Admin/add to cart4' is clicked on

2018-05-07 20:21:51 - [MESSAGE][PASSED] - Object: 'Object Repository/Admin/add to cart4' is clicked on

2018-05-07 20:21:51 - [TEST_STEP][PASSED] - click: Object: 'Object Repository/Admin/add to cart5' is clicked on

2018-05-07 20:21:51 - [MESSAGE][PASSED] - Object: 'Object Repository/Admin/add to cart5' is clicked on

2018-05-07 20:21:51 - [TEST_STEP][FAILED] - click: Unable to click on object 'Object Repository/Admin/cart' (Root cause: com.kms.katalon.core.webui.exception.WebElementNotFoundException: Web element with id: 'Object Repository/Admin/cart' located by 'By.xpath: //span[(text() = '1' or . = '1')]' not found)

2018-05-07 20:22:22 - [MESSAGE][FAILED] - Unable to click on object 'Object Repository/Admin/cart' (Root cause: com.kms.katalon.core.webui.exception.WebElementNotFoundException: Web element with id: 'Object Repository/Admin/cart' located by 'By.xpath: //span[(text() = '1' or . = '1')]' not found)
[[ATTACHMENT|C:\\Users\\Andrew_Dpp\\git\\234project-katalon\\Reports\\Test Suite for Admin Test Case 1\\20180507_201901\\1525699342387.png]]]]></system-out>
         <system-err><![CDATA[2018-05-07 20:20:47 - [TEST_CASE][FAILED] - Test Cases/Admin Test Case 1: Test Cases/Admin Test Case 1 FAILED because (of) Unable to click on object 'Object Repository/Admin/cart' (Root cause: com.kms.katalon.core.webui.exception.WebElementNotFoundException: Web element with id: 'Object Repository/Admin/cart' located by 'By.xpath: //span[(text() = '1' or . = '1')]' not found)]]></system-err>
      </testcase>
      <system-out><![CDATA[2018-05-07 20:19:05 - [TEST_SUITE][FAILED] - Test Suite for Admin Test Case 1: Test Cases/Admin Test Case 1 FAILED because (of) Unable to click on object 'Object Repository/Admin/cart' (Root cause: com.kms.katalon.core.webui.exception.WebElementNotFoundException: Web element with id: 'Object Repository/Admin/cart' located by 'By.xpath: //span[(text() = '1' or . = '1')]' not found)]]></system-out>
      <system-err><![CDATA[2018-05-07 20:19:05 - [TEST_SUITE][FAILED] - Test Suite for Admin Test Case 1: Test Cases/Admin Test Case 1 FAILED because (of) Unable to click on object 'Object Repository/Admin/cart' (Root cause: com.kms.katalon.core.webui.exception.WebElementNotFoundException: Web element with id: 'Object Repository/Admin/cart' located by 'By.xpath: //span[(text() = '1' or . = '1')]' not found)]]></system-err>
   </testsuite>
</testsuites>
